#
# A fatal error has been detected by the Java Runtime Environment:
#
#  EXCEPTION_ACCESS_VIOLATION (0xc0000005) at pc=0x0000000000000007, pid=940, tid=0x0000000000001dc4
#
# JRE version: Java(TM) SE Runtime Environment (8.0_241-b07) (build 1.8.0_241-b07)
# Java VM: Java HotSpot(TM) 64-Bit Server VM (25.241-b07 mixed mode windows-amd64 compressed oops)
# Problematic frame:
# C  0x0000000000000007
#
# Failed to write core dump. Minidumps are not enabled by default on client versions of Windows
#
# If you would like to submit a bug report, please visit:
#   http://bugreport.java.com/bugreport/crash.jsp
#

---------------  T H R E A D  ---------------

Current thread (0x0000000015410800):  JavaThread "C2 CompilerThread1" daemon [_thread_in_native, id=7620, stack(0x0000000016b80000,0x0000000016c80000)]

siginfo: ExceptionCode=0xc0000005, ExceptionInformation=0x0000000000000008 0x0000000000000007

Registers:
RAX=0x000000001b1ff1e0, RBX=0x00000000605bf836, RCX=0x000000001b1ff200, RDX=0x000000001b1ff200
RSP=0x0000000016c7c368, RBP=0x0000000000000020, RSI=0x0000000000000008, RDI=0x000000001540bfe0
R8 =0x0000000000000009, R9 =0xffffffffffffe901, R10=0x0000000016c7c630, R11=0x000000001b1ffec0
R12=0x000000001b1fec80, R13=0x0000000000000007, R14=0x000000001c692fe0, R15=0x0000000016c7c468
RIP=0x0000000000000007, EFLAGS=0x0000000000010202

Top of Stack: (sp=0x0000000016c7c368)
0x0000000016c7c368:   00000000605bf836 0000000000000020
0x0000000016c7c378:   0000000000000008 000000001c40fae0
0x0000000016c7c388:   0000000000004ba8 000000001b1f8f00
0x0000000016c7c398:   0000000000000008 000000001c435650
0x0000000016c7c3a8:   0000000000000078 0000000000000007
0x0000000016c7c3b8:   0000000000000000 000000001c692fe0
0x0000000016c7c3c8:   000000006024dcfb 0000000000000000
0x0000000016c7c3d8:   00000000000000ed 0000000016c7e9e0
0x0000000016c7c3e8:   0000000000000000 0000000016c7e9e0
0x0000000016c7c3f8:   000000001c902f10 000000001540bfe0
0x0000000016c7c408:   0000000016c7c498 0000000000000008
0x0000000016c7c418:   00000000605bfdda 0000000016c7c630
0x0000000016c7c428:   0000000016c7c5a0 0000000016c7c468
0x0000000016c7c438:   0000000000000008 000000001540bfe0
0x0000000016c7c448:   000000001c908c20 000000001540bfe0
0x0000000016c7c458:   0000000060663869 0000000000001000 

Instructions: (pc=0x0000000000000007)
0xffffffffffffffe7:   


Register to memory mapping:

RAX=0x000000001b1ff1e0 is an unknown value
RBX=0x00000000605bf836 is an unknown value
RCX=0x000000001b1ff200 is an unknown value
RDX=0x000000001b1ff200 is an unknown value
RSP=0x0000000016c7c368 is pointing into the stack for thread: 0x0000000015410800
RBP=0x0000000000000020 is an unknown value
RSI=0x0000000000000008 is an unknown value
RDI=0x000000001540bfe0 is an unknown value
R8 =0x0000000000000009 is an unknown value
R9 =0xffffffffffffe901 is an unknown value
R10=0x0000000016c7c630 is pointing into the stack for thread: 0x0000000015410800
R11=0x000000001b1ffec0 is an unknown value
R12=0x000000001b1fec80 is an unknown value
R13=0x0000000000000007 is an unknown value
R14=0x000000001c692fe0 is an unknown value
R15=0x0000000016c7c468 is pointing into the stack for thread: 0x0000000015410800


Stack: [0x0000000016b80000,0x0000000016c80000],  sp=0x0000000016c7c368,  free space=1008k
Native frames: (J=compiled Java code, j=interpreted, Vv=VM code, C=native code)
C  0x0000000000000007


Current CompileTask:
C2:   8248 3135   !   4       java.util.jar.Attributes::read (380 bytes)


---------------  P R O C E S S  ---------------

Java Threads: ( => current thread )
  0x0000000016fe8000 JavaThread "Worker-3" [_thread_blocked, id=8920, stack(0x000000001d3d0000,0x000000001d4d0000)]
  0x0000000016fec800 JavaThread "Worker-2" [_thread_blocked, id=5988, stack(0x000000001cc70000,0x000000001cd70000)]
  0x000000001afe3000 JavaThread "pool-1-thread-1" [_thread_blocked, id=9056, stack(0x000000001b950000,0x000000001ba50000)]
  0x0000000017b8d000 JavaThread "Java indexing" daemon [_thread_blocked, id=2660, stack(0x000000001a080000,0x000000001a180000)]
  0x0000000018579000 JavaThread "Worker-1: Repository registry initialization" [_thread_in_Java, id=1808, stack(0x0000000019b80000,0x0000000019c80000)]
  0x0000000018560800 JavaThread "Worker-0: Updating Maven Dependencies" [_thread_blocked, id=4984, stack(0x0000000019a80000,0x0000000019b80000)]
  0x0000000018506800 JavaThread "Worker-JM" [_thread_blocked, id=8384, stack(0x0000000018320000,0x0000000018420000)]
  0x00000000177c6000 JavaThread "Start Level: Equinox Container: a62eaad5-7232-46a9-9a77-4a0175fce575" daemon [_thread_blocked, id=688, stack(0x0000000018200000,0x0000000018300000)]
  0x00000000177c5800 JavaThread "Framework Event Dispatcher: Equinox Container: a62eaad5-7232-46a9-9a77-4a0175fce575" daemon [_thread_blocked, id=684, stack(0x0000000018100000,0x0000000018200000)]
  0x0000000017714800 JavaThread "Active Thread: Equinox Container: a62eaad5-7232-46a9-9a77-4a0175fce575" [_thread_blocked, id=3840, stack(0x0000000018000000,0x0000000018100000)]
  0x0000000016da9000 JavaThread "Service Thread" daemon [_thread_blocked, id=3216, stack(0x0000000017180000,0x0000000017280000)]
  0x0000000015451800 JavaThread "C1 CompilerThread2" daemon [_thread_blocked, id=7068, stack(0x0000000016c80000,0x0000000016d80000)]
=>0x0000000015410800 JavaThread "C2 CompilerThread1" daemon [_thread_in_native, id=7620, stack(0x0000000016b80000,0x0000000016c80000)]
  0x0000000015408800 JavaThread "C2 CompilerThread0" daemon [_thread_in_native, id=7876, stack(0x0000000016a80000,0x0000000016b80000)]
  0x0000000015407800 JavaThread "Attach Listener" daemon [_thread_blocked, id=3408, stack(0x0000000016980000,0x0000000016a80000)]
  0x0000000002d0e000 JavaThread "Signal Dispatcher" daemon [_thread_blocked, id=768, stack(0x0000000016880000,0x0000000016980000)]
  0x0000000002d05800 JavaThread "Finalizer" daemon [_thread_blocked, id=6720, stack(0x0000000016680000,0x0000000016780000)]
  0x00000000153e9800 JavaThread "Reference Handler" daemon [_thread_blocked, id=1684, stack(0x0000000016580000,0x0000000016680000)]
  0x0000000002c12800 JavaThread "main" [_thread_blocked, id=2928, stack(0x0000000002af0000,0x0000000002bf0000)]

Other Threads:
  0x00000000153c7800 VMThread [stack: 0x0000000016480000,0x0000000016580000] [id=6100]
  0x000000001545d800 WatcherThread [stack: 0x0000000017280000,0x0000000017380000] [id=8536]

VM state:not at safepoint (normal execution)

VM Mutex/Monitor currently owned by a thread:  ([mutex/lock_event])
[0x0000000002c0dc30] StringTable_lock - owner thread: 0x0000000000000000

heap address: 0x00000000c0000000, size: 1024 MB, Compressed Oops mode: 32-bit
Narrow klass base: 0x0000000000000000, Narrow klass shift: 3
Compressed class space size: 1073741824 Address: 0x0000000100000000

Heap:
 PSYoungGen      total 29696K, used 9157K [0x00000000eab00000, 0x00000000edc80000, 0x0000000100000000)
  eden space 24064K, 14% used [0x00000000eab00000,0x00000000eae76120,0x00000000ec280000)
  from space 5632K, 99% used [0x00000000ec300000,0x00000000ec87b610,0x00000000ec880000)
  to   space 13312K, 0% used [0x00000000ecf80000,0x00000000ecf80000,0x00000000edc80000)
 ParOldGen       total 68608K, used 17404K [0x00000000c0000000, 0x00000000c4300000, 0x00000000eab00000)
  object space 68608K, 25% used [0x00000000c0000000,0x00000000c10ff088,0x00000000c4300000)
 Metaspace       used 31463K, capacity 33352K, committed 33536K, reserved 1079296K
  class space    used 3475K, capacity 4067K, committed 4096K, reserved 1048576K

Card table byte_map: [0x00000000120d0000,0x00000000122e0000] byte_map_base: 0x0000000011ad0000

Marking Bits: (ParMarkBitMap*) 0x000000006098be30
 Begin Bits: [0x0000000012840000, 0x0000000013840000)
 End Bits:   [0x0000000013840000, 0x0000000014840000)

Polling page: 0x0000000000bf0000

CodeCache: size=245760Kb used=10580Kb max_used=10640Kb free=235179Kb
 bounds [0x0000000002d10000, 0x00000000037b0000, 0x0000000011d10000]
 total_blobs=3550 nmethods=3070 adapters=389
 compilation: enabled

Compilation events (10 events):
Event: 8.150 Thread 0x0000000015451800 3157       3       org.eclipse.sisu.plexus.ConfigurationImpl::<init> (33 bytes)
Event: 8.151 Thread 0x0000000015451800 nmethod 3157 0x0000000002ef45d0 code [0x0000000002ef4740, 0x0000000002ef4a28]
Event: 8.151 Thread 0x0000000015451800 3158       3       org.eclipse.sisu.plexus.PlexusXmlScanner::parseConfiguration (158 bytes)
Event: 8.154 Thread 0x0000000015451800 nmethod 3158 0x000000000376f350 code [0x000000000376f740, 0x00000000037719a8]
Event: 8.165 Thread 0x0000000015451800 3160       3       java.util.jar.Manifest$FastInputStream::fill (38 bytes)
Event: 8.165 Thread 0x0000000015451800 nmethod 3160 0x0000000002e23210 code [0x0000000002e23380, 0x0000000002e23608]
Event: 8.169 Thread 0x0000000015451800 3161       3       java.util.stream.StreamOpFlag::combineOpFlags (9 bytes)
Event: 8.170 Thread 0x0000000015451800 nmethod 3161 0x0000000002e28650 code [0x0000000002e287c0, 0x0000000002e289d0]
Event: 8.217 Thread 0x0000000015451800 3162       3       java.lang.invoke.MethodHandleNatives::refKindIsField (32 bytes)
Event: 8.217 Thread 0x0000000015451800 nmethod 3162 0x0000000002f34bd0 code [0x0000000002f34d20, 0x0000000002f34ed0]

GC Heap History (10 events):
Event: 4.039 GC heap before
{Heap before GC invocations=4 (full 1):
 PSYoungGen      total 29696K, used 4080K [0x00000000eab00000, 0x00000000ecc00000, 0x0000000100000000)
  eden space 25600K, 0% used [0x00000000eab00000,0x00000000eab00000,0x00000000ec400000)
  from space 4096K, 99% used [0x00000000ec400000,0x00000000ec7fc010,0x00000000ec800000)
  to   space 4096K, 0% used [0x00000000ec800000,0x00000000ec800000,0x00000000ecc00000)
 ParOldGen       total 68608K, used 12215K [0x00000000c0000000, 0x00000000c4300000, 0x00000000eab00000)
  object space 68608K, 17% used [0x00000000c0000000,0x00000000c0bede70,0x00000000c4300000)
 Metaspace       used 20032K, capacity 21090K, committed 21296K, reserved 1069056K
  class space    used 2056K, capacity 2405K, committed 2432K, reserved 1048576K
Event: 4.103 GC heap after
Heap after GC invocations=4 (full 1):
 PSYoungGen      total 29696K, used 0K [0x00000000eab00000, 0x00000000ecc00000, 0x0000000100000000)
  eden space 25600K, 0% used [0x00000000eab00000,0x00000000eab00000,0x00000000ec400000)
  from space 4096K, 0% used [0x00000000ec400000,0x00000000ec400000,0x00000000ec800000)
  to   space 4096K, 0% used [0x00000000ec800000,0x00000000ec800000,0x00000000ecc00000)
 ParOldGen       total 68608K, used 9752K [0x00000000c0000000, 0x00000000c4300000, 0x00000000eab00000)
  object space 68608K, 14% used [0x00000000c0000000,0x00000000c0986130,0x00000000c4300000)
 Metaspace       used 20032K, capacity 21090K, committed 21296K, reserved 1069056K
  class space    used 2056K, capacity 2405K, committed 2432K, reserved 1048576K
}
Event: 4.936 GC heap before
{Heap before GC invocations=5 (full 1):
 PSYoungGen      total 29696K, used 25600K [0x00000000eab00000, 0x00000000ecc00000, 0x0000000100000000)
  eden space 25600K, 100% used [0x00000000eab00000,0x00000000ec400000,0x00000000ec400000)
  from space 4096K, 0% used [0x00000000ec400000,0x00000000ec400000,0x00000000ec800000)
  to   space 4096K, 0% used [0x00000000ec800000,0x00000000ec800000,0x00000000ecc00000)
 ParOldGen       total 68608K, used 9752K [0x00000000c0000000, 0x00000000c4300000, 0x00000000eab00000)
  object space 68608K, 14% used [0x00000000c0000000,0x00000000c0986130,0x00000000c4300000)
 Metaspace       used 22919K, capacity 24026K, committed 24320K, reserved 1071104K
  class space    used 2450K, capacity 2805K, committed 2816K, reserved 1048576K
Event: 4.945 GC heap after
Heap after GC invocations=5 (full 1):
 PSYoungGen      total 29696K, used 4084K [0x00000000eab00000, 0x00000000ecc00000, 0x0000000100000000)
  eden space 25600K, 0% used [0x00000000eab00000,0x00000000eab00000,0x00000000ec400000)
  from space 4096K, 99% used [0x00000000ec800000,0x00000000ecbfd348,0x00000000ecc00000)
  to   space 4096K, 0% used [0x00000000ec400000,0x00000000ec400000,0x00000000ec800000)
 ParOldGen       total 68608K, used 9961K [0x00000000c0000000, 0x00000000c4300000, 0x00000000eab00000)
  object space 68608K, 14% used [0x00000000c0000000,0x00000000c09ba5e0,0x00000000c4300000)
 Metaspace       used 22919K, capacity 24026K, committed 24320K, reserved 1071104K
  class space    used 2450K, capacity 2805K, committed 2816K, reserved 1048576K
}
Event: 5.619 GC heap before
{Heap before GC invocations=6 (full 1):
 PSYoungGen      total 29696K, used 29684K [0x00000000eab00000, 0x00000000ecc00000, 0x0000000100000000)
  eden space 25600K, 100% used [0x00000000eab00000,0x00000000ec400000,0x00000000ec400000)
  from space 4096K, 99% used [0x00000000ec800000,0x00000000ecbfd348,0x00000000ecc00000)
  to   space 4096K, 0% used [0x00000000ec400000,0x00000000ec400000,0x00000000ec800000)
 ParOldGen       total 68608K, used 9961K [0x00000000c0000000, 0x00000000c4300000, 0x00000000eab00000)
  object space 68608K, 14% used [0x00000000c0000000,0x00000000c09ba5e0,0x00000000c4300000)
 Metaspace       used 25341K, capacity 26620K, committed 26752K, reserved 1073152K
  class space    used 2782K, capacity 3177K, committed 3200K, reserved 1048576K
Event: 5.628 GC heap after
Heap after GC invocations=6 (full 1):
 PSYoungGen      total 29184K, used 4077K [0x00000000eab00000, 0x00000000ecd80000, 0x0000000100000000)
  eden space 25088K, 0% used [0x00000000eab00000,0x00000000eab00000,0x00000000ec380000)
  from space 4096K, 99% used [0x00000000ec400000,0x00000000ec7fb4a8,0x00000000ec800000)
  to   space 5120K, 0% used [0x00000000ec880000,0x00000000ec880000,0x00000000ecd80000)
 ParOldGen       total 68608K, used 10696K [0x00000000c0000000, 0x00000000c4300000, 0x00000000eab00000)
  object space 68608K, 15% used [0x00000000c0000000,0x00000000c0a722d8,0x00000000c4300000)
 Metaspace       used 25341K, capacity 26620K, committed 26752K, reserved 1073152K
  class space    used 2782K, capacity 3177K, committed 3200K, reserved 1048576K
}
Event: 6.686 GC heap before
{Heap before GC invocations=7 (full 1):
 PSYoungGen      total 29184K, used 29165K [0x00000000eab00000, 0x00000000ecd80000, 0x0000000100000000)
  eden space 25088K, 100% used [0x00000000eab00000,0x00000000ec380000,0x00000000ec380000)
  from space 4096K, 99% used [0x00000000ec400000,0x00000000ec7fb4a8,0x00000000ec800000)
  to   space 5120K, 0% used [0x00000000ec880000,0x00000000ec880000,0x00000000ecd80000)
 ParOldGen       total 68608K, used 10696K [0x00000000c0000000, 0x00000000c4300000, 0x00000000eab00000)
  object space 68608K, 15% used [0x00000000c0000000,0x00000000c0a722d8,0x00000000c4300000)
 Metaspace       used 26686K, capacity 28134K, committed 28416K, reserved 1075200K
  class space    used 2933K, capacity 3460K, committed 3584K, reserved 1048576K
Event: 6.702 GC heap after
Heap after GC invocations=7 (full 1):
 PSYoungGen      total 29696K, used 5107K [0x00000000eab00000, 0x00000000ece00000, 0x0000000100000000)
  eden space 24576K, 0% used [0x00000000eab00000,0x00000000eab00000,0x00000000ec300000)
  from space 5120K, 99% used [0x00000000ec880000,0x00000000ecd7ce48,0x00000000ecd80000)
  to   space 5632K, 0% used [0x00000000ec300000,0x00000000ec300000,0x00000000ec880000)
 ParOldGen       total 68608K, used 10913K [0x00000000c0000000, 0x00000000c4300000, 0x00000000eab00000)
  object space 68608K, 15% used [0x00000000c0000000,0x00000000c0aa87b8,0x00000000c4300000)
 Metaspace       used 26686K, capacity 28134K, committed 28416K, reserved 1075200K
  class space    used 2933K, capacity 3460K, committed 3584K, reserved 1048576K
}
Event: 8.189 GC heap before
{Heap before GC invocations=8 (full 1):
 PSYoungGen      total 29696K, used 29683K [0x00000000eab00000, 0x00000000ece00000, 0x0000000100000000)
  eden space 24576K, 100% used [0x00000000eab00000,0x00000000ec300000,0x00000000ec300000)
  from space 5120K, 99% used [0x00000000ec880000,0x00000000ecd7ce48,0x00000000ecd80000)
  to   space 5632K, 0% used [0x00000000ec300000,0x00000000ec300000,0x00000000ec880000)
 ParOldGen       total 68608K, used 10913K [0x00000000c0000000, 0x00000000c4300000, 0x00000000eab00000)
  object space 68608K, 15% used [0x00000000c0000000,0x00000000c0aa87b8,0x00000000c4300000)
 Metaspace       used 31443K, capacity 33328K, committed 33536K, reserved 1079296K
  class space    used 3470K, capacity 4059K, committed 4096K, reserved 1048576K
Event: 8.213 GC heap after
Heap after GC invocations=8 (full 1):
 PSYoungGen      total 29696K, used 5613K [0x00000000eab00000, 0x00000000edc80000, 0x0000000100000000)
  eden space 24064K, 0% used [0x00000000eab00000,0x00000000eab00000,0x00000000ec280000)
  from space 5632K, 99% used [0x00000000ec300000,0x00000000ec87b610,0x00000000ec880000)
  to   space 13312K, 0% used [0x00000000ecf80000,0x00000000ecf80000,0x00000000edc80000)
 ParOldGen       total 68608K, used 17404K [0x00000000c0000000, 0x00000000c4300000, 0x00000000eab00000)
  object space 68608K, 25% used [0x00000000c0000000,0x00000000c10ff088,0x00000000c4300000)
 Metaspace       used 31443K, capacity 33328K, committed 33536K, reserved 1079296K
  class space    used 3470K, capacity 4059K, committed 4096K, reserved 1048576K
}

Deoptimization events (10 events):
Event: 8.022 Thread 0x000000001afe3000 Uncommon trap: reason=bimorphic action=maybe_recompile pc=0x00000000031f9fec method=java.lang.ThreadLocal.get()Ljava/lang/Object; @ 6
Event: 8.022 Thread 0x0000000018560800 Uncommon trap: reason=unstable_if action=reinterpret pc=0x000000000301aec4 method=java.lang.ThreadLocal$ThreadLocalMap.getEntry(Ljava/lang/ThreadLocal;)Ljava/lang/ThreadLocal$ThreadLocalMap$Entry; @ 29
Event: 8.022 Thread 0x000000001afe3000 Uncommon trap: reason=unstable_if action=reinterpret pc=0x000000000301aec4 method=java.lang.ThreadLocal$ThreadLocalMap.getEntry(Ljava/lang/ThreadLocal;)Ljava/lang/ThreadLocal$ThreadLocalMap$Entry; @ 29
Event: 8.025 Thread 0x0000000018560800 Uncommon trap: reason=null_assert action=make_not_entrant pc=0x0000000003738da4 method=java.util.concurrent.locks.ReentrantReadWriteLock$Sync.tryAcquireShared(I)I @ 129
Event: 8.025 Thread 0x0000000018560800 Uncommon trap: reason=null_assert action=make_not_entrant pc=0x000000000370d0f0 method=java.util.concurrent.locks.ReentrantReadWriteLock$Sync.tryAcquireShared(I)I @ 101
Event: 8.030 Thread 0x0000000018560800 Uncommon trap: reason=class_check action=maybe_recompile pc=0x0000000003593c60 method=java.lang.reflect.Field.getAnnotation(Ljava/lang/Class;)Ljava/lang/annotation/Annotation; @ 19
Event: 8.030 Thread 0x0000000018560800 Uncommon trap: reason=class_check action=maybe_recompile pc=0x0000000003593c60 method=java.lang.reflect.Field.getAnnotation(Ljava/lang/Class;)Ljava/lang/annotation/Annotation; @ 19
Event: 8.030 Thread 0x0000000018560800 Uncommon trap: reason=class_check action=maybe_recompile pc=0x0000000003593c60 method=java.lang.reflect.Field.getAnnotation(Ljava/lang/Class;)Ljava/lang/annotation/Annotation; @ 19
Event: 8.072 Thread 0x000000001afe3000 Uncommon trap: reason=null_assert action=make_not_entrant pc=0x000000000370d100 method=java.util.concurrent.locks.ReentrantReadWriteLock$Sync.tryAcquireShared(I)I @ 129
Event: 8.132 Thread 0x0000000018579000 Uncommon trap: reason=unstable_if action=reinterpret pc=0x000000000338dbd8 method=org.codehaus.plexus.util.xml.pull.MXParser.nextImpl()I @ 269

Classes redefined (0 events):
No events

Internal exceptions (10 events):
Event: 3.676 Thread 0x00000000177c6000 Exception <a 'java/lang/NoClassDefFoundError': org/slf4j/impl/StaticLoggerBinder> (0x00000000eb150850) thrown at [C:\ade\jenkins\workspace\8-2-build-windows-amd64-cygwin\jdk8u241\331\hotspot\src\share\vm\classfile\systemDictionary.cpp, line 199]
Event: 4.161 Thread 0x00000000177c6000 Exception <a 'java/lang/ArrayIndexOutOfBoundsException'> (0x00000000eac71288) thrown at [C:\ade\jenkins\workspace\8-2-build-windows-amd64-cygwin\jdk8u241\331\hotspot\src\share\vm\runtime\sharedRuntime.cpp, line 605]
Event: 4.166 Thread 0x00000000177c6000 Exception <a 'java/lang/ArrayIndexOutOfBoundsException'> (0x00000000eaca06c0) thrown at [C:\ade\jenkins\workspace\8-2-build-windows-amd64-cygwin\jdk8u241\331\hotspot\src\share\vm\runtime\sharedRuntime.cpp, line 605]
Event: 4.177 Thread 0x00000000177c6000 Exception <a 'java/lang/ArrayIndexOutOfBoundsException'> (0x00000000eacee4a8) thrown at [C:\ade\jenkins\workspace\8-2-build-windows-amd64-cygwin\jdk8u241\331\hotspot\src\share\vm\runtime\sharedRuntime.cpp, line 605]
Event: 4.442 Thread 0x00000000177c6000 Exception <a 'java/lang/ArrayIndexOutOfBoundsException'> (0x00000000eb577cc8) thrown at [C:\ade\jenkins\workspace\8-2-build-windows-amd64-cygwin\jdk8u241\331\hotspot\src\share\vm\runtime\sharedRuntime.cpp, line 605]
Event: 4.443 Thread 0x00000000177c6000 Exception <a 'java/lang/ArrayIndexOutOfBoundsException'> (0x00000000eb579a40) thrown at [C:\ade\jenkins\workspace\8-2-build-windows-amd64-cygwin\jdk8u241\331\hotspot\src\share\vm\runtime\sharedRuntime.cpp, line 605]
Event: 4.539 Thread 0x00000000177c6000 Exception <a 'java/lang/ArrayIndexOutOfBoundsException': 66> (0x00000000eb7722d8) thrown at [C:\ade\jenkins\workspace\8-2-build-windows-amd64-cygwin\jdk8u241\331\hotspot\src\share\vm\interpreter\interpreterRuntime.cpp, line 368]
Event: 6.376 Thread 0x00000000177c6000 Exception <a 'java/lang/NoClassDefFoundError': com/google/inject/servlet/ServletModuleTargetVisitor> (0x00000000ec118b50) thrown at [C:\ade\jenkins\workspace\8-2-build-windows-amd64-cygwin\jdk8u241\331\hotspot\src\share\vm\classfile\systemDictionary.cpp, 
Event: 6.377 Thread 0x00000000177c6000 Exception <a 'java/lang/NoClassDefFoundError': javax/annotation/Priority> (0x00000000ec11f508) thrown at [C:\ade\jenkins\workspace\8-2-build-windows-amd64-cygwin\jdk8u241\331\hotspot\src\share\vm\classfile\systemDictionary.cpp, line 199]
Event: 7.939 Thread 0x000000001afe3000 Exception <a 'java/io/FileNotFoundException'> (0x00000000ebbe0778) thrown at [C:\ade\jenkins\workspace\8-2-build-windows-amd64-cygwin\jdk8u241\331\hotspot\src\share\vm\prims\jni.cpp, line 710]

Events (10 events):
Event: 8.186 Executing VM operation: RevokeBias
Event: 8.186 Executing VM operation: RevokeBias done
Event: 8.186 Executing VM operation: RevokeBias
Event: 8.187 Executing VM operation: RevokeBias done
Event: 8.187 Executing VM operation: RevokeBias
Event: 8.187 Executing VM operation: RevokeBias done
Event: 8.187 Executing VM operation: RevokeBias
Event: 8.187 Executing VM operation: RevokeBias done
Event: 8.189 Executing VM operation: ParallelGCFailedAllocation
Event: 8.213 Executing VM operation: ParallelGCFailedAllocation done


Dynamic libraries:
0x00007ff775900000 - 0x00007ff775937000 	C:\Program Files\Java\jdk1.8.0_241\bin\java.exe
0x00007ffc1ace0000 - 0x00007ffc1aecd000 	C:\Windows\SYSTEM32\ntdll.dll
0x00007ffc194a0000 - 0x00007ffc19553000 	C:\Windows\System32\KERNEL32.DLL
0x00007ffc16ea0000 - 0x00007ffc17135000 	C:\Windows\System32\KERNELBASE.dll
0x00007ffc186b0000 - 0x00007ffc18753000 	C:\Windows\System32\ADVAPI32.dll
0x00007ffc1ab30000 - 0x00007ffc1abce000 	C:\Windows\System32\msvcrt.dll
0x00007ffc18940000 - 0x00007ffc189de000 	C:\Windows\System32\sechost.dll
0x00007ffc17f00000 - 0x00007ffc18022000 	C:\Windows\System32\RPCRT4.dll
0x00007ffc189e0000 - 0x00007ffc18b77000 	C:\Windows\System32\USER32.dll
0x00007ffc17260000 - 0x00007ffc17280000 	C:\Windows\System32\win32u.dll
0x00007ffc193b0000 - 0x00007ffc193d9000 	C:\Windows\System32\GDI32.dll
0x00007ffc17560000 - 0x00007ffc176f9000 	C:\Windows\System32\gdi32full.dll
0x00007ffc17160000 - 0x00007ffc17200000 	C:\Windows\System32\msvcp_win.dll
0x00007ffc16da0000 - 0x00007ffc16e9a000 	C:\Windows\System32\ucrtbase.dll
0x00007ffc079f0000 - 0x00007ffc07c69000 	C:\Windows\WinSxS\amd64_microsoft.windows.common-controls_6595b64144ccf1df_6.0.17763.1158_none_de722d88534a897f\COMCTL32.dll
0x00007ffc18fa0000 - 0x00007ffc192cc000 	C:\Windows\System32\combase.dll
0x00007ffc17700000 - 0x00007ffc1777e000 	C:\Windows\System32\bcryptPrimitives.dll
0x00007ffc18be0000 - 0x00007ffc18c0e000 	C:\Windows\System32\IMM32.DLL
0x0000000060a10000 - 0x0000000060ae2000 	C:\Program Files\Java\jdk1.8.0_241\jre\bin\msvcr100.dll
0x0000000060160000 - 0x0000000060a0c000 	C:\Program Files\Java\jdk1.8.0_241\jre\bin\server\jvm.dll
0x00007ffc18570000 - 0x00007ffc18578000 	C:\Windows\System32\PSAPI.DLL
0x00007ffc131c0000 - 0x00007ffc131c9000 	C:\Windows\SYSTEM32\WSOCK32.dll
0x00007ffc18f30000 - 0x00007ffc18f9d000 	C:\Windows\System32\WS2_32.dll
0x00007ffc136e0000 - 0x00007ffc13704000 	C:\Windows\SYSTEM32\WINMM.dll
0x00007ffc07d70000 - 0x00007ffc07d7a000 	C:\Windows\SYSTEM32\VERSION.dll
0x00007ffc136b0000 - 0x00007ffc136dd000 	C:\Windows\SYSTEM32\WINMMBASE.dll
0x00007ffc17280000 - 0x00007ffc172ca000 	C:\Windows\System32\cfgmgr32.dll
0x00007ffc10da0000 - 0x00007ffc10daf000 	C:\Program Files\Java\jdk1.8.0_241\jre\bin\verify.dll
0x00007ffbedec0000 - 0x00007ffbedee9000 	C:\Program Files\Java\jdk1.8.0_241\jre\bin\java.dll
0x00007ffbedea0000 - 0x00007ffbedeb6000 	C:\Program Files\Java\jdk1.8.0_241\jre\bin\zip.dll
0x00007ffc19560000 - 0x00007ffc1aa54000 	C:\Windows\System32\SHELL32.dll
0x00007ffc1aa60000 - 0x00007ffc1ab08000 	C:\Windows\System32\shcore.dll
0x00007ffc177b0000 - 0x00007ffc17efd000 	C:\Windows\System32\windows.storage.dll
0x00007ffc16cf0000 - 0x00007ffc16d14000 	C:\Windows\System32\profapi.dll
0x00007ffc16d40000 - 0x00007ffc16d9d000 	C:\Windows\System32\powrprof.dll
0x00007ffc193e0000 - 0x00007ffc19432000 	C:\Windows\System32\shlwapi.dll
0x00007ffc16d20000 - 0x00007ffc16d31000 	C:\Windows\System32\kernel.appcore.dll
0x00007ffc17140000 - 0x00007ffc17157000 	C:\Windows\System32\cryptsp.dll
0x00007ffbede80000 - 0x00007ffbede9a000 	C:\Program Files\Java\jdk1.8.0_241\jre\bin\net.dll
0x00007ffc164e0000 - 0x00007ffc16547000 	C:\Windows\system32\mswsock.dll
0x00007ffbede60000 - 0x00007ffbede72000 	C:\Program Files\Java\jdk1.8.0_241\jre\bin\nio.dll
0x00007ffc16060000 - 0x00007ffc16093000 	C:\Windows\system32\rsaenh.dll
0x00007ffc17780000 - 0x00007ffc177a6000 	C:\Windows\System32\bcrypt.dll
0x00007ffc16c00000 - 0x00007ffc16c28000 	C:\Windows\SYSTEM32\USERENV.dll
0x00007ffc166b0000 - 0x00007ffc166bc000 	C:\Windows\SYSTEM32\CRYPTBASE.dll
0x00007ffc16200000 - 0x00007ffc1623d000 	C:\Windows\SYSTEM32\IPHLPAPI.DLL
0x00007ffc18030000 - 0x00007ffc18038000 	C:\Windows\System32\NSI.dll
0x00007ffc0c030000 - 0x00007ffc0c046000 	C:\Windows\SYSTEM32\dhcpcsvc6.DLL
0x00007ffc0c250000 - 0x00007ffc0c26c000 	C:\Windows\SYSTEM32\dhcpcsvc.DLL
0x00007ffc16240000 - 0x00007ffc16307000 	C:\Windows\SYSTEM32\DNSAPI.dll
0x00007ffbedd10000 - 0x00007ffbedd39000 	C:\Users\Dell\AppData\Roaming\Code\User\globalStorage\redhat.java\0.60.0\config_win\org.eclipse.equinox.launcher\org.eclipse.equinox.launcher.win32.win32.x86_64_1.1.1100.v20190907-0426\eclipse_1902.dll
0x00007ffc04680000 - 0x00007ffc0486d000 	C:\Windows\SYSTEM32\dbghelp.dll

VM Arguments:
jvm_args: -Declipse.application=org.eclipse.jdt.ls.core.id1 -Dosgi.bundles.defaultStartLevel=4 -Declipse.product=org.eclipse.jdt.ls.core.product -Dfile.encoding=utf8 -DwatchParentProcess=false -XX:+UseParallelGC -XX:GCTimeRatio=4 -XX:AdaptiveSizePolicyWeight=90 -Dsun.zip.disableMemoryMapping=true -Xmx1G -Xms100m -Xverify:none 
java_command: c:\Users\Dell\.vscode\extensions\redhat.java-0.60.0\server\plugins\org.eclipse.equinox.launcher_1.5.700.v20200207-2156.jar -configuration c:\Users\Dell\AppData\Roaming\Code\User\globalStorage\redhat.java\0.60.0\config_win -data c:\Users\Dell\AppData\Roaming\Code\User\workspaceStorage\8659f8914bef24fbc2b6a49945dd2e95\redhat.java\jdt_ws
java_class_path (initial): c:\Users\Dell\.vscode\extensions\redhat.java-0.60.0\server\plugins\org.eclipse.equinox.launcher_1.5.700.v20200207-2156.jar
Launcher Type: SUN_STANDARD

Environment Variables:
JAVA_HOME=C:\Program Files\Java\jdk1.8.0_241
CLASSPATH=C:\Program Files\Java\jre1.8.0_231\lib\ext\mysql-connector.jar
PATH=C:\Python27\;C:\Python27\Scripts;C:\Windows\system32;C:\Windows;C:\Windows\System32\Wbem;C:\Windows\System32\WindowsPowerShell\v1.0\;C:\Windows\System32\OpenSSH\;C:\ProgramData\chocolatey\bin;C:\Program Files\PuTTY\;C:\Program Files\Git\cmd;C:\Program Files (x86)\Yarn\bin\;C:\Program Files\nodejs\;C:\Ruby27-x64\bin;C:\Users\Dell\AppData\Local\Android\Sdk\platform-tools;C:\Program Files\MySQL\MySQL Shell 8.0\bin\;C:\Users\Dell\AppData\Local\Microsoft\WindowsApps;C:\Users\Dell\AppData\Local\Programs\Microsoft VS Code\bin;C:\Program Files\Java\jdk1.8.0_231\bin;C:\Program Files\Java\jdk1.8.0_241\bin;C:\Program Files\heroku\bin;C:\Users\Dell\AppData\Local\Yarn\bin;C:\Users\Dell\AppData\Roaming\npm
USERNAME=Dell
OS=Windows_NT
PROCESSOR_IDENTIFIER=Intel64 Family 6 Model 78 Stepping 3, GenuineIntel



---------------  S Y S T E M  ---------------

OS: Windows 10.0 , 64 bit Build 17763 (10.0.17763.1158)

CPU:total 4 (initial active 4) (2 cores per cpu, 2 threads per core) family 6 model 78 stepping 3, cmov, cx8, fxsr, mmx, sse, sse2, sse3, ssse3, sse4.1, sse4.2, popcnt, avx, avx2, aes, clmul, erms, rtm, 3dnowpref, lzcnt, ht, tsc, tscinvbit, bmi1, bmi2, adx

Memory: 4k page, physical 12275124k(8896960k free), swap 14175668k(10328464k free)

vm_info: Java HotSpot(TM) 64-Bit Server VM (25.241-b07) for windows-amd64 JRE (1.8.0_241-b07), built on Dec 11 2019 10:21:40 by "rejava" with MS VC++ 10.0 (VS2010)

time: Wed Apr 22 23:15:52 2020
timezone: Pakistan Standard Time
elapsed time: 8 seconds (0d 0h 0m 8s)

