#
# A fatal error has been detected by the Java Runtime Environment:
#
#  Internal Error (signature.cpp:350), pid=11532, tid=0x0000000000001a60
#  Error: ShouldNotReachHere()
#
# JRE version: Java(TM) SE Runtime Environment (8.0_241-b07) (build 1.8.0_241-b07)
# Java VM: Java HotSpot(TM) 64-Bit Server VM (25.241-b07 mixed mode windows-amd64 compressed oops)
# Failed to write core dump. Minidumps are not enabled by default on client versions of Windows
#
# If you would like to submit a bug report, please visit:
#   http://bugreport.java.com/bugreport/crash.jsp
#

---------------  T H R E A D  ---------------

Current thread (0x00000000179cc800):  JavaThread "Daemon worker" [_thread_in_vm, id=6752, stack(0x00000000192f0000,0x00000000193f0000)]

Stack: [0x00000000192f0000,0x00000000193f0000]
[error occurred during error reporting (printing stack bounds), id 0xc0000005]

Native frames: (J=compiled Java code, j=interpreted, Vv=VM code, C=native code)

Java frames: (J=compiled Java code, j=interpreted, Vv=VM code)
j  kotlin.reflect.jvm.internal.components.RuntimeModuleData$Companion.create(Ljava/lang/ClassLoader;)Lkotlin/reflect/jvm/internal/components/RuntimeModuleData;+267
j  kotlin.reflect.jvm.internal.ModuleByClassLoaderKt.getOrCreateModule(Ljava/lang/Class;)Lkotlin/reflect/jvm/internal/components/RuntimeModuleData;+88
j  kotlin.reflect.jvm.internal.KDeclarationContainerImpl$Data$moduleData$2.invoke()Lkotlin/reflect/jvm/internal/components/RuntimeModuleData;+10
j  kotlin.reflect.jvm.internal.KDeclarationContainerImpl$Data$moduleData$2.invoke()Ljava/lang/Object;+1
j  kotlin.reflect.jvm.internal.ReflectProperties$LazySoftVal.invoke()Ljava/lang/Object;+28
j  kotlin.reflect.jvm.internal.ReflectProperties$Val.getValue(Ljava/lang/Object;Ljava/lang/Object;)Ljava/lang/Object;+1
j  kotlin.reflect.jvm.internal.KDeclarationContainerImpl$Data.getModuleData()Lkotlin/reflect/jvm/internal/components/RuntimeModuleData;+10
j  kotlin.reflect.jvm.internal.KClassImpl$Data$descriptor$2.invoke()Lkotlin/reflect/jvm/internal/impl/descriptors/ClassDescriptor;+27
j  kotlin.reflect.jvm.internal.KClassImpl$Data$descriptor$2.invoke()Ljava/lang/Object;+1
j  kotlin.reflect.jvm.internal.ReflectProperties$LazySoftVal.invoke()Ljava/lang/Object;+28
j  kotlin.reflect.jvm.internal.ReflectProperties$Val.getValue(Ljava/lang/Object;Ljava/lang/Object;)Ljava/lang/Object;+1
j  kotlin.reflect.jvm.internal.KClassImpl$Data.getDescriptor()Lkotlin/reflect/jvm/internal/impl/descriptors/ClassDescriptor;+10
j  kotlin.reflect.jvm.internal.KClassImpl$Data$annotations$2.invoke()Ljava/util/List;+4
j  kotlin.reflect.jvm.internal.KClassImpl$Data$annotations$2.invoke()Ljava/lang/Object;+1
j  kotlin.reflect.jvm.internal.ReflectProperties$LazySoftVal.invoke()Ljava/lang/Object;+28
j  kotlin.reflect.jvm.internal.ReflectProperties$Val.getValue(Ljava/lang/Object;Ljava/lang/Object;)Ljava/lang/Object;+1
j  kotlin.reflect.jvm.internal.KClassImpl$Data.getAnnotations()Ljava/util/List;+10
j  kotlin.reflect.jvm.internal.KClassImpl.getAnnotations()Ljava/util/List;+10
j  com.android.build.gradle.tasks.TaskInjectionPointsCache$Companion$introspector$1.findID(Ljava/lang/reflect/AnnotatedElement;)Lcom/android/build/api/artifact/ArtifactType;+62
j  com.android.build.gradle.tasks.TaskInjectionPointsCache$Companion$introspector$1.load(Ljava/lang/Class;)Lcom/android/build/gradle/tasks/TaskInjectionPointsCache$InjectionPoints;+312
j  com.android.build.gradle.tasks.TaskInjectionPointsCache$Companion$introspector$1.load(Ljava/lang/Object;)Ljava/lang/Object;+5
j  com.google.common.cache.LocalCache$LoadingValueReference.loadFuture(Ljava/lang/Object;Lcom/google/common/cache/CacheLoader;)Lcom/google/common/util/concurrent/ListenableFuture;+24
j  com.google.common.cache.LocalCache$Segment.loadSync(Ljava/lang/Object;ILcom/google/common/cache/LocalCache$LoadingValueReference;Lcom/google/common/cache/CacheLoader;)Ljava/lang/Object;+4
j  com.google.common.cache.LocalCache$Segment.lockedGetOrLoad(Ljava/lang/Object;ILcom/google/common/cache/CacheLoader;)Ljava/lang/Object;+393
j  com.google.common.cache.LocalCache$Segment.get(Ljava/lang/Object;ILcom/google/common/cache/CacheLoader;)Ljava/lang/Object;+138
j  com.google.common.cache.LocalCache.get(Ljava/lang/Object;Lcom/google/common/cache/CacheLoader;)Ljava/lang/Object;+17
j  com.google.common.cache.LocalCache.getOrLoad(Ljava/lang/Object;)Ljava/lang/Object;+6
j  com.google.common.cache.LocalCache$LocalLoadingCache.get(Ljava/lang/Object;)Ljava/lang/Object;+5
j  com.android.build.gradle.tasks.TaskInjectionPointsCache$Companion.getInjectionPoints(Ljava/lang/Class;)Lcom/android/build/gradle/tasks/TaskInjectionPointsCache$InjectionPoints;+11
j  com.android.build.gradle.tasks.TaskArtifactsHolder.allocateArtifacts(Lcom/android/build/gradle/tasks/AnnotationProcessingTaskCreationAction;)V+13
j  com.android.build.gradle.tasks.AnnotationProcessingTaskCreationAction.preConfigure(Ljava/lang/String;)V+11
j  com.android.build.gradle.tasks.ProcessApplicationManifest$CreationAction.preConfigure(Ljava/lang/String;)V+2
j  com.android.build.gradle.internal.tasks.factory.TaskAction.doPreConfig(Ljava/lang/String;)V+12
j  com.android.build.gradle.internal.tasks.factory.TaskAction.postRegisterHook(Lorg/gradle/api/tasks/TaskProvider;)V+19
j  com.android.build.gradle.internal.tasks.factory.TaskFactoryUtils.registerTask(Lorg/gradle/api/tasks/TaskContainer;Lcom/android/build/gradle/internal/tasks/factory/TaskCreationAction;Lcom/android/build/gradle/internal/tasks/factory/PreConfigAction;Lcom/android/build/gradle/internal/tasks/factory/TaskConfigAction;Lcom/android/build/gradle/internal/tasks/factory/TaskProviderCallback;)Lorg/gradle/api/tasks/TaskProvider;+70
j  com.android.build.gradle.internal.tasks.factory.TaskFactoryImpl.register(Lcom/android/build/gradle/internal/tasks/factory/TaskCreationAction;)Lorg/gradle/api/tasks/TaskProvider;+14
j  com.android.build.gradle.internal.TaskManager.createMergeManifestTask(Lcom/android/build/gradle/internal/scope/VariantScope;)Lorg/gradle/api/tasks/TaskProvider;+32
j  com.android.build.gradle.internal.TaskManager.createMergeApkManifestsTask(Lcom/android/build/gradle/internal/scope/VariantScope;)V+36
j  com.android.build.gradle.internal.ApplicationTaskManager.createTasksForVariantScope(Lcom/android/build/gradle/internal/scope/VariantScope;Ljava/util/List;)V+50
j  com.android.build.gradle.internal.VariantManager.createTasksForVariantData(Lcom/android/build/gradle/internal/scope/VariantScope;)V+603
j  com.android.build.gradle.internal.VariantManager.createAndroidTasks()Ljava/util/List;+94
j  com.android.build.gradle.BasePlugin.createAndroidTasks()V+269
j  com.android.build.gradle.BasePlugin$$Lambda$210.call()V+4
j  com.android.builder.profile.ThreadRecorder.record(Lcom/google/wireless/android/sdk/stats/GradleBuildProfileSpan$ExecutionType;Ljava/lang/String;Ljava/lang/String;Lcom/android/builder/profile/Recorder$VoidBlock;)V+17
j  com.android.build.gradle.BasePlugin.lambda$createTasks$5(Lorg/gradle/api/Project;)V+30
j  com.android.build.gradle.BasePlugin$$Lambda$178.accept(Ljava/lang/Object;)V+8
j  com.android.build.gradle.internal.crash.CrashReporting$afterEvaluate$1.execute(Lorg/gradle/api/Project;)V+12
j  com.android.build.gradle.internal.crash.CrashReporting$afterEvaluate$1.execute(Ljava/lang/Object;)V+5
j  org.gradle.configuration.internal.DefaultListenerBuildOperationDecorator$BuildOperationEmittingAction$1.lambda$run$0(Ljava/lang/Object;)V+8
j  org.gradle.configuration.internal.DefaultListenerBuildOperationDecorator$BuildOperationEmittingAction$1$$Lambda$209.run()V+8
j  org.gradle.configuration.internal.DefaultUserCodeApplicationContext.reapply(Lorg/gradle/configuration/internal/UserCodeApplicationId;Ljava/lang/Runnable;)V+19
j  org.gradle.configuration.internal.DefaultListenerBuildOperationDecorator$BuildOperationEmittingAction$1.run(Lorg/gradle/internal/operations/BuildOperationContext;)V+27
j  org.gradle.internal.operations.DefaultBuildOperationExecutor$RunnableBuildOperationWorker.execute(Lorg/gradle/internal/operations/RunnableBuildOperation;Lorg/gradle/internal/operations/BuildOperationContext;)V+2
j  org.gradle.internal.operations.DefaultBuildOperationExecutor$RunnableBuildOperationWorker.execute(Lorg/gradle/internal/operations/BuildOperation;Lorg/gradle/internal/operations/BuildOperationContext;)V+6
j  org.gradle.internal.operations.DefaultBuildOperationExecutor$1.execute(Lorg/gradle/internal/operations/BuildOperationDescriptor;Lorg/gradle/internal/operations/DefaultBuildOperationExecutor$DefaultBuildOperationContext;Lorg/gradle/internal/operations/DefaultBuildOperationExecutor$BuildOperationExecutionListener;)Lorg/gradle/internal/operations/BuildOperation;+18
J 4437 C1 org.gradle.internal.operations.DefaultBuildOperationExecutor.execute(Lorg/gradle/internal/operations/BuildOperationDescriptor$Builder;Lorg/gradle/internal/operations/DefaultBuildOperationExecutor$BuildOperationState;Lorg/gradle/internal/operations/DefaultBuildOperationExecutor$BuildOperationExecution;)Lorg/gradle/internal/operations/BuildOperation; (111 bytes) @ 0x000000000395dc8c [0x000000000395cd00+0xf8c]
J 4435 C1 org.gradle.internal.operations.DefaultBuildOperationExecutor.execute(Lorg/gradle/internal/operations/BuildOperation;Lorg/gradle/internal/operations/BuildOperationWorker;Lorg/gradle/internal/operations/DefaultBuildOperationExecutor$BuildOperationState;)V (27 bytes) @ 0x0000000002fb41d4 [0x0000000002fb3f60+0x274]
j  org.gradle.internal.operations.DefaultBuildOperationExecutor.run(Lorg/gradle/internal/operations/RunnableBuildOperation;)V+10
j  org.gradle.configuration.internal.DefaultListenerBuildOperationDecorator$BuildOperationEmittingAction.execute(Ljava/lang/Object;)V+24
j  org.gradle.internal.event.BroadcastDispatch$ActionInvocationHandler.dispatch(Lorg/gradle/internal/dispatch/MethodInvocation;)V+27
j  org.gradle.internal.event.BroadcastDispatch$ActionInvocationHandler.dispatch(Ljava/lang/Object;)V+5
j  org.gradle.internal.event.AbstractBroadcastDispatch.dispatch(Lorg/gradle/internal/dispatch/MethodInvocation;Lorg/gradle/internal/dispatch/Dispatch;)V+2
J 1253 C1 org.gradle.internal.event.BroadcastDispatch$SingletonDispatch.dispatch(Ljava/lang/Object;)V (9 bytes) @ 0x0000000002fe66f4 [0x0000000002fe64c0+0x234]
j  org.gradle.internal.event.AbstractBroadcastDispatch.dispatch(Lorg/gradle/internal/dispatch/MethodInvocation;Ljava/util/Iterator;)V+25
j  org.gradle.internal.event.BroadcastDispatch$CompositeDispatch.dispatch(Lorg/gradle/internal/dispatch/MethodInvocation;)V+11
j  org.gradle.internal.event.BroadcastDispatch$CompositeDispatch.dispatch(Ljava/lang/Object;)V+5
j  org.gradle.internal.event.ListenerBroadcast.dispatch(Lorg/gradle/internal/dispatch/MethodInvocation;)V+5
j  org.gradle.internal.event.ListenerBroadcast.dispatch(Ljava/lang/Object;)V+5
j  org.gradle.internal.dispatch.ProxyDispatchAdapter$DispatchingInvocationHandler.invoke(Ljava/lang/Object;Ljava/lang/reflect/Method;[Ljava/lang/Object;)Ljava/lang/Object;+177
j  com.sun.proxy.$Proxy30.afterEvaluate(Lorg/gradle/api/Project;Lorg/gradle/api/ProjectState;)V+20
j  org.gradle.configuration.project.LifecycleProjectEvaluator$NotifyAfterEvaluate$1.execute(Lorg/gradle/api/ProjectEvaluationListener;)V+15
j  org.gradle.configuration.project.LifecycleProjectEvaluator$NotifyAfterEvaluate$1.execute(Ljava/lang/Object;)V+5
j  org.gradle.api.internal.project.DefaultProject.stepEvaluationListener(Lorg/gradle/api/ProjectEvaluationListener;Lorg/gradle/api/Action;)Lorg/gradle/api/ProjectEvaluationListener;+19
j  org.gradle.configuration.project.LifecycleProjectEvaluator$NotifyAfterEvaluate.run(Lorg/gradle/internal/operations/BuildOperationContext;)V+25
j  org.gradle.internal.operations.DefaultBuildOperationExecutor$RunnableBuildOperationWorker.execute(Lorg/gradle/internal/operations/RunnableBuildOperation;Lorg/gradle/internal/operations/BuildOperationContext;)V+2
j  org.gradle.internal.operations.DefaultBuildOperationExecutor$RunnableBuildOperationWorker.execute(Lorg/gradle/internal/operations/BuildOperation;Lorg/gradle/internal/operations/BuildOperationContext;)V+6
j  org.gradle.internal.operations.DefaultBuildOperationExecutor$1.execute(Lorg/gradle/internal/operations/BuildOperationDescriptor;Lorg/gradle/internal/operations/DefaultBuildOperationExecutor$DefaultBuildOperationContext;Lorg/gradle/internal/operations/DefaultBuildOperationExecutor$BuildOperationExecutionListener;)Lorg/gradle/internal/operations/BuildOperation;+18
J 4437 C1 org.gradle.internal.operations.DefaultBuildOperationExecutor.execute(Lorg/gradle/internal/operations/BuildOperationDescriptor$Builder;Lorg/gradle/internal/operations/DefaultBuildOperationExecutor$BuildOperationState;Lorg/gradle/internal/operations/DefaultBuildOperationExecutor$BuildOperationExecution;)Lorg/gradle/internal/operations/BuildOperation; (111 bytes) @ 0x000000000395dc8c [0x000000000395cd00+0xf8c]
J 4435 C1 org.gradle.internal.operations.DefaultBuildOperationExecutor.execute(Lorg/gradle/internal/operations/BuildOperation;Lorg/gradle/internal/operations/BuildOperationWorker;Lorg/gradle/internal/operations/DefaultBuildOperationExecutor$BuildOperationState;)V (27 bytes) @ 0x0000000002fb41d4 [0x0000000002fb3f60+0x274]
j  org.gradle.internal.operations.DefaultBuildOperationExecutor.run(Lorg/gradle/internal/operations/RunnableBuildOperation;)V+10
j  org.gradle.internal.operations.DelegatingBuildOperationExecutor.run(Lorg/gradle/internal/operations/RunnableBuildOperation;)V+5
j  org.gradle.configuration.project.LifecycleProjectEvaluator$EvaluateProject$1.run()V+141
j  org.gradle.internal.Factories$1.create()Ljava/lang/Object;+4
j  org.gradle.internal.work.DefaultWorkerLeaseService.withLocks(Ljava/lang/Iterable;Lorg/gradle/internal/Factory;)Ljava/lang/Object;+26
j  org.gradle.internal.work.StopShieldingWorkerLeaseService.withLocks(Ljava/lang/Iterable;Lorg/gradle/internal/Factory;)Ljava/lang/Object;+6
j  org.gradle.api.internal.project.DefaultProjectStateRegistry$ProjectStateImpl.withProjectLock(Lorg/gradle/internal/resources/ResourceLock;Lorg/gradle/internal/Factory;)Ljava/lang/Object;+12
j  org.gradle.api.internal.project.DefaultProjectStateRegistry$ProjectStateImpl.withMutableState(Lorg/gradle/internal/Factory;)Ljava/lang/Object;+134
j  org.gradle.api.internal.project.DefaultProjectStateRegistry$ProjectStateImpl.withMutableState(Ljava/lang/Runnable;)V+5
j  org.gradle.configuration.project.LifecycleProjectEvaluator$EvaluateProject.run(Lorg/gradle/internal/operations/BuildOperationContext;)V+18
j  org.gradle.internal.operations.DefaultBuildOperationExecutor$RunnableBuildOperationWorker.execute(Lorg/gradle/internal/operations/RunnableBuildOperation;Lorg/gradle/internal/operations/BuildOperationContext;)V+2
j  org.gradle.internal.operations.DefaultBuildOperationExecutor$RunnableBuildOperationWorker.execute(Lorg/gradle/internal/operations/BuildOperation;Lorg/gradle/internal/operations/BuildOperationContext;)V+6
j  org.gradle.internal.operations.DefaultBuildOperationExecutor$1.execute(Lorg/gradle/internal/operations/BuildOperationDescriptor;Lorg/gradle/internal/operations/DefaultBuildOperationExecutor$DefaultBuildOperationContext;Lorg/gradle/internal/operations/DefaultBuildOperationExecutor$BuildOperationExecutionListener;)Lorg/gradle/internal/operations/BuildOperation;+18
j  org.gradle.internal.operations.DefaultBuildOperationExecutor.execute(Lorg/gradle/internal/operations/BuildOperationDescriptor$Builder;Lorg/gradle/internal/operations/DefaultBuildOperationExecutor$BuildOperationState;Lorg/gradle/internal/operations/DefaultBuildOperationExecutor$BuildOperationExecution;)Lorg/gradle/internal/operations/BuildOperation;+105
j  org.gradle.internal.operations.DefaultBuildOperationExecutor.execute(Lorg/gradle/internal/operations/BuildOperation;Lorg/gradle/internal/operations/BuildOperationWorker;Lorg/gradle/internal/operations/DefaultBuildOperationExecutor$BuildOperationState;)V+22
j  org.gradle.internal.operations.DefaultBuildOperationExecutor.run(Lorg/gradle/internal/operations/RunnableBuildOperation;)V+10
j  org.gradle.internal.operations.DelegatingBuildOperationExecutor.run(Lorg/gradle/internal/operations/RunnableBuildOperation;)V+5
j  org.gradle.configuration.project.LifecycleProjectEvaluator.evaluate(Lorg/gradle/api/internal/project/ProjectInternal;Lorg/gradle/api/internal/project/ProjectStateInternal;)V+22
j  org.gradle.api.internal.project.DefaultProject.evaluate()Lorg/gradle/api/internal/project/DefaultProject;+9
j  org.gradle.api.internal.project.DefaultProject.evaluate()Lorg/gradle/api/Project;+1
j  org.gradle.execution.TaskPathProjectEvaluator.configure(Lorg/gradle/api/internal/project/ProjectInternal;)V+21
j  org.gradle.execution.TaskPathProjectEvaluator.configureHierarchy(Lorg/gradle/api/internal/project/ProjectInternal;)V+41
j  org.gradle.configuration.DefaultProjectsPreparer.prepareProjects(Lorg/gradle/api/internal/GradleInternal;)V+79
j  org.gradle.configuration.BuildOperatingFiringProjectsPreparer$ConfigureBuild.run(Lorg/gradle/internal/operations/BuildOperationContext;)V+11
j  org.gradle.internal.operations.DefaultBuildOperationExecutor$RunnableBuildOperationWorker.execute(Lorg/gradle/internal/operations/RunnableBuildOperation;Lorg/gradle/internal/operations/BuildOperationContext;)V+2
j  org.gradle.internal.operations.DefaultBuildOperationExecutor$RunnableBuildOperationWorker.execute(Lorg/gradle/internal/operations/BuildOperation;Lorg/gradle/internal/operations/BuildOperationContext;)V+6
j  org.gradle.internal.operations.DefaultBuildOperationExecutor$1.execute(Lorg/gradle/internal/operations/BuildOperationDescriptor;Lorg/gradle/internal/operations/DefaultBuildOperationExecutor$DefaultBuildOperationContext;Lorg/gradle/internal/operations/DefaultBuildOperationExecutor$BuildOperationExecutionListener;)Lorg/gradle/internal/operations/BuildOperation;+18
j  org.gradle.internal.operations.DefaultBuildOperationExecutor.execute(Lorg/gradle/internal/operations/BuildOperationDescriptor$Builder;Lorg/gradle/internal/operations/DefaultBuildOperationExecutor$BuildOperationState;Lorg/gradle/internal/operations/DefaultBuildOperationExecutor$BuildOperationExecution;)Lorg/gradle/internal/operations/BuildOperation;+105
j  org.gradle.internal.operations.DefaultBuildOperationExecutor.execute(Lorg/gradle/internal/operations/BuildOperation;Lorg/gradle/internal/operations/BuildOperationWorker;Lorg/gradle/internal/operations/DefaultBuildOperationExecutor$BuildOperationState;)V+22
j  org.gradle.internal.operations.DefaultBuildOperationExecutor.run(Lorg/gradle/internal/operations/RunnableBuildOperation;)V+10
j  org.gradle.internal.operations.DelegatingBuildOperationExecutor.run(Lorg/gradle/internal/operations/RunnableBuildOperation;)V+5
j  org.gradle.configuration.BuildOperatingFiringProjectsPreparer.prepareProjects(Lorg/gradle/api/internal/GradleInternal;)V+13
j  org.gradle.initialization.DefaultGradleLauncher.prepareProjects()V+40
j  org.gradle.initialization.DefaultGradleLauncher.doClassicBuildStages(Lorg/gradle/initialization/DefaultGradleLauncher$Stage;)V+13
j  org.gradle.initialization.DefaultGradleLauncher.doBuildStages(Lorg/gradle/initialization/DefaultGradleLauncher$Stage;)V+45
j  org.gradle.initialization.DefaultGradleLauncher.executeTasks()Lorg/gradle/api/internal/GradleInternal;+4
j  org.gradle.internal.invocation.GradleBuildController$1.execute(Lorg/gradle/initialization/GradleLauncher;)V+1
j  org.gradle.internal.invocation.GradleBuildController$1.execute(Ljava/lang/Object;)V+5
j  org.gradle.internal.invocation.GradleBuildController$3.create()Lorg/gradle/api/internal/GradleInternal;+31
j  org.gradle.internal.invocation.GradleBuildController$3.create()Ljava/lang/Object;+1
j  org.gradle.internal.work.DefaultWorkerLeaseService.withLocks(Ljava/lang/Iterable;Lorg/gradle/internal/Factory;)Ljava/lang/Object;+26
j  org.gradle.internal.work.StopShieldingWorkerLeaseService.withLocks(Ljava/lang/Iterable;Lorg/gradle/internal/Factory;)Ljava/lang/Object;+6
j  org.gradle.internal.invocation.GradleBuildController.doBuild(Lorg/gradle/api/internal/GradleInternal$BuildType;Lorg/gradle/api/Action;)Lorg/gradle/api/internal/GradleInternal;+26
j  org.gradle.internal.invocation.GradleBuildController.run()Lorg/gradle/api/internal/GradleInternal;+12
j  org.gradle.tooling.internal.provider.ExecuteBuildActionRunner.run(Lorg/gradle/internal/invocation/BuildAction;Lorg/gradle/internal/invocation/BuildController;)Lorg/gradle/internal/invocation/BuildActionRunner$Result;+12
j  org.gradle.launcher.exec.ChainingBuildActionRunner.run(Lorg/gradle/internal/invocation/BuildAction;Lorg/gradle/internal/invocation/BuildController;)Lorg/gradle/internal/invocation/BuildActionRunner$Result;+34
j  org.gradle.launcher.exec.BuildOutcomeReportingBuildActionRunner.run(Lorg/gradle/internal/invocation/BuildAction;Lorg/gradle/internal/invocation/BuildController;)Lorg/gradle/internal/invocation/BuildActionRunner$Result;+143
j  org.gradle.tooling.internal.provider.ValidatingBuildActionRunner.run(Lorg/gradle/internal/invocation/BuildAction;Lorg/gradle/internal/invocation/BuildController;)Lorg/gradle/internal/invocation/BuildActionRunner$Result;+6
j  org.gradle.launcher.exec.BuildCompletionNotifyingBuildActionRunner.run(Lorg/gradle/internal/invocation/BuildAction;Lorg/gradle/internal/invocation/BuildController;)Lorg/gradle/internal/invocation/BuildActionRunner$Result;+28
j  org.gradle.launcher.exec.RunAsBuildOperationBuildActionRunner$3.call(Lorg/gradle/internal/operations/BuildOperationContext;)Lorg/gradle/internal/invocation/BuildActionRunner$Result;+95
j  org.gradle.launcher.exec.RunAsBuildOperationBuildActionRunner$3.call(Lorg/gradle/internal/operations/BuildOperationContext;)Ljava/lang/Object;+2
j  org.gradle.internal.operations.DefaultBuildOperationExecutor$CallableBuildOperationWorker.execute(Lorg/gradle/internal/operations/CallableBuildOperation;Lorg/gradle/internal/operations/BuildOperationContext;)V+3
j  org.gradle.internal.operations.DefaultBuildOperationExecutor$CallableBuildOperationWorker.execute(Lorg/gradle/internal/operations/BuildOperation;Lorg/gradle/internal/operations/BuildOperationContext;)V+6
j  org.gradle.internal.operations.DefaultBuildOperationExecutor$1.execute(Lorg/gradle/internal/operations/BuildOperationDescriptor;Lorg/gradle/internal/operations/DefaultBuildOperationExecutor$DefaultBuildOperationContext;Lorg/gradle/internal/operations/DefaultBuildOperationExecutor$BuildOperationExecutionListener;)Lorg/gradle/internal/operations/BuildOperation;+18
j  org.gradle.internal.operations.DefaultBuildOperationExecutor.execute(Lorg/gradle/internal/operations/BuildOperationDescriptor$Builder;Lorg/gradle/internal/operations/DefaultBuildOperationExecutor$BuildOperationState;Lorg/gradle/internal/operations/DefaultBuildOperationExecutor$BuildOperationExecution;)Lorg/gradle/internal/operations/BuildOperation;+105
j  org.gradle.internal.operations.DefaultBuildOperationExecutor.execute(Lorg/gradle/internal/operations/BuildOperation;Lorg/gradle/internal/operations/BuildOperationWorker;Lorg/gradle/internal/operations/DefaultBuildOperationExecutor$BuildOperationState;)V+22
j  org.gradle.internal.operations.DefaultBuildOperationExecutor.call(Lorg/gradle/internal/operations/CallableBuildOperation;)Ljava/lang/Object;+16
j  org.gradle.internal.operations.DelegatingBuildOperationExecutor.call(Lorg/gradle/internal/operations/CallableBuildOperation;)Ljava/lang/Object;+5
j  org.gradle.launcher.exec.RunAsBuildOperationBuildActionRunner.run(Lorg/gradle/internal/invocation/BuildAction;Lorg/gradle/internal/invocation/BuildController;)Lorg/gradle/internal/invocation/BuildActionRunner$Result;+33
j  org.gradle.launcher.exec.InProcessBuildActionExecuter$1.transform(Lorg/gradle/internal/invocation/BuildController;)Lorg/gradle/launcher/exec/BuildActionResult;+12
j  org.gradle.launcher.exec.InProcessBuildActionExecuter$1.transform(Ljava/lang/Object;)Ljava/lang/Object;+5
j  org.gradle.composite.internal.DefaultRootBuildState.run(Lorg/gradle/api/Transformer;)Ljava/lang/Object;+35
j  org.gradle.launcher.exec.InProcessBuildActionExecuter.execute(Lorg/gradle/internal/invocation/BuildAction;Lorg/gradle/initialization/BuildRequestContext;Lorg/gradle/launcher/exec/BuildActionParameters;Lorg/gradle/internal/service/ServiceRegistry;)Lorg/gradle/launcher/exec/BuildActionResult;+82
j  org.gradle.launcher.exec.InProcessBuildActionExecuter.execute(Lorg/gradle/internal/invocation/BuildAction;Lorg/gradle/initialization/BuildRequestContext;Ljava/lang/Object;Lorg/gradle/internal/service/ServiceRegistry;)Lorg/gradle/launcher/exec/BuildActionResult;+9
j  org.gradle.launcher.exec.BuildTreeScopeBuildActionExecuter.execute(Lorg/gradle/internal/invocation/BuildAction;Lorg/gradle/initialization/BuildRequestContext;Lorg/gradle/launcher/exec/BuildActionParameters;Lorg/gradle/internal/service/ServiceRegistry;)Lorg/gradle/launcher/exec/BuildActionResult;+38
j  org.gradle.launcher.exec.BuildTreeScopeBuildActionExecuter.execute(Lorg/gradle/internal/invocation/BuildAction;Lorg/gradle/initialization/BuildRequestContext;Ljava/lang/Object;Lorg/gradle/internal/service/ServiceRegistry;)Lorg/gradle/launcher/exec/BuildActionResult;+9
j  org.gradle.tooling.internal.provider.ContinuousBuildActionExecuter.execute(Lorg/gradle/internal/invocation/BuildAction;Lorg/gradle/initialization/BuildRequestContext;Lorg/gradle/launcher/exec/BuildActionParameters;Lorg/gradle/internal/service/ServiceRegistry;)Lorg/gradle/launcher/exec/BuildActionResult;+58
j  org.gradle.tooling.internal.provider.ContinuousBuildActionExecuter.execute(Lorg/gradle/internal/invocation/BuildAction;Lorg/gradle/initialization/BuildRequestContext;Ljava/lang/Object;Lorg/gradle/internal/service/ServiceRegistry;)Lorg/gradle/launcher/exec/BuildActionResult;+9
j  org.gradle.tooling.internal.provider.SubscribableBuildActionExecuter.execute(Lorg/gradle/internal/invocation/BuildAction;Lorg/gradle/initialization/BuildRequestContext;Lorg/gradle/launcher/exec/BuildActionParameters;Lorg/gradle/internal/service/ServiceRegistry;)Lorg/gradle/launcher/exec/BuildActionResult;+45
j  org.gradle.tooling.internal.provider.SubscribableBuildActionExecuter.execute(Lorg/gradle/internal/invocation/BuildAction;Lorg/gradle/initialization/BuildRequestContext;Ljava/lang/Object;Lorg/gradle/internal/service/ServiceRegistry;)Lorg/gradle/launcher/exec/BuildActionResult;+9
j  org.gradle.tooling.internal.provider.SessionScopeBuildActionExecuter.execute(Lorg/gradle/internal/invocation/BuildAction;Lorg/gradle/initialization/BuildRequestContext;Lorg/gradle/launcher/exec/BuildActionParameters;Lorg/gradle/internal/service/ServiceRegistry;)Lorg/gradle/launcher/exec/BuildActionResult;+117
j  org.gradle.tooling.internal.provider.SessionScopeBuildActionExecuter.execute(Lorg/gradle/internal/invocation/BuildAction;Lorg/gradle/initialization/BuildRequestContext;Ljava/lang/Object;Lorg/gradle/internal/service/ServiceRegistry;)Lorg/gradle/launcher/exec/BuildActionResult;+9
j  org.gradle.tooling.internal.provider.GradleThreadBuildActionExecuter.execute(Lorg/gradle/internal/invocation/BuildAction;Lorg/gradle/initialization/BuildRequestContext;Lorg/gradle/launcher/exec/BuildActionParameters;Lorg/gradle/internal/service/ServiceRegistry;)Lorg/gradle/launcher/exec/BuildActionResult;+12
j  org.gradle.tooling.internal.provider.GradleThreadBuildActionExecuter.execute(Lorg/gradle/internal/invocation/BuildAction;Lorg/gradle/initialization/BuildRequestContext;Ljava/lang/Object;Lorg/gradle/internal/service/ServiceRegistry;)Lorg/gradle/launcher/exec/BuildActionResult;+9
j  org.gradle.tooling.internal.provider.ParallelismConfigurationBuildActionExecuter.execute(Lorg/gradle/internal/invocation/BuildAction;Lorg/gradle/initialization/BuildRequestContext;Lorg/gradle/launcher/exec/BuildActionParameters;Lorg/gradle/internal/service/ServiceRegistry;)Lorg/gradle/launcher/exec/BuildActionResult;+43
j  org.gradle.tooling.internal.provider.ParallelismConfigurationBuildActionExecuter.execute(Lorg/gradle/internal/invocation/BuildAction;Lorg/gradle/initialization/BuildRequestContext;Ljava/lang/Object;Lorg/gradle/internal/service/ServiceRegistry;)Lorg/gradle/launcher/exec/BuildActionResult;+9
j  org.gradle.tooling.internal.provider.StartParamsValidatingActionExecuter.execute(Lorg/gradle/internal/invocation/BuildAction;Lorg/gradle/initialization/BuildRequestContext;Lorg/gradle/launcher/exec/BuildActionParameters;Lorg/gradle/internal/service/ServiceRegistry;)Lorg/gradle/launcher/exec/BuildActionResult;+177
j  org.gradle.tooling.internal.provider.StartParamsValidatingActionExecuter.execute(Lorg/gradle/internal/invocation/BuildAction;Lorg/gradle/initialization/BuildRequestContext;Ljava/lang/Object;Lorg/gradle/internal/service/ServiceRegistry;)Lorg/gradle/launcher/exec/BuildActionResult;+9
j  org.gradle.tooling.internal.provider.SessionFailureReportingActionExecuter.execute(Lorg/gradle/internal/invocation/BuildAction;Lorg/gradle/initialization/BuildRequestContext;Lorg/gradle/launcher/exec/BuildActionParameters;Lorg/gradle/internal/service/ServiceRegistry;)Lorg/gradle/launcher/exec/BuildActionResult;+9
j  org.gradle.tooling.internal.provider.SessionFailureReportingActionExecuter.execute(Lorg/gradle/internal/invocation/BuildAction;Lorg/gradle/initialization/BuildRequestContext;Ljava/lang/Object;Lorg/gradle/internal/service/ServiceRegistry;)Lorg/gradle/launcher/exec/BuildActionResult;+9
j  org.gradle.tooling.internal.provider.SetupLoggingActionExecuter.execute(Lorg/gradle/internal/invocation/BuildAction;Lorg/gradle/initialization/BuildRequestContext;Lorg/gradle/launcher/exec/BuildActionParameters;Lorg/gradle/internal/service/ServiceRegistry;)Lorg/gradle/launcher/exec/BuildActionResult;+52
j  org.gradle.tooling.internal.provider.SetupLoggingActionExecuter.execute(Lorg/gradle/internal/invocation/BuildAction;Lorg/gradle/initialization/BuildRequestContext;Ljava/lang/Object;Lorg/gradle/internal/service/ServiceRegistry;)Lorg/gradle/launcher/exec/BuildActionResult;+9
j  org.gradle.launcher.daemon.server.exec.ExecuteBuild.doBuild(Lorg/gradle/launcher/daemon/server/api/DaemonCommandExecution;Lorg/gradle/launcher/daemon/protocol/Build;)V+118
j  org.gradle.launcher.daemon.server.exec.BuildCommandOnly.execute(Lorg/gradle/launcher/daemon/server/api/DaemonCommandExecution;)V+49
j  org.gradle.launcher.daemon.server.api.DaemonCommandExecution.proceed()Z+23
j  org.gradle.launcher.daemon.server.exec.WatchForDisconnection.execute(Lorg/gradle/launcher/daemon/server/api/DaemonCommandExecution;)V+19
j  org.gradle.launcher.daemon.server.api.DaemonCommandExecution.proceed()Z+23
j  org.gradle.launcher.daemon.server.exec.ResetDeprecationLogger.execute(Lorg/gradle/launcher/daemon/server/api/DaemonCommandExecution;)V+4
j  org.gradle.launcher.daemon.server.api.DaemonCommandExecution.proceed()Z+23
j  org.gradle.launcher.daemon.server.exec.RequestStopIfSingleUsedDaemon.execute(Lorg/gradle/launcher/daemon/server/api/DaemonCommandExecution;)V+33
j  org.gradle.launcher.daemon.server.api.DaemonCommandExecution.proceed()Z+23
j  org.gradle.launcher.daemon.server.exec.ForwardClientInput$2.create()Ljava/lang/Void;+4
j  org.gradle.launcher.daemon.server.exec.ForwardClientInput$2.create()Ljava/lang/Object;+1
j  org.gradle.util.Swapper.swap(Ljava/lang/Object;Lorg/gradle/internal/Factory;)Ljava/lang/Object;+21
j  org.gradle.launcher.daemon.server.exec.ForwardClientInput.execute(Lorg/gradle/launcher/daemon/server/api/DaemonCommandExecution;)V+63
j  org.gradle.launcher.daemon.server.api.DaemonCommandExecution.proceed()Z+23
j  org.gradle.launcher.daemon.server.exec.LogAndCheckHealth.execute(Lorg/gradle/launcher/daemon/server/api/DaemonCommandExecution;)V+28
j  org.gradle.launcher.daemon.server.api.DaemonCommandExecution.proceed()Z+23
j  org.gradle.launcher.daemon.server.exec.LogToClient.doBuild(Lorg/gradle/launcher/daemon/server/api/DaemonCommandExecution;Lorg/gradle/launcher/daemon/protocol/Build;)V+87
j  org.gradle.launcher.daemon.server.exec.BuildCommandOnly.execute(Lorg/gradle/launcher/daemon/server/api/DaemonCommandExecution;)V+49
j  org.gradle.launcher.daemon.server.api.DaemonCommandExecution.proceed()Z+23
j  org.gradle.launcher.daemon.server.exec.EstablishBuildEnvironment.doBuild(Lorg/gradle/launcher/daemon/server/api/DaemonCommandExecution;Lorg/gradle/launcher/daemon/protocol/Build;)V+351
j  org.gradle.launcher.daemon.server.exec.BuildCommandOnly.execute(Lorg/gradle/launcher/daemon/server/api/DaemonCommandExecution;)V+49
j  org.gradle.launcher.daemon.server.api.DaemonCommandExecution.proceed()Z+23
j  org.gradle.launcher.daemon.server.exec.StartBuildOrRespondWithBusy$1.run()V+44
j  org.gradle.launcher.daemon.server.DaemonStateCoordinator$1.run()V+4
j  org.gradle.internal.concurrent.ExecutorPolicy$CatchAndRecordFailures.onExecute(Ljava/lang/Runnable;)V+1
j  org.gradle.internal.concurrent.ManagedExecutorImpl$1.run()V+25
j  java.util.concurrent.ThreadPoolExecutor.runWorker(Ljava/util/concurrent/ThreadPoolExecutor$Worker;)V+95
j  java.util.concurrent.ThreadPoolExecutor$Worker.run()V+5
j  org.gradle.internal.concurrent.ThreadFactoryImpl$ManagedThreadRunnable.run()V+7
j  java.lang.Thread.run()V+11
v  ~StubRoutines::call_stub

---------------  P R O C E S S  ---------------

Java Threads: ( => current thread )
  0x000000001819c000 JavaThread "Cache worker for Build Output Cleanup Cache (D:\ReactNative\uflix\android\.gradle\buildOutputCleanup)" [_thread_blocked, id=4216, stack(0x000000001fe60000,0x000000001ff60000)]
  0x0000000018199800 JavaThread "Build operations Thread 4" [_thread_blocked, id=2356, stack(0x000000001f760000,0x000000001f860000)]
  0x000000001819b000 JavaThread "Build operations Thread 3" [_thread_blocked, id=11660, stack(0x000000001f660000,0x000000001f760000)]
  0x000000001819d800 JavaThread "Build operations Thread 2" [_thread_blocked, id=9552, stack(0x000000001f560000,0x000000001f660000)]
  0x0000000017b06000 JavaThread "Build operations" [_thread_blocked, id=10820, stack(0x000000001f460000,0x000000001f560000)]
  0x0000000017b04800 JavaThread "Cache worker for execution history cache (C:\Users\Dell\.gradle\caches\6.0.1\executionHistory)" [_thread_blocked, id=8564, stack(0x000000001f160000,0x000000001f260000)]
  0x0000000017b03000 JavaThread "Cache worker for cache directory md-rule (C:\Users\Dell\.gradle\caches\6.0.1\md-rule)" [_thread_blocked, id=7160, stack(0x000000001f060000,0x000000001f160000)]
  0x0000000017b02800 JavaThread "Cache worker for cache directory md-supplier (C:\Users\Dell\.gradle\caches\6.0.1\md-supplier)" [_thread_blocked, id=9352, stack(0x000000001ef60000,0x000000001f060000)]
  0x0000000017b08800 JavaThread "Cache worker for file hash cache (D:\ReactNative\uflix\android\.gradle\6.0.1\fileHashes)" [_thread_blocked, id=10688, stack(0x000000001d890000,0x000000001d990000)]
  0x0000000017b07800 JavaThread "Cache worker for journal cache (C:\Users\Dell\.gradle\caches\journal-1)" [_thread_blocked, id=8628, stack(0x0000000019af0000,0x0000000019bf0000)]
  0x0000000017b05800 JavaThread "File lock request listener" [_thread_in_native, id=10420, stack(0x00000000199f0000,0x0000000019af0000)]
  0x0000000017b07000 JavaThread "Cache worker for file hash cache (C:\Users\Dell\.gradle\caches\6.0.1\fileHashes)" [_thread_blocked, id=1540, stack(0x00000000198f0000,0x00000000199f0000)]
  0x00000000179f7000 JavaThread "Thread-9" [_thread_blocked, id=3120, stack(0x00000000197f0000,0x00000000198f0000)]
  0x00000000179cb800 JavaThread "Stdin handler" [_thread_blocked, id=8548, stack(0x00000000196f0000,0x00000000197f0000)]
  0x00000000179c8000 JavaThread "Asynchronous log dispatcher for DefaultDaemonConnection: socket connection from /127.0.0.1:52890 to /127.0.0.1:52891" [_thread_blocked, id=1032, stack(0x00000000195f0000,0x00000000196f0000)]
=>0x00000000179cc800 JavaThread "Daemon worker" [_thread_in_vm, id=6752, stack(0x00000000192f0000,0x00000000193f0000)]
  0x00000000179b0800 JavaThread "Cancel handler" [_thread_blocked, id=4952, stack(0x00000000191f0000,0x00000000192f0000)]
  0x0000000017994000 JavaThread "Handler for socket connection from /127.0.0.1:52890 to /127.0.0.1:52891" [_thread_in_native, id=3760, stack(0x00000000190f0000,0x00000000191f0000)]
  0x0000000017993800 JavaThread "Daemon" [_thread_blocked, id=596, stack(0x0000000018ff0000,0x00000000190f0000)]
  0x000000001798d000 JavaThread "Daemon periodic checks" [_thread_blocked, id=12224, stack(0x0000000018ef0000,0x0000000018ff0000)]
  0x000000001792b000 JavaThread "Incoming local TCP Connector on port 52890" [_thread_in_native, id=9560, stack(0x0000000018cb0000,0x0000000018db0000)]
  0x00000000178aa800 JavaThread "Daemon health stats" [_thread_blocked, id=11608, stack(0x0000000018670000,0x0000000018770000)]
  0x0000000015900800 JavaThread "Service Thread" daemon [_thread_blocked, id=2144, stack(0x0000000015cd0000,0x0000000015dd0000)]
  0x0000000013f9c800 JavaThread "C1 CompilerThread2" daemon [_thread_blocked, id=5652, stack(0x00000000157d0000,0x00000000158d0000)]
  0x0000000013f93800 JavaThread "C2 CompilerThread1" daemon [_thread_in_native, id=9400, stack(0x00000000156d0000,0x00000000157d0000)]
  0x0000000013f90800 JavaThread "C2 CompilerThread0" daemon [_thread_in_native, id=4520, stack(0x00000000155d0000,0x00000000156d0000)]
  0x0000000013f8e800 JavaThread "Attach Listener" daemon [_thread_blocked, id=9268, stack(0x00000000154d0000,0x00000000155d0000)]
  0x0000000013f8c000 JavaThread "Signal Dispatcher" daemon [_thread_blocked, id=11472, stack(0x00000000153d0000,0x00000000154d0000)]
  0x0000000002b5e000 JavaThread "Finalizer" daemon [_thread_blocked, id=1260, stack(0x00000000151d0000,0x00000000152d0000)]
  0x0000000013f6a000 JavaThread "Reference Handler" daemon [_thread_blocked, id=6788, stack(0x00000000150d0000,0x00000000151d0000)]
  0x0000000002a64000 JavaThread "main" [_thread_blocked, id=2728, stack(0x0000000002960000,0x0000000002a60000)]

Other Threads:
  0x0000000013f48000 VMThread [stack: 0x0000000014fd0000,0x00000000150d0000] [id=2772]
  0x0000000015902000 WatcherThread [stack: 0x0000000015dd0000,0x0000000015ed0000] [id=9620]

VM state:not at safepoint (normal execution)

VM Mutex/Monitor currently owned by a thread: None

heap address: 0x00000000e0000000, size: 512 MB, Compressed Oops mode: 32-bit
Narrow klass base: 0x0000000000000000, Narrow klass shift: 3
Compressed class space size: 1073741824 Address: 0x0000000100000000

Heap:
 PSYoungGen      total 142336K, used 46332K [0x00000000f5580000, 0x00000000ff780000, 0x0000000100000000)
  eden space 126976K, 24% used [0x00000000f5580000,0x00000000f73c23d0,0x00000000fd180000)
  from space 15360K, 99% used [0x00000000fe280000,0x00000000ff17ce28,0x00000000ff180000)
  to   space 17408K, 0% used [0x00000000fd180000,0x00000000fd180000,0x00000000fe280000)
 ParOldGen       total 190464K, used 18415K [0x00000000e0000000, 0x00000000eba00000, 0x00000000f5580000)
  object space 190464K, 9% used [0x00000000e0000000,0x00000000e11fbe90,0x00000000eba00000)
 Metaspace       used 50863K, capacity 52652K, committed 52864K, reserved 1095680K
  class space    used 7054K, capacity 7525K, committed 7552K, reserved 1048576K

Card table byte_map: [0x0000000011f20000,0x0000000012030000] byte_map_base: 0x0000000011820000

Marking Bits: (ParMarkBitMap*) 0x000000006b7cbe30
 Begin Bits: [0x00000000124e0000, 0x0000000012ce0000)
 End Bits:   [0x0000000012ce0000, 0x00000000134e0000)

Polling page: 0x0000000000f80000

CodeCache: size=245760Kb used=13810Kb max_used=14317Kb free=231949Kb
 bounds [0x0000000002b60000, 0x0000000003980000, 0x0000000011b60000]
 total_blobs=4809 nmethods=4025 adapters=695
 compilation: enabled

Compilation events (10 events):
Event: 17.996 Thread 0x0000000013f9c800 nmethod 4614 0x00000000031d5e50 code [0x00000000031d5fa0, 0x00000000031d60b0]
Event: 17.999 Thread 0x0000000013f9c800 4615       3       kotlin.text.StringsKt__StringsJVMKt::startsWith$default (15 bytes)
Event: 17.999 Thread 0x0000000013f9c800 nmethod 4615 0x0000000002fab590 code [0x0000000002fab700, 0x0000000002fab8a8]
Event: 17.999 Thread 0x0000000013f9c800 4616       3       kotlin.text.StringsKt__StringsJVMKt::startsWith (37 bytes)
Event: 17.999 Thread 0x0000000013f9c800 nmethod 4616 0x0000000003763dd0 code [0x0000000003763f80, 0x0000000003764598]
Event: 18.045 Thread 0x0000000013f90800 4617       4       java.lang.ClassLoader::preDefineClass (109 bytes)
Event: 18.048 Thread 0x0000000013f9c800 4618       3       kotlin.reflect.jvm.internal.ReflectProperties::lazySoft (18 bytes)
Event: 18.048 Thread 0x0000000013f9c800 nmethod 4618 0x000000000316ba90 code [0x000000000316bc00, 0x000000000316be58]
Event: 18.048 Thread 0x0000000013f9c800 4619       3       kotlin.reflect.jvm.internal.ReflectProperties$LazySoftVal::<init> (43 bytes)
Event: 18.050 Thread 0x0000000013f9c800 nmethod 4619 0x0000000002d22c50 code [0x0000000002d22f00, 0x0000000002d24398]

GC Heap History (10 events):
Event: 10.255 GC heap before
{Heap before GC invocations=6 (full 1):
 PSYoungGen      total 76288K, used 73365K [0x00000000f5580000, 0x00000000fbf80000, 0x0000000100000000)
  eden space 65536K, 100% used [0x00000000f5580000,0x00000000f9580000,0x00000000f9580000)
  from space 10752K, 72% used [0x00000000fa000000,0x00000000fa7a5720,0x00000000faa80000)
  to   space 10752K, 0% used [0x00000000f9580000,0x00000000f9580000,0x00000000fa000000)
 ParOldGen       total 175104K, used 12208K [0x00000000e0000000, 0x00000000eab00000, 0x00000000f5580000)
  object space 175104K, 6% used [0x00000000e0000000,0x00000000e0bec320,0x00000000eab00000)
 Metaspace       used 31187K, capacity 31902K, committed 32256K, reserved 1077248K
  class space    used 4356K, capacity 4588K, committed 4608K, reserved 1048576K
Event: 10.275 GC heap after
Heap after GC invocations=6 (full 1):
 PSYoungGen      total 76288K, used 10056K [0x00000000f5580000, 0x00000000fcb80000, 0x0000000100000000)
  eden space 65536K, 0% used [0x00000000f5580000,0x00000000f5580000,0x00000000f9580000)
  from space 10752K, 93% used [0x00000000f9580000,0x00000000f9f521b0,0x00000000fa000000)
  to   space 13824K, 0% used [0x00000000fbe00000,0x00000000fbe00000,0x00000000fcb80000)
 ParOldGen       total 175104K, used 12216K [0x00000000e0000000, 0x00000000eab00000, 0x00000000f5580000)
  object space 175104K, 6% used [0x00000000e0000000,0x00000000e0bee320,0x00000000eab00000)
 Metaspace       used 31187K, capacity 31902K, committed 32256K, reserved 1077248K
  class space    used 4356K, capacity 4588K, committed 4608K, reserved 1048576K
}
Event: 11.316 GC heap before
{Heap before GC invocations=7 (full 1):
 PSYoungGen      total 76288K, used 70990K [0x00000000f5580000, 0x00000000fcb80000, 0x0000000100000000)
  eden space 65536K, 92% used [0x00000000f5580000,0x00000000f9101878,0x00000000f9580000)
  from space 10752K, 93% used [0x00000000f9580000,0x00000000f9f521b0,0x00000000fa000000)
  to   space 13824K, 0% used [0x00000000fbe00000,0x00000000fbe00000,0x00000000fcb80000)
 ParOldGen       total 175104K, used 12216K [0x00000000e0000000, 0x00000000eab00000, 0x00000000f5580000)
  object space 175104K, 6% used [0x00000000e0000000,0x00000000e0bee320,0x00000000eab00000)
 Metaspace       used 34565K, capacity 35456K, committed 35496K, reserved 1079296K
  class space    used 4855K, capacity 5113K, committed 5120K, reserved 1048576K
Event: 11.345 GC heap after
Heap after GC invocations=7 (full 1):
 PSYoungGen      total 106496K, used 11169K [0x00000000f5580000, 0x00000000fd200000, 0x0000000100000000)
  eden space 92672K, 0% used [0x00000000f5580000,0x00000000f5580000,0x00000000fb000000)
  from space 13824K, 80% used [0x00000000fbe00000,0x00000000fc8e8600,0x00000000fcb80000)
  to   space 14336K, 0% used [0x00000000fb000000,0x00000000fb000000,0x00000000fbe00000)
 ParOldGen       total 175104K, used 12224K [0x00000000e0000000, 0x00000000eab00000, 0x00000000f5580000)
  object space 175104K, 6% used [0x00000000e0000000,0x00000000e0bf0320,0x00000000eab00000)
 Metaspace       used 34565K, capacity 35456K, committed 35496K, reserved 1079296K
  class space    used 4855K, capacity 5113K, committed 5120K, reserved 1048576K
}
Event: 11.345 GC heap before
{Heap before GC invocations=8 (full 2):
 PSYoungGen      total 106496K, used 11169K [0x00000000f5580000, 0x00000000fd200000, 0x0000000100000000)
  eden space 92672K, 0% used [0x00000000f5580000,0x00000000f5580000,0x00000000fb000000)
  from space 13824K, 80% used [0x00000000fbe00000,0x00000000fc8e8600,0x00000000fcb80000)
  to   space 14336K, 0% used [0x00000000fb000000,0x00000000fb000000,0x00000000fbe00000)
 ParOldGen       total 175104K, used 12224K [0x00000000e0000000, 0x00000000eab00000, 0x00000000f5580000)
  object space 175104K, 6% used [0x00000000e0000000,0x00000000e0bf0320,0x00000000eab00000)
 Metaspace       used 34565K, capacity 35456K, committed 35496K, reserved 1079296K
  class space    used 4855K, capacity 5113K, committed 5120K, reserved 1048576K
Event: 11.514 GC heap after
Heap after GC invocations=8 (full 2):
 PSYoungGen      total 106496K, used 0K [0x00000000f5580000, 0x00000000fd200000, 0x0000000100000000)
  eden space 92672K, 0% used [0x00000000f5580000,0x00000000f5580000,0x00000000fb000000)
  from space 13824K, 0% used [0x00000000fbe00000,0x00000000fbe00000,0x00000000fcb80000)
  to   space 14336K, 0% used [0x00000000fb000000,0x00000000fb000000,0x00000000fbe00000)
 ParOldGen       total 190464K, used 17892K [0x00000000e0000000, 0x00000000eba00000, 0x00000000f5580000)
  object space 190464K, 9% used [0x00000000e0000000,0x00000000e11791a8,0x00000000eba00000)
 Metaspace       used 34565K, capacity 35456K, committed 35496K, reserved 1079296K
  class space    used 4855K, capacity 5113K, committed 5120K, reserved 1048576K
}
Event: 13.700 GC heap before
{Heap before GC invocations=9 (full 2):
 PSYoungGen      total 106496K, used 92672K [0x00000000f5580000, 0x00000000fd200000, 0x0000000100000000)
  eden space 92672K, 100% used [0x00000000f5580000,0x00000000fb000000,0x00000000fb000000)
  from space 13824K, 0% used [0x00000000fbe00000,0x00000000fbe00000,0x00000000fcb80000)
  to   space 14336K, 0% used [0x00000000fb000000,0x00000000fb000000,0x00000000fbe00000)
 ParOldGen       total 190464K, used 17892K [0x00000000e0000000, 0x00000000eba00000, 0x00000000f5580000)
  object space 190464K, 9% used [0x00000000e0000000,0x00000000e11791a8,0x00000000eba00000)
 Metaspace       used 43308K, capacity 44528K, committed 44800K, reserved 1087488K
  class space    used 5989K, capacity 6361K, committed 6400K, reserved 1048576K
Event: 13.723 GC heap after
Heap after GC invocations=9 (full 2):
 PSYoungGen      total 107008K, used 13376K [0x00000000f5580000, 0x00000000ff180000, 0x0000000100000000)
  eden space 92672K, 0% used [0x00000000f5580000,0x00000000f5580000,0x00000000fb000000)
  from space 14336K, 93% used [0x00000000fb000000,0x00000000fbd10098,0x00000000fbe00000)
  to   space 15360K, 0% used [0x00000000fe280000,0x00000000fe280000,0x00000000ff180000)
 ParOldGen       total 190464K, used 17900K [0x00000000e0000000, 0x00000000eba00000, 0x00000000f5580000)
  object space 190464K, 9% used [0x00000000e0000000,0x00000000e117b1a8,0x00000000eba00000)
 Metaspace       used 43308K, capacity 44528K, committed 44800K, reserved 1087488K
  class space    used 5989K, capacity 6361K, committed 6400K, reserved 1048576K
}
Event: 15.198 GC heap before
{Heap before GC invocations=10 (full 2):
 PSYoungGen      total 107008K, used 106048K [0x00000000f5580000, 0x00000000ff180000, 0x0000000100000000)
  eden space 92672K, 100% used [0x00000000f5580000,0x00000000fb000000,0x00000000fb000000)
  from space 14336K, 93% used [0x00000000fb000000,0x00000000fbd10098,0x00000000fbe00000)
  to   space 15360K, 0% used [0x00000000fe280000,0x00000000fe280000,0x00000000ff180000)
 ParOldGen       total 190464K, used 17900K [0x00000000e0000000, 0x00000000eba00000, 0x00000000f5580000)
  object space 190464K, 9% used [0x00000000e0000000,0x00000000e117b1a8,0x00000000eba00000)
 Metaspace       used 47805K, capacity 49356K, committed 49536K, reserved 1091584K
  class space    used 6615K, capacity 7032K, committed 7040K, reserved 1048576K
Event: 15.225 GC heap after
Heap after GC invocations=10 (full 2):
 PSYoungGen      total 142336K, used 15347K [0x00000000f5580000, 0x00000000ff780000, 0x0000000100000000)
  eden space 126976K, 0% used [0x00000000f5580000,0x00000000f5580000,0x00000000fd180000)
  from space 15360K, 99% used [0x00000000fe280000,0x00000000ff17ce28,0x00000000ff180000)
  to   space 17408K, 0% used [0x00000000fd180000,0x00000000fd180000,0x00000000fe280000)
 ParOldGen       total 190464K, used 18415K [0x00000000e0000000, 0x00000000eba00000, 0x00000000f5580000)
  object space 190464K, 9% used [0x00000000e0000000,0x00000000e11fbe90,0x00000000eba00000)
 Metaspace       used 47805K, capacity 49356K, committed 49536K, reserved 1091584K
  class space    used 6615K, capacity 7032K, committed 7040K, reserved 1048576K
}

Deoptimization events (10 events):
Event: 14.716 Thread 0x00000000179cc800 Uncommon trap: reason=unstable_if action=reinterpret pc=0x000000000385be38 method=groovy.lang.MetaClassImpl.checkIfStdMethod(Lgroovy/lang/MetaMethod;)V @ 55
Event: 14.717 Thread 0x00000000179cc800 Uncommon trap: reason=unstable_if action=reinterpret pc=0x0000000003879a64 method=org.codehaus.groovy.runtime.metaclass.MetaMethodIndex.copyNonPrivateNonNewMetaMethods(Lorg/codehaus/groovy/runtime/metaclass/MetaMethodIndex$Entry;Lorg/codehaus/groovy/runti
Event: 14.718 Thread 0x00000000179cc800 Uncommon trap: reason=unstable_if action=reinterpret pc=0x00000000036a60b4 method=groovy.lang.MetaClassImpl$1MOPIter.methodNameAction(Ljava/lang/Class;Lorg/codehaus/groovy/runtime/metaclass/MetaMethodIndex$Entry;)V @ 182
Event: 14.943 Thread 0x00000000179cc800 Uncommon trap: reason=unstable_if action=reinterpret pc=0x00000000034a62f4 method=org.codehaus.groovy.runtime.metaclass.MetaMethodIndex.addMethodToList(Ljava/lang/Object;Lgroovy/lang/MetaMethod;)Ljava/lang/Object; @ 256
Event: 15.002 Thread 0x00000000179cc800 Uncommon trap: reason=unstable_if action=reinterpret pc=0x0000000002fd5c90 method=java.util.HashMap.putVal(ILjava/lang/Object;Ljava/lang/Object;ZZ)Ljava/lang/Object; @ 109
Event: 15.002 Thread 0x00000000179cc800 Uncommon trap: reason=unstable_if action=reinterpret pc=0x000000000348253c method=java.util.HashMap.putVal(ILjava/lang/Object;Ljava/lang/Object;ZZ)Ljava/lang/Object; @ 109
Event: 15.002 Thread 0x00000000179cc800 Uncommon trap: reason=unstable_if action=reinterpret pc=0x0000000002e4adbc method=java.util.HashMap.resize()[Ljava/util/HashMap$Node; @ 206
Event: 17.476 Thread 0x00000000179cc800 Uncommon trap: reason=unstable_if action=reinterpret pc=0x00000000033fa9d8 method=java.io.BufferedReader.readLine(Z)Ljava/lang/String; @ 192
Event: 17.665 Thread 0x00000000179cc800 Uncommon trap: reason=unstable_if action=reinterpret pc=0x0000000003012270 method=org.gradle.internal.instantiation.generator.AbstractClassGenerator$InjectionAnnotationValidator.validateMethod(Ljava/lang/reflect/Method;Lorg/gradle/internal/reflect/Propert
Event: 18.007 Thread 0x00000000179cc800 Uncommon trap: reason=unstable_if action=reinterpret pc=0x0000000002d78fa4 method=java.lang.String.lastIndexOf([CII[CIII)I @ 17

Classes redefined (0 events):
No events

Internal exceptions (10 events):
Event: 17.537 Thread 0x00000000179cc800 Exception <a 'java/lang/ClassNotFoundException': org/gradle/api/DefaultTask_DecoratedCustomizer> (0x00000000f5ad1a40) thrown at [C:\ade\jenkins\workspace\8-2-build-windows-amd64-cygwin\jdk8u241\331\hotspot\src\share\vm\classfile\systemDictionary.cpp, line
Event: 17.556 Thread 0x00000000179cc800 Exception <a 'java/lang/ClassNotFoundException': com/android/build/gradle/internal/api/DefaultAndroidSourceDirectorySetBeanInfo> (0x00000000f5be4710) thrown at [C:\ade\jenkins\workspace\8-2-build-windows-amd64-cygwin\jdk8u241\331\hotspot\src\share\vm\clas
Event: 17.557 Thread 0x00000000179cc800 Exception <a 'java/lang/ClassNotFoundException': com/android/build/gradle/internal/api/DefaultAndroidSourceDirectorySetCustomizer> (0x00000000f5c05970) thrown at [C:\ade\jenkins\workspace\8-2-build-windows-amd64-cygwin\jdk8u241\331\hotspot\src\share\vm\cl
Event: 17.570 Thread 0x00000000179cc800 Exception <a 'java/lang/ClassNotFoundException': com/google/common/collect/SingletonImmutableSetBeanInfo> (0x00000000f5d8ede8) thrown at [C:\ade\jenkins\workspace\8-2-build-windows-amd64-cygwin\jdk8u241\331\hotspot\src\share\vm\classfile\systemDictionary.
Event: 17.571 Thread 0x00000000179cc800 Exception <a 'java/lang/ClassNotFoundException': com/google/common/collect/ImmutableSetBeanInfo> (0x00000000f5da72f8) thrown at [C:\ade\jenkins\workspace\8-2-build-windows-amd64-cygwin\jdk8u241\331\hotspot\src\share\vm\classfile\systemDictionary.cpp, line
Event: 17.571 Thread 0x00000000179cc800 Exception <a 'java/lang/ClassNotFoundException': com/google/common/collect/ImmutableCollectionBeanInfo> (0x00000000f5dc1920) thrown at [C:\ade\jenkins\workspace\8-2-build-windows-amd64-cygwin\jdk8u241\331\hotspot\src\share\vm\classfile\systemDictionary.cp
Event: 17.572 Thread 0x00000000179cc800 Exception <a 'java/lang/ClassNotFoundException': com/google/common/collect/ImmutableCollectionCustomizer> (0x00000000f5ddc3e0) thrown at [C:\ade\jenkins\workspace\8-2-build-windows-amd64-cygwin\jdk8u241\331\hotspot\src\share\vm\classfile\systemDictionary.
Event: 17.573 Thread 0x00000000179cc800 Exception <a 'java/lang/ClassNotFoundException': com/google/common/collect/ImmutableSetCustomizer> (0x00000000f5e099c0) thrown at [C:\ade\jenkins\workspace\8-2-build-windows-amd64-cygwin\jdk8u241\331\hotspot\src\share\vm\classfile\systemDictionary.cpp, li
Event: 17.575 Thread 0x00000000179cc800 Exception <a 'java/lang/ClassNotFoundException': com/google/common/collect/SingletonImmutableSetCustomizer> (0x00000000f5e463e8) thrown at [C:\ade\jenkins\workspace\8-2-build-windows-amd64-cygwin\jdk8u241\331\hotspot\src\share\vm\classfile\systemDictionar
Event: 17.870 Thread 0x00000000179cc800 Exception <a 'java/lang/NoSuchMethodError': java.lang.Object.lambda$comparingInt$7b0bb60$1(Ljava/util/function/ToIntFunction;Ljava/lang/Object;Ljava/lang/Object;)I> (0x00000000f66ff6e0) thrown at [C:\ade\jenkins\workspace\8-2-build-windows-amd64-cygwin\jd

Events (10 events):
Event: 18.046 loading class kotlin/reflect/jvm/internal/impl/builtins/ReflectionTypes
Event: 18.046 loading class kotlin/reflect/jvm/internal/impl/builtins/ReflectionTypes done
Event: 18.048 loading class kotlin/reflect/jvm/internal/impl/builtins/ReflectionTypes$Companion
Event: 18.048 loading class kotlin/reflect/jvm/internal/impl/builtins/ReflectionTypes$Companion done
Event: 18.048 loading class kotlin/reflect/jvm/internal/impl/builtins/ReflectionTypes$kotlinReflectScope$2
Event: 18.048 loading class kotlin/reflect/jvm/internal/impl/builtins/ReflectionTypes$kotlinReflectScope$2 done
Event: 18.049 loading class kotlin/reflect/jvm/internal/impl/builtins/ReflectionTypes$ClassLookup
Event: 18.049 loading class kotlin/reflect/jvm/internal/impl/builtins/ReflectionTypes$ClassLookup done
Event: 18.050 loading class kotlin/reflect/jvm/internal/impl/load/java/typeEnhancement/SignatureEnhancement
Event: 18.050 loading class kotlin/reflect/jvm/internal/impl/load/java/typeEnhancement/SignatureEnhancement done


Dynamic libraries:
0x00007ff794b10000 - 0x00007ff794b47000 	C:\Program Files\Java\jdk1.8.0_241\bin\java.exe
0x00007ffaa55f0000 - 0x00007ffaa57dd000 	C:\Windows\SYSTEM32\ntdll.dll
0x00007ffaa3960000 - 0x00007ffaa3a13000 	C:\Windows\System32\KERNEL32.DLL
0x00007ffaa2280000 - 0x00007ffaa2515000 	C:\Windows\System32\KERNELBASE.dll
0x00007ffaa2c30000 - 0x00007ffaa2cd3000 	C:\Windows\System32\ADVAPI32.dll
0x00007ffaa2b80000 - 0x00007ffaa2c1e000 	C:\Windows\System32\msvcrt.dll
0x00007ffaa50c0000 - 0x00007ffaa515e000 	C:\Windows\System32\sechost.dll
0x00007ffaa2fe0000 - 0x00007ffaa3102000 	C:\Windows\System32\RPCRT4.dll
0x00007ffaa2d90000 - 0x00007ffaa2f27000 	C:\Windows\System32\USER32.dll
0x00007ffaa2260000 - 0x00007ffaa2280000 	C:\Windows\System32\win32u.dll
0x00007ffaa5090000 - 0x00007ffaa50b9000 	C:\Windows\System32\GDI32.dll
0x00007ffaa1e60000 - 0x00007ffaa1ff9000 	C:\Windows\System32\gdi32full.dll
0x00007ffaa26c0000 - 0x00007ffaa2760000 	C:\Windows\System32\msvcp_win.dll
0x00007ffaa25c0000 - 0x00007ffaa26ba000 	C:\Windows\System32\ucrtbase.dll
0x00007ffa92750000 - 0x00007ffa929c9000 	C:\Windows\WinSxS\amd64_microsoft.windows.common-controls_6595b64144ccf1df_6.0.17763.1158_none_de722d88534a897f\COMCTL32.dll
0x00007ffaa5160000 - 0x00007ffaa548c000 	C:\Windows\System32\combase.dll
0x00007ffaa2540000 - 0x00007ffaa25be000 	C:\Windows\System32\bcryptPrimitives.dll
0x00007ffaa2f30000 - 0x00007ffaa2f5e000 	C:\Windows\System32\IMM32.DLL
0x000000006b850000 - 0x000000006b922000 	C:\Program Files\Java\jdk1.8.0_241\jre\bin\msvcr100.dll
0x000000006afa0000 - 0x000000006b84c000 	C:\Program Files\Java\jdk1.8.0_241\jre\bin\server\jvm.dll
0x00007ffaa2c20000 - 0x00007ffaa2c28000 	C:\Windows\System32\PSAPI.DLL
0x00007ffa9dd00000 - 0x00007ffa9dd24000 	C:\Windows\SYSTEM32\WINMM.dll
0x00007ffa9a3c0000 - 0x00007ffa9a3c9000 	C:\Windows\SYSTEM32\WSOCK32.dll
0x00007ffa93090000 - 0x00007ffa9309a000 	C:\Windows\SYSTEM32\VERSION.dll
0x00007ffaa3880000 - 0x00007ffaa38ed000 	C:\Windows\System32\WS2_32.dll
0x00007ffa9dcd0000 - 0x00007ffa9dcfd000 	C:\Windows\SYSTEM32\WINMMBASE.dll
0x00007ffaa2000000 - 0x00007ffaa204a000 	C:\Windows\System32\cfgmgr32.dll
0x00007ffa9a3b0000 - 0x00007ffa9a3bf000 	C:\Program Files\Java\jdk1.8.0_241\jre\bin\verify.dll
0x00007ffa9a380000 - 0x00007ffa9a3a9000 	C:\Program Files\Java\jdk1.8.0_241\jre\bin\java.dll
0x00007ffa95f60000 - 0x00007ffa95f76000 	C:\Program Files\Java\jdk1.8.0_241\jre\bin\zip.dll
0x00007ffaa3b90000 - 0x00007ffaa5084000 	C:\Windows\System32\SHELL32.dll
0x00007ffaa2ce0000 - 0x00007ffaa2d88000 	C:\Windows\System32\shcore.dll
0x00007ffaa16b0000 - 0x00007ffaa1dfd000 	C:\Windows\System32\windows.storage.dll
0x00007ffaa1680000 - 0x00007ffaa16a4000 	C:\Windows\System32\profapi.dll
0x00007ffaa1620000 - 0x00007ffaa167d000 	C:\Windows\System32\powrprof.dll
0x00007ffaa2890000 - 0x00007ffaa28e2000 	C:\Windows\System32\shlwapi.dll
0x00007ffaa15e0000 - 0x00007ffaa15f1000 	C:\Windows\System32\kernel.appcore.dll
0x00007ffaa2520000 - 0x00007ffaa2537000 	C:\Windows\System32\cryptsp.dll
0x00007ffa8f340000 - 0x00007ffa8f35a000 	C:\Program Files\Java\jdk1.8.0_241\jre\bin\net.dll
0x00007ffaa0a10000 - 0x00007ffaa0a77000 	C:\Windows\system32\mswsock.dll
0x00007ffa8e390000 - 0x00007ffa8e3a2000 	C:\Program Files\Java\jdk1.8.0_241\jre\bin\nio.dll
0x00007ffa8d8c0000 - 0x00007ffa8d8e6000 	C:\Users\Dell\.gradle\native\30\windows-amd64\native-platform.dll
0x00007ffa96090000 - 0x00007ffa9609d000 	C:\Program Files\Java\jdk1.8.0_241\jre\bin\management.dll
0x00007ffaa0590000 - 0x00007ffaa05c3000 	C:\Windows\system32\rsaenh.dll
0x00007ffaa2050000 - 0x00007ffaa2076000 	C:\Windows\System32\bcrypt.dll
0x00007ffaa1510000 - 0x00007ffaa1538000 	C:\Windows\SYSTEM32\USERENV.dll
0x00007ffaa0be0000 - 0x00007ffaa0bec000 	C:\Windows\SYSTEM32\CRYPTBASE.dll
0x00007ffaa0730000 - 0x00007ffaa076d000 	C:\Windows\SYSTEM32\IPHLPAPI.DLL
0x00007ffaa33f0000 - 0x00007ffaa33f8000 	C:\Windows\System32\NSI.dll
0x00007ffa967f0000 - 0x00007ffa96806000 	C:\Windows\SYSTEM32\dhcpcsvc6.DLL
0x00007ffa96a90000 - 0x00007ffa96aac000 	C:\Windows\SYSTEM32\dhcpcsvc.DLL
0x00007ffaa0770000 - 0x00007ffaa0837000 	C:\Windows\SYSTEM32\DNSAPI.dll

VM Arguments:
jvm_args: -XX:MaxMetaspaceSize=256m -XX:+HeapDumpOnOutOfMemoryError -Xms256m -Xmx512m -Dfile.encoding=windows-1252 -Duser.country=US -Duser.language=en -Duser.variant 
java_command: org.gradle.launcher.daemon.bootstrap.GradleDaemon 6.0.1
java_class_path (initial): C:\Users\Dell\.gradle\wrapper\dists\gradle-6.0.1-all\99d3u8wxs16ndehh90lbbir67\gradle-6.0.1\lib\gradle-launcher-6.0.1.jar
Launcher Type: SUN_STANDARD

Environment Variables:
JAVA_HOME=C:\Program Files\Java\jdk1.8.0_241
CLASSPATH=D:\ReactNative\uflix\android\\gradle\wrapper\gradle-wrapper.jar
PATH=D:\ReactNative\uflix\android\node_modules\.bin;D:\ReactNative\uflix\node_modules\.bin;D:\ReactNative\node_modules\.bin;D:\node_modules\.bin;C:\Program Files\nodejs;C:\Program Files\nodejs\node_modules\npm\node_modules\npm-lifecycle\node-gyp-bin;D:\ReactNative\uflix\node_modules\.bin;C:\Python27\;C:\Python27\Scripts;C:\Windows\system32;C:\Windows;C:\Windows\System32\Wbem;C:\Windows\System32\WindowsPowerShell\v1.0\;C:\Windows\System32\OpenSSH\;C:\ProgramData\chocolatey\bin;C:\Program Files\PuTTY\;C:\Program Files\Git\cmd;C:\Program Files (x86)\Yarn\bin\;C:\Program Files\nodejs\;C:\Ruby27-x64\bin;C:\Users\Dell\AppData\Local\Android\Sdk\platform-tools;C:\Program Files\MySQL\MySQL Shell 8.0\bin\;C:\Users\Dell\AppData\Local\Microsoft\WindowsApps;C:\Users\Dell\AppData\Local\Programs\Microsoft VS Code\bin;C:\Program Files\Java\jdk1.8.0_231\bin;C:\Program Files\Java\jdk1.8.0_241\bin;C:\Program Files\heroku\bin;C:\Users\Dell\AppData\Local\Yarn\bin;C:\Users\Dell\AppData\Roaming\npm
USERNAME=Dell
OS=Windows_NT
PROCESSOR_IDENTIFIER=Intel64 Family 6 Model 78 Stepping 3, GenuineIntel



---------------  S Y S T E M  ---------------

OS: Windows 10.0 , 64 bit Build 17763 (10.0.17763.1158)

CPU:total 4 (initial active 4) (2 cores per cpu, 2 threads per core) family 6 model 78 stepping 3, cmov, cx8, fxsr, mmx, sse, sse2, sse3, ssse3, sse4.1, sse4.2, popcnt, avx, avx2, aes, clmul, erms, rtm, 3dnowpref, lzcnt, ht, tsc, tscinvbit, bmi1, bmi2, adx

Memory: 4k page, physical 12275124k(7084296k free), swap 14175668k(8520308k free)

vm_info: Java HotSpot(TM) 64-Bit Server VM (25.241-b07) for windows-amd64 JRE (1.8.0_241-b07), built on Dec 11 2019 10:21:40 by "rejava" with MS VC++ 10.0 (VS2010)

time: Wed Apr 22 22:55:28 2020
timezone: Pakistan Standard Time
elapsed time: 18 seconds (0d 0h 0m 18s)

