#
# A fatal error has been detected by the Java Runtime Environment:
#
#  EXCEPTION_ACCESS_VIOLATION (0xc0000005) at pc=0x0000000000000140, pid=1060, tid=0x0000000000000fac
#
# JRE version: Java(TM) SE Runtime Environment (8.0_241-b07) (build 1.8.0_241-b07)
# Java VM: Java HotSpot(TM) 64-Bit Server VM (25.241-b07 mixed mode windows-amd64 compressed oops)
# Problematic frame:
# C  0x0000000000000140
#
# Failed to write core dump. Minidumps are not enabled by default on client versions of Windows
#
# If you would like to submit a bug report, please visit:
#   http://bugreport.java.com/bugreport/crash.jsp
#

---------------  T H R E A D  ---------------

Current thread (0x00000000144e0800):  JavaThread "C2 CompilerThread1" daemon [_thread_in_native, id=4012, stack(0x0000000015c30000,0x0000000015d30000)]

siginfo: ExceptionCode=0xc0000005, ExceptionInformation=0x0000000000000008 0x0000000000000140

Registers:
RAX=0x0000000015fdd430, RBX=0x00000000605bf9dd, RCX=0x0000000000000009, RDX=0x000000001ec8daa0
RSP=0x0000000015d2c008, RBP=0x0000000020e80820, RSI=0x0000000000000028, RDI=0x0000000000000018
R8 =0x0000000000000008, R9 =0x0000000000000008, R10=0xffffffffffffb780, R11=0x000000001ac31ef0
R12=0x0000000002fcd770, R13=0x0000000015fdacb0, R14=0x0000000015d2c240, R15=0x000000001d9fff00
RIP=0x0000000000000140, EFLAGS=0x0000000000010202

Top of Stack: (sp=0x0000000015d2c008)
0x0000000015d2c008:   00000000605bf9dd 0000000020e80820
0x0000000015d2c018:   0000000000000028 0000000000000018
0x0000000015d2c028:   0000000000000003 0000000015fd63d0
0x0000000015d2c038:   0000000000000008 000000001ec98eb8
0x0000000015d2c048:   0000000000000060 ffffffffffffffff
0x0000000015d2c058:   0000000000000000 0000000020c51600
0x0000000015d2c068:   000000006024dcfb 0000000000000000
0x0000000015d2c078:   00000000000000e8 0000000015d2e680
0x0000000015d2c088:   0000000000000000 0000000015d2e680
0x0000000015d2c098:   000000001d9fa770 0000000002fcd770
0x0000000015d2c0a8:   0000000015d2c138 0000000000000008
0x0000000015d2c0b8:   00000000605bfdda 0000000015d2c2d0
0x0000000015d2c0c8:   0000000015d2c240 0000000015d2c108
0x0000000015d2c0d8:   0000000000000008 0000000002fcd770
0x0000000015d2c0e8:   000000001d9fff00 0000000002fcd770
0x0000000015d2c0f8:   0000000060663869 0000000000001000 

Instructions: (pc=0x0000000000000140)
0x0000000000000120:   
[error occurred during error reporting (printing registers, top of stack, instructions near pc), id 0xc0000005]

Register to memory mapping:

RAX=0x0000000015fdd430 is an unknown value
RBX=0x00000000605bf9dd is an unknown value
RCX=0x0000000000000009 is an unknown value
RDX=0x000000001ec8daa0 is an unknown value
RSP=0x0000000015d2c008 is pointing into the stack for thread: 0x00000000144e0800
RBP=0x0000000020e80820 is an unknown value
RSI=0x0000000000000028 is an unknown value
RDI=0x0000000000000018 is an unknown value
R8 =0x0000000000000008 is an unknown value
R9 =0x0000000000000008 is an unknown value
R10=0xffffffffffffb780 is an unknown value
R11=0x000000001ac31ef0 is an unknown value
R12=0x0000000002fcd770 is an unknown value
R13=0x0000000015fdacb0 is an unknown value
R14=0x0000000015d2c240 is pointing into the stack for thread: 0x00000000144e0800
R15=0x000000001d9fff00 is an unknown value


Stack: [0x0000000015c30000,0x0000000015d30000],  sp=0x0000000015d2c008,  free space=1008k
Native frames: (J=compiled Java code, j=interpreted, Vv=VM code, C=native code)
C  0x0000000000000140


Current CompileTask:
C2: 942672 23175       4       org.gradle.api.internal.artifacts.ivyservice.resolveengine.graph.builder.NodeState::maybeSubstitute (76 bytes)


---------------  P R O C E S S  ---------------

Java Threads: ( => current thread )
  0x000000001a891000 JavaThread "Cache worker for file content cache (D:\ReactNative\uflix\android\.gradle\6.0.1\fileContent)" [_thread_blocked, id=9664, stack(0x000000002d820000,0x000000002d920000)]
  0x000000001a88e800 JavaThread "Cache worker for Build Output Cleanup Cache (D:\ReactNative\uflix\android\.gradle\buildOutputCleanup)" [_thread_blocked, id=7896, stack(0x000000002d720000,0x000000002d820000)]
  0x000000001a893000 JavaThread "Build operations Thread 4" [_thread_blocked, id=9588, stack(0x000000002d620000,0x000000002d720000)]
  0x000000001a88e000 JavaThread "Build operations Thread 3" [_thread_blocked, id=9712, stack(0x000000002d520000,0x000000002d620000)]
  0x000000001a892800 JavaThread "Build operations Thread 2" [_thread_blocked, id=9020, stack(0x000000002d420000,0x000000002d520000)]
  0x000000001a884000 JavaThread "Build operations" [_thread_blocked, id=7952, stack(0x000000002d320000,0x000000002d420000)]
  0x000000001a889800 JavaThread "Cache worker for cache directory md-rule (C:\Users\Dell\.gradle\caches\6.0.1\md-rule)" [_thread_blocked, id=1804, stack(0x000000002d220000,0x000000002d320000)]
  0x000000001b68f800 JavaThread "Cache worker for cache directory md-supplier (C:\Users\Dell\.gradle\caches\6.0.1\md-supplier)" [_thread_blocked, id=10084, stack(0x000000002d120000,0x000000002d220000)]
  0x000000001b68e000 JavaThread "Cache worker for file hash cache (D:\ReactNative\uflix\android\.gradle\6.0.1\fileHashes)" [_thread_blocked, id=5756, stack(0x000000002d020000,0x000000002d120000)]
  0x000000001b690800 JavaThread "Thread-140" [_thread_blocked, id=8368, stack(0x000000002cf20000,0x000000002d020000)]
  0x000000001b68d000 JavaThread "Stdin handler" [_thread_blocked, id=8332, stack(0x000000002ce20000,0x000000002cf20000)]
  0x000000001b684000 JavaThread "Asynchronous log dispatcher for DefaultDaemonConnection: socket connection from /127.0.0.1:49928 to /127.0.0.1:50218" [_thread_blocked, id=2020, stack(0x000000002cd20000,0x000000002ce20000)]
  0x000000001b689800 JavaThread "Daemon worker Thread 6" [_thread_in_Java, id=9208, stack(0x000000002cc20000,0x000000002cd20000)]
  0x000000001b682000 JavaThread "Cancel handler" [_thread_blocked, id=9008, stack(0x000000002cb20000,0x000000002cc20000)]
  0x000000001b681000 JavaThread "Handler for socket connection from /127.0.0.1:49928 to /127.0.0.1:50218" [_thread_in_native, id=3420, stack(0x000000002ca20000,0x000000002cb20000)]
  0x000000001b685000 JavaThread "Daemon Thread 6" [_thread_blocked, id=9376, stack(0x000000002c920000,0x000000002ca20000)]
  0x000000001a885800 JavaThread "Cache worker for Java compile cache (C:\Users\Dell\.gradle\caches\6.0.1\javaCompile)" [_thread_blocked, id=9632, stack(0x0000000027620000,0x0000000027720000)]
  0x000000001b68a000 JavaThread "AWT-Windows" daemon [_thread_in_native, id=9368, stack(0x0000000023d20000,0x0000000023e20000)]
  0x000000001b688000 JavaThread "Java2D Disposer" daemon [_thread_blocked, id=9380, stack(0x0000000023b20000,0x0000000023c20000)]
  0x000000001b687000 JavaThread "Device List Monitor" [_thread_in_native, id=9220, stack(0x0000000023920000,0x0000000023a20000)]
  0x000000001b682800 JavaThread "Monitor" [_thread_in_native, id=10172, stack(0x0000000023520000,0x0000000023620000)]
  0x000000001d030000 JavaThread "Cache worker for file content cache (C:\Users\Dell\.gradle\caches\6.0.1\fileContent)" [_thread_blocked, id=10012, stack(0x0000000022510000,0x0000000022610000)]
  0x000000001d02e800 JavaThread "Memory manager" [_thread_blocked, id=9996, stack(0x0000000022210000,0x0000000022310000)]
  0x000000001d030800 JavaThread "Cache worker for execution history cache (C:\Users\Dell\.gradle\caches\6.0.1\executionHistory)" [_thread_blocked, id=9460, stack(0x000000001e750000,0x000000001e850000)]
  0x0000000017fa2800 JavaThread "Cache worker for journal cache (C:\Users\Dell\.gradle\caches\journal-1)" [_thread_blocked, id=5608, stack(0x000000001a050000,0x000000001a150000)]
  0x0000000017fa2000 JavaThread "File lock request listener" [_thread_in_native, id=2880, stack(0x0000000019f50000,0x000000001a050000)]
  0x0000000017fa1000 JavaThread "Cache worker for file hash cache (C:\Users\Dell\.gradle\caches\6.0.1\fileHashes)" [_thread_blocked, id=5560, stack(0x0000000019e50000,0x0000000019f50000)]
  0x0000000017fe4800 JavaThread "Daemon periodic checks" [_thread_blocked, id=3216, stack(0x0000000019450000,0x0000000019550000)]
  0x0000000017fe3800 JavaThread "Incoming local TCP Connector on port 49928" [_thread_in_native, id=8672, stack(0x0000000019210000,0x0000000019310000)]
  0x0000000018076000 JavaThread "Daemon health stats" [_thread_blocked, id=5992, stack(0x0000000018bd0000,0x0000000018cd0000)]
  0x000000001452d000 JavaThread "Service Thread" daemon [_thread_blocked, id=7504, stack(0x0000000016230000,0x0000000016330000)]
  0x0000000014507800 JavaThread "C1 CompilerThread2" daemon [_thread_blocked, id=5216, stack(0x0000000015d30000,0x0000000015e30000)]
=>0x00000000144e0800 JavaThread "C2 CompilerThread1" daemon [_thread_in_native, id=4012, stack(0x0000000015c30000,0x0000000015d30000)]
  0x00000000144d5000 JavaThread "C2 CompilerThread0" daemon [_thread_in_native, id=4276, stack(0x0000000015b30000,0x0000000015c30000)]
  0x00000000144d2800 JavaThread "Attach Listener" daemon [_thread_blocked, id=3024, stack(0x0000000015a30000,0x0000000015b30000)]
  0x00000000144d6800 JavaThread "Signal Dispatcher" daemon [_thread_blocked, id=2548, stack(0x0000000015930000,0x0000000015a30000)]
  0x00000000030aa800 JavaThread "Finalizer" daemon [_thread_blocked, id=6668, stack(0x0000000015730000,0x0000000015830000)]
  0x00000000030a1800 JavaThread "Reference Handler" daemon [_thread_blocked, id=3804, stack(0x0000000015630000,0x0000000015730000)]
  0x0000000002eae800 JavaThread "main" [_thread_blocked, id=7356, stack(0x0000000002eb0000,0x0000000002fb0000)]

Other Threads:
  0x0000000014497800 VMThread [stack: 0x0000000015530000,0x0000000015630000] [id=2160]
  0x000000001452e000 WatcherThread [stack: 0x0000000016330000,0x0000000016430000] [id=2228]

VM state:not at safepoint (normal execution)

VM Mutex/Monitor currently owned by a thread: None

heap address: 0x00000000e0000000, size: 512 MB, Compressed Oops mode: 32-bit
Narrow klass base: 0x0000000000000000, Narrow klass shift: 3
Compressed class space size: 1073741824 Address: 0x0000000100000000

Heap:
 PSYoungGen      total 132096K, used 38227K [0x00000000f5580000, 0x00000000ffb80000, 0x0000000100000000)
  eden space 94208K, 26% used [0x00000000f5580000,0x00000000f6dc7ea8,0x00000000fb180000)
  from space 37888K, 35% used [0x00000000fb180000,0x00000000fbe8d148,0x00000000fd680000)
  to   space 35840K, 0% used [0x00000000fd880000,0x00000000fd880000,0x00000000ffb80000)
 ParOldGen       total 348672K, used 169149K [0x00000000e0000000, 0x00000000f5480000, 0x00000000f5580000)
  object space 348672K, 48% used [0x00000000e0000000,0x00000000ea52f4b8,0x00000000f5480000)
 Metaspace       used 94760K, capacity 101106K, committed 101248K, reserved 1136640K
  class space    used 12417K, capacity 13610K, committed 13696K, reserved 1048576K

Card table byte_map: [0x0000000012470000,0x0000000012580000] byte_map_base: 0x0000000011d70000

Marking Bits: (ParMarkBitMap*) 0x000000006098be30
 Begin Bits: [0x0000000012a30000, 0x0000000013230000)
 End Bits:   [0x0000000013230000, 0x0000000013a30000)

Polling page: 0x0000000001180000

CodeCache: size=245760Kb used=62907Kb max_used=62907Kb free=182852Kb
 bounds [0x00000000030b0000, 0x0000000006e80000, 0x00000000120b0000]
 total_blobs=19252 nmethods=18350 adapters=810
 compilation: enabled

Compilation events (10 events):
Event: 942.584 Thread 0x0000000014507800 23196       2       org.gradle.api.internal.artifacts.repositories.metadata.DefaultMavenPomMetadataSource::<init> (24 bytes)
Event: 942.585 Thread 0x0000000014507800 nmethod 23196 0x0000000006e39710 code [0x0000000006e39860, 0x0000000006e39a10]
Event: 942.587 Thread 0x0000000014507800 23197       2       org.gradle.api.internal.artifacts.repositories.metadata.AbstractRepositoryMetadataSource::<init> (15 bytes)
Event: 942.587 Thread 0x0000000014507800 nmethod 23197 0x0000000006e393d0 code [0x0000000006e39520, 0x0000000006e39690]
Event: 942.603 Thread 0x0000000014507800 23198       2       org.gradle.api.internal.tasks.properties.bean.NestedRuntimeBeanNode$ImplementationPropertyValue::getTaskDependencies (4 bytes)
Event: 942.604 Thread 0x0000000014507800 nmethod 23198 0x0000000006e39090 code [0x0000000006e391e0, 0x0000000006e39330]
Event: 942.605 Thread 0x0000000014507800 23199       2       org.gradle.api.internal.artifacts.ivyservice.ShortCircuitEmptyConfigurationResolver$EmptyResults::access$000 (4 bytes)
Event: 942.605 Thread 0x0000000014507800 nmethod 23199 0x0000000006e69c10 code [0x0000000006e69d60, 0x0000000006e69e90]
Event: 942.611 Thread 0x0000000014507800 23200       1       com.android.build.gradle.internal.api.DefaultAndroidSourceSet::getJava (5 bytes)
Event: 942.611 Thread 0x0000000014507800 nmethod 23200 0x0000000006e38dd0 code [0x0000000006e38f20, 0x0000000006e39030]

GC Heap History (10 events):
Event: 724.397 GC heap before
{Heap before GC invocations=39 (full 4):
 PSYoungGen      total 128000K, used 105028K [0x00000000f5580000, 0x00000000ffe00000, 0x0000000100000000)
  eden space 83968K, 100% used [0x00000000f5580000,0x00000000fa780000,0x00000000fa780000)
  from space 44032K, 47% used [0x00000000fd280000,0x00000000fe711188,0x00000000ffd80000)
  to   space 44032K, 0% used [0x00000000fa780000,0x00000000fa780000,0x00000000fd280000)
 ParOldGen       total 348672K, used 126036K [0x00000000e0000000, 0x00000000f5480000, 0x00000000f5580000)
  object space 348672K, 36% used [0x00000000e0000000,0x00000000e7b152d8,0x00000000f5480000)
 Metaspace       used 94124K, capacity 100354K, committed 100608K, reserved 1136640K
  class space    used 12368K, capacity 13552K, committed 13568K, reserved 1048576K
Event: 724.440 GC heap after
Heap after GC invocations=39 (full 4):
 PSYoungGen      total 128000K, used 2224K [0x00000000f5580000, 0x00000000ffe00000, 0x0000000100000000)
  eden space 83968K, 0% used [0x00000000f5580000,0x00000000f5580000,0x00000000fa780000)
  from space 44032K, 5% used [0x00000000fa780000,0x00000000fa9ac010,0x00000000fd280000)
  to   space 43008K, 0% used [0x00000000fd400000,0x00000000fd400000,0x00000000ffe00000)
 ParOldGen       total 348672K, used 146193K [0x00000000e0000000, 0x00000000f5480000, 0x00000000f5580000)
  object space 348672K, 41% used [0x00000000e0000000,0x00000000e8ec4490,0x00000000f5480000)
 Metaspace       used 94124K, capacity 100354K, committed 100608K, reserved 1136640K
  class space    used 12368K, capacity 13552K, committed 13568K, reserved 1048576K
}
Event: 767.356 GC heap before
{Heap before GC invocations=40 (full 4):
 PSYoungGen      total 128000K, used 86192K [0x00000000f5580000, 0x00000000ffe00000, 0x0000000100000000)
  eden space 83968K, 100% used [0x00000000f5580000,0x00000000fa780000,0x00000000fa780000)
  from space 44032K, 5% used [0x00000000fa780000,0x00000000fa9ac010,0x00000000fd280000)
  to   space 43008K, 0% used [0x00000000fd400000,0x00000000fd400000,0x00000000ffe00000)
 ParOldGen       total 348672K, used 146193K [0x00000000e0000000, 0x00000000f5480000, 0x00000000f5580000)
  object space 348672K, 41% used [0x00000000e0000000,0x00000000e8ec4490,0x00000000f5480000)
 Metaspace       used 94532K, capacity 100842K, committed 100992K, reserved 1136640K
  class space    used 12410K, capacity 13600K, committed 13696K, reserved 1048576K
Event: 767.379 GC heap after
Heap after GC invocations=40 (full 4):
 PSYoungGen      total 127488K, used 8285K [0x00000000f5580000, 0x00000000ffb00000, 0x0000000100000000)
  eden space 87552K, 0% used [0x00000000f5580000,0x00000000f5580000,0x00000000fab00000)
  from space 39936K, 20% used [0x00000000fd400000,0x00000000fdc17680,0x00000000ffb00000)
  to   space 40960K, 0% used [0x00000000fab00000,0x00000000fab00000,0x00000000fd300000)
 ParOldGen       total 348672K, used 147087K [0x00000000e0000000, 0x00000000f5480000, 0x00000000f5580000)
  object space 348672K, 42% used [0x00000000e0000000,0x00000000e8fa3e00,0x00000000f5480000)
 Metaspace       used 94532K, capacity 100842K, committed 100992K, reserved 1136640K
  class space    used 12410K, capacity 13600K, committed 13696K, reserved 1048576K
}
Event: 768.157 GC heap before
{Heap before GC invocations=41 (full 4):
 PSYoungGen      total 127488K, used 95837K [0x00000000f5580000, 0x00000000ffb00000, 0x0000000100000000)
  eden space 87552K, 100% used [0x00000000f5580000,0x00000000fab00000,0x00000000fab00000)
  from space 39936K, 20% used [0x00000000fd400000,0x00000000fdc17680,0x00000000ffb00000)
  to   space 40960K, 0% used [0x00000000fab00000,0x00000000fab00000,0x00000000fd300000)
 ParOldGen       total 348672K, used 147087K [0x00000000e0000000, 0x00000000f5480000, 0x00000000f5580000)
  object space 348672K, 42% used [0x00000000e0000000,0x00000000e8fa3e00,0x00000000f5480000)
 Metaspace       used 94594K, capacity 100966K, committed 101248K, reserved 1136640K
  class space    used 12416K, capacity 13610K, committed 13696K, reserved 1048576K
Event: 768.187 GC heap after
Heap after GC invocations=41 (full 4):
 PSYoungGen      total 128512K, used 13984K [0x00000000f5580000, 0x00000000ffc00000, 0x0000000100000000)
  eden space 87552K, 0% used [0x00000000f5580000,0x00000000f5580000,0x00000000fab00000)
  from space 40960K, 34% used [0x00000000fab00000,0x00000000fb8a8030,0x00000000fd300000)
  to   space 38400K, 0% used [0x00000000fd680000,0x00000000fd680000,0x00000000ffc00000)
 ParOldGen       total 348672K, used 154766K [0x00000000e0000000, 0x00000000f5480000, 0x00000000f5580000)
  object space 348672K, 44% used [0x00000000e0000000,0x00000000e9723ae8,0x00000000f5480000)
 Metaspace       used 94594K, capacity 100966K, committed 101248K, reserved 1136640K
  class space    used 12416K, capacity 13610K, committed 13696K, reserved 1048576K
}
Event: 769.337 GC heap before
{Heap before GC invocations=42 (full 4):
 PSYoungGen      total 128512K, used 101536K [0x00000000f5580000, 0x00000000ffc00000, 0x0000000100000000)
  eden space 87552K, 100% used [0x00000000f5580000,0x00000000fab00000,0x00000000fab00000)
  from space 40960K, 34% used [0x00000000fab00000,0x00000000fb8a8030,0x00000000fd300000)
  to   space 38400K, 0% used [0x00000000fd680000,0x00000000fd680000,0x00000000ffc00000)
 ParOldGen       total 348672K, used 154766K [0x00000000e0000000, 0x00000000f5480000, 0x00000000f5580000)
  object space 348672K, 44% used [0x00000000e0000000,0x00000000e9723ae8,0x00000000f5480000)
 Metaspace       used 94605K, capacity 100970K, committed 101248K, reserved 1136640K
  class space    used 12417K, capacity 13610K, committed 13696K, reserved 1048576K
Event: 769.382 GC heap after
Heap after GC invocations=42 (full 4):
 PSYoungGen      total 132608K, used 2208K [0x00000000f5580000, 0x00000000ffc80000, 0x0000000100000000)
  eden space 94208K, 0% used [0x00000000f5580000,0x00000000f5580000,0x00000000fb180000)
  from space 38400K, 5% used [0x00000000fd680000,0x00000000fd8a8020,0x00000000ffc00000)
  to   space 37888K, 0% used [0x00000000fb180000,0x00000000fb180000,0x00000000fd680000)
 ParOldGen       total 348672K, used 167942K [0x00000000e0000000, 0x00000000f5480000, 0x00000000f5580000)
  object space 348672K, 48% used [0x00000000e0000000,0x00000000ea401a40,0x00000000f5480000)
 Metaspace       used 94605K, capacity 100970K, committed 101248K, reserved 1136640K
  class space    used 12417K, capacity 13610K, committed 13696K, reserved 1048576K
}
Event: 942.396 GC heap before
{Heap before GC invocations=43 (full 4):
 PSYoungGen      total 132608K, used 96416K [0x00000000f5580000, 0x00000000ffc80000, 0x0000000100000000)
  eden space 94208K, 100% used [0x00000000f5580000,0x00000000fb180000,0x00000000fb180000)
  from space 38400K, 5% used [0x00000000fd680000,0x00000000fd8a8020,0x00000000ffc00000)
  to   space 37888K, 0% used [0x00000000fb180000,0x00000000fb180000,0x00000000fd680000)
 ParOldGen       total 348672K, used 167942K [0x00000000e0000000, 0x00000000f5480000, 0x00000000f5580000)
  object space 348672K, 48% used [0x00000000e0000000,0x00000000ea401a40,0x00000000f5480000)
 Metaspace       used 94756K, capacity 101106K, committed 101248K, reserved 1136640K
  class space    used 12417K, capacity 13610K, committed 13696K, reserved 1048576K
Event: 942.428 GC heap after
Heap after GC invocations=43 (full 4):
 PSYoungGen      total 132096K, used 13364K [0x00000000f5580000, 0x00000000ffb80000, 0x0000000100000000)
  eden space 94208K, 0% used [0x00000000f5580000,0x00000000f5580000,0x00000000fb180000)
  from space 37888K, 35% used [0x00000000fb180000,0x00000000fbe8d148,0x00000000fd680000)
  to   space 35840K, 0% used [0x00000000fd880000,0x00000000fd880000,0x00000000ffb80000)
 ParOldGen       total 348672K, used 169149K [0x00000000e0000000, 0x00000000f5480000, 0x00000000f5580000)
  object space 348672K, 48% used [0x00000000e0000000,0x00000000ea52f4b8,0x00000000f5480000)
 Metaspace       used 94756K, capacity 101106K, committed 101248K, reserved 1136640K
  class space    used 12417K, capacity 13610K, committed 13696K, reserved 1048576K
}

Deoptimization events (10 events):
Event: 725.453 Thread 0x000000001b684000 Uncommon trap: reason=bimorphic action=maybe_recompile pc=0x000000000500cdf4 method=com.google.common.cache.LocalCache$Segment.setValue(Lcom/google/common/cache/ReferenceEntry;Ljava/lang/Object;Ljava/lang/Object;J)V @ 1
Event: 725.453 Thread 0x000000001b684000 Uncommon trap: reason=class_check action=maybe_recompile pc=0x00000000054e7de8 method=com.google.common.cache.LocalCache$Segment.put(Ljava/lang/Object;ILjava/lang/Object;Z)Ljava/lang/Object; @ 75
Event: 725.509 Thread 0x000000001b682000 Uncommon trap: reason=array_check action=maybe_recompile pc=0x00000000041ff768 method=java.util.ComparableTimSort.reverseRange([Ljava/lang/Object;II)V @ 20
Event: 725.516 Thread 0x000000001b682000 Uncommon trap: reason=array_check action=maybe_recompile pc=0x00000000041ff768 method=java.util.ComparableTimSort.reverseRange([Ljava/lang/Object;II)V @ 20
Event: 725.518 Thread 0x000000001b682000 Uncommon trap: reason=array_check action=maybe_recompile pc=0x00000000041ff768 method=java.util.ComparableTimSort.reverseRange([Ljava/lang/Object;II)V @ 20
Event: 725.520 Thread 0x000000001b682000 Uncommon trap: reason=array_check action=maybe_recompile pc=0x00000000041ff768 method=java.util.ComparableTimSort.reverseRange([Ljava/lang/Object;II)V @ 20
Event: 725.525 Thread 0x000000001b682000 Uncommon trap: reason=unstable_if action=reinterpret pc=0x0000000005047b7c method=org.gradle.internal.remote.internal.inet.SocketConnection$SocketOutputStream.write([BII)V @ 64
Event: 769.390 Thread 0x000000001b686800 Uncommon trap: reason=unstable_if action=reinterpret pc=0x0000000004ca06c4 method=com.google.common.cache.LongAdder.add(J)V @ 24
Event: 769.391 Thread 0x000000001b686800 Uncommon trap: reason=unstable_if action=reinterpret pc=0x0000000003b8dcb8 method=com.google.common.cache.LongAdder.add(J)V @ 6
Event: 769.399 Thread 0x000000001b690800 Uncommon trap: reason=unstable_if action=reinterpret pc=0x00000000037477ec method=java.util.concurrent.ConcurrentLinkedQueue.offer(Ljava/lang/Object;)Z @ 91

Classes redefined (0 events):
No events

Internal exceptions (10 events):
Event: 779.720 Thread 0x000000001b684000 Exception <a 'sun/nio/fs/WindowsException'> (0x00000000f60c44c0) thrown at [C:\ade\jenkins\workspace\8-2-build-windows-amd64-cygwin\jdk8u241\331\hotspot\src\share\vm\prims\jni.cpp, line 710]
Event: 779.721 Thread 0x000000001b684000 Exception <a 'sun/nio/fs/WindowsException'> (0x00000000f60c5ed8) thrown at [C:\ade\jenkins\workspace\8-2-build-windows-amd64-cygwin\jdk8u241\331\hotspot\src\share\vm\prims\jni.cpp, line 710]
Event: 779.721 Thread 0x000000001b684000 Exception <a 'sun/nio/fs/WindowsException'> (0x00000000f60c7950) thrown at [C:\ade\jenkins\workspace\8-2-build-windows-amd64-cygwin\jdk8u241\331\hotspot\src\share\vm\prims\jni.cpp, line 710]
Event: 779.721 Thread 0x000000001b684000 Exception <a 'sun/nio/fs/WindowsException'> (0x00000000f60c93a8) thrown at [C:\ade\jenkins\workspace\8-2-build-windows-amd64-cygwin\jdk8u241\331\hotspot\src\share\vm\prims\jni.cpp, line 710]
Event: 779.722 Thread 0x000000001b684000 Exception <a 'sun/nio/fs/WindowsException'> (0x00000000f60cae00) thrown at [C:\ade\jenkins\workspace\8-2-build-windows-amd64-cygwin\jdk8u241\331\hotspot\src\share\vm\prims\jni.cpp, line 710]
Event: 779.722 Thread 0x000000001b684000 Exception <a 'sun/nio/fs/WindowsException'> (0x00000000f60cc838) thrown at [C:\ade\jenkins\workspace\8-2-build-windows-amd64-cygwin\jdk8u241\331\hotspot\src\share\vm\prims\jni.cpp, line 710]
Event: 941.893 Thread 0x000000001b689800 Implicit null exception at 0x00000000051bde72 to 0x00000000051be526
Event: 941.894 Thread 0x000000001b689800 Exception <a 'java/lang/NullPointerException'> (0x00000000f868a720) thrown at [C:\ade\jenkins\workspace\8-2-build-windows-amd64-cygwin\jdk8u241\331\hotspot\src\share\vm\runtime\sharedRuntime.cpp, line 605]
Event: 942.024 Thread 0x000000001b689800 Implicit null exception at 0x00000000051bde72 to 0x00000000051be526
Event: 942.024 Thread 0x000000001b689800 Exception <a 'java/lang/NullPointerException'> (0x00000000f8d50590) thrown at [C:\ade\jenkins\workspace\8-2-build-windows-amd64-cygwin\jdk8u241\331\hotspot\src\share\vm\runtime\sharedRuntime.cpp, line 605]

Events (10 events):
Event: 942.396 Executing VM operation: ParallelGCFailedAllocation
Event: 942.428 Executing VM operation: ParallelGCFailedAllocation done
Event: 942.429 Executing VM operation: RevokeBias
Event: 942.429 Executing VM operation: RevokeBias done
Event: 942.429 Executing VM operation: RevokeBias
Event: 942.429 Executing VM operation: RevokeBias done
Event: 942.429 Executing VM operation: RevokeBias
Event: 942.430 Executing VM operation: RevokeBias done
Event: 942.430 Executing VM operation: BulkRevokeBias
Event: 942.430 Executing VM operation: BulkRevokeBias done


Dynamic libraries:
0x00007ff775900000 - 0x00007ff775937000 	C:\Program Files\Java\jdk1.8.0_241\bin\java.exe
0x00007ffc1ace0000 - 0x00007ffc1aecd000 	C:\Windows\SYSTEM32\ntdll.dll
0x00007ffc194a0000 - 0x00007ffc19553000 	C:\Windows\System32\KERNEL32.DLL
0x00007ffc16ea0000 - 0x00007ffc17135000 	C:\Windows\System32\KERNELBASE.dll
0x00007ffc186b0000 - 0x00007ffc18753000 	C:\Windows\System32\ADVAPI32.dll
0x00007ffc1ab30000 - 0x00007ffc1abce000 	C:\Windows\System32\msvcrt.dll
0x00007ffc18940000 - 0x00007ffc189de000 	C:\Windows\System32\sechost.dll
0x00007ffc17f00000 - 0x00007ffc18022000 	C:\Windows\System32\RPCRT4.dll
0x00007ffc189e0000 - 0x00007ffc18b77000 	C:\Windows\System32\USER32.dll
0x00007ffc17260000 - 0x00007ffc17280000 	C:\Windows\System32\win32u.dll
0x00007ffc193b0000 - 0x00007ffc193d9000 	C:\Windows\System32\GDI32.dll
0x00007ffc17560000 - 0x00007ffc176f9000 	C:\Windows\System32\gdi32full.dll
0x00007ffc17160000 - 0x00007ffc17200000 	C:\Windows\System32\msvcp_win.dll
0x00007ffc16da0000 - 0x00007ffc16e9a000 	C:\Windows\System32\ucrtbase.dll
0x00007ffc079f0000 - 0x00007ffc07c69000 	C:\Windows\WinSxS\amd64_microsoft.windows.common-controls_6595b64144ccf1df_6.0.17763.1158_none_de722d88534a897f\COMCTL32.dll
0x00007ffc18fa0000 - 0x00007ffc192cc000 	C:\Windows\System32\combase.dll
0x00007ffc17700000 - 0x00007ffc1777e000 	C:\Windows\System32\bcryptPrimitives.dll
0x00007ffc18be0000 - 0x00007ffc18c0e000 	C:\Windows\System32\IMM32.DLL
0x0000000060a10000 - 0x0000000060ae2000 	C:\Program Files\Java\jdk1.8.0_241\jre\bin\msvcr100.dll
0x0000000060160000 - 0x0000000060a0c000 	C:\Program Files\Java\jdk1.8.0_241\jre\bin\server\jvm.dll
0x00007ffc18570000 - 0x00007ffc18578000 	C:\Windows\System32\PSAPI.DLL
0x00007ffc131c0000 - 0x00007ffc131c9000 	C:\Windows\SYSTEM32\WSOCK32.dll
0x00007ffc136e0000 - 0x00007ffc13704000 	C:\Windows\SYSTEM32\WINMM.dll
0x00007ffc07d70000 - 0x00007ffc07d7a000 	C:\Windows\SYSTEM32\VERSION.dll
0x00007ffc18f30000 - 0x00007ffc18f9d000 	C:\Windows\System32\WS2_32.dll
0x00007ffc136b0000 - 0x00007ffc136dd000 	C:\Windows\SYSTEM32\WINMMBASE.dll
0x00007ffc17280000 - 0x00007ffc172ca000 	C:\Windows\System32\cfgmgr32.dll
0x00007ffc10da0000 - 0x00007ffc10daf000 	C:\Program Files\Java\jdk1.8.0_241\jre\bin\verify.dll
0x00007ffbedec0000 - 0x00007ffbedee9000 	C:\Program Files\Java\jdk1.8.0_241\jre\bin\java.dll
0x00007ffbedea0000 - 0x00007ffbedeb6000 	C:\Program Files\Java\jdk1.8.0_241\jre\bin\zip.dll
0x00007ffc19560000 - 0x00007ffc1aa54000 	C:\Windows\System32\SHELL32.dll
0x00007ffc1aa60000 - 0x00007ffc1ab08000 	C:\Windows\System32\shcore.dll
0x00007ffc177b0000 - 0x00007ffc17efd000 	C:\Windows\System32\windows.storage.dll
0x00007ffc16cf0000 - 0x00007ffc16d14000 	C:\Windows\System32\profapi.dll
0x00007ffc16d40000 - 0x00007ffc16d9d000 	C:\Windows\System32\powrprof.dll
0x00007ffc193e0000 - 0x00007ffc19432000 	C:\Windows\System32\shlwapi.dll
0x00007ffc16d20000 - 0x00007ffc16d31000 	C:\Windows\System32\kernel.appcore.dll
0x00007ffc17140000 - 0x00007ffc17157000 	C:\Windows\System32\cryptsp.dll
0x00007ffbede80000 - 0x00007ffbede9a000 	C:\Program Files\Java\jdk1.8.0_241\jre\bin\net.dll
0x00007ffc164e0000 - 0x00007ffc16547000 	C:\Windows\system32\mswsock.dll
0x00007ffbede60000 - 0x00007ffbede72000 	C:\Program Files\Java\jdk1.8.0_241\jre\bin\nio.dll
0x00007ffbeda60000 - 0x00007ffbeda86000 	C:\Users\Dell\.gradle\native\30\windows-amd64\native-platform.dll
0x00007ffbfef90000 - 0x00007ffbfef9d000 	C:\Program Files\Java\jdk1.8.0_241\jre\bin\management.dll
0x00007ffc16060000 - 0x00007ffc16093000 	C:\Windows\system32\rsaenh.dll
0x00007ffc17780000 - 0x00007ffc177a6000 	C:\Windows\System32\bcrypt.dll
0x00007ffc16c00000 - 0x00007ffc16c28000 	C:\Windows\SYSTEM32\USERENV.dll
0x00007ffc166b0000 - 0x00007ffc166bc000 	C:\Windows\SYSTEM32\CRYPTBASE.dll
0x00007ffc16200000 - 0x00007ffc1623d000 	C:\Windows\SYSTEM32\IPHLPAPI.DLL
0x00007ffc18030000 - 0x00007ffc18038000 	C:\Windows\System32\NSI.dll
0x00007ffc0c030000 - 0x00007ffc0c046000 	C:\Windows\SYSTEM32\dhcpcsvc6.DLL
0x00007ffc0c250000 - 0x00007ffc0c26c000 	C:\Windows\SYSTEM32\dhcpcsvc.DLL
0x00007ffc16240000 - 0x00007ffc16307000 	C:\Windows\SYSTEM32\DNSAPI.dll
0x00007ffbd6390000 - 0x00007ffbd652a000 	C:\Program Files\Java\jdk1.8.0_241\jre\bin\awt.dll
0x00007ffc192e0000 - 0x00007ffc193a4000 	C:\Windows\System32\OLEAUT32.dll
0x00007ffc14f40000 - 0x00007ffc14fcc000 	C:\Windows\SYSTEM32\apphelp.dll
0x00007ffc152a0000 - 0x00007ffc1533c000 	C:\Windows\system32\uxtheme.dll
0x00007ffc18dc0000 - 0x00007ffc18f2b000 	C:\Windows\System32\MSCTF.dll
0x00007ffc15580000 - 0x00007ffc155ae000 	C:\Windows\system32\dwmapi.dll
0x00007ffc172d0000 - 0x00007ffc174ac000 	C:\Windows\System32\CRYPT32.dll
0x00007ffc16cd0000 - 0x00007ffc16ce2000 	C:\Windows\System32\MSASN1.dll
0x00007ffc187e0000 - 0x00007ffc18935000 	C:\Windows\System32\ole32.dll
0x00007ffc04680000 - 0x00007ffc0486d000 	C:\Windows\SYSTEM32\dbghelp.dll

VM Arguments:
jvm_args: -XX:MaxMetaspaceSize=256m -XX:+HeapDumpOnOutOfMemoryError -Xms256m -Xmx512m -Dfile.encoding=windows-1252 -Duser.country=US -Duser.language=en -Duser.variant 
java_command: org.gradle.launcher.daemon.bootstrap.GradleDaemon 6.0.1
java_class_path (initial): C:\Users\Dell\.gradle\wrapper\dists\gradle-6.0.1-all\99d3u8wxs16ndehh90lbbir67\gradle-6.0.1\lib\gradle-launcher-6.0.1.jar
Launcher Type: SUN_STANDARD

Environment Variables:
JAVA_HOME=C:\Program Files\Java\jdk1.8.0_241
CLASSPATH=D:\ReactNative\uflix\android\\gradle\wrapper\gradle-wrapper.jar
PATH=D:\ReactNative\uflix\android\node_modules\.bin;D:\ReactNative\uflix\node_modules\.bin;D:\ReactNative\node_modules\.bin;D:\node_modules\.bin;C:\Program Files\nodejs;C:\Python27\;C:\Python27\Scripts;C:\Windows\system32;C:\Windows;C:\Windows\System32\Wbem;C:\Windows\System32\WindowsPowerShell\v1.0\;C:\Windows\System32\OpenSSH\;C:\ProgramData\chocolatey\bin;C:\Program Files\PuTTY\;C:\Program Files\Git\cmd;C:\Program Files (x86)\Yarn\bin\;C:\Program Files\nodejs\;C:\Ruby27-x64\bin;C:\Users\Dell\AppData\Local\Android\Sdk\platform-tools;C:\Program Files\MySQL\MySQL Shell 8.0\bin\;C:\Users\Dell\AppData\Local\Microsoft\WindowsApps;C:\Users\Dell\AppData\Local\Programs\Microsoft VS Code\bin;C:\Program Files\Java\jdk1.8.0_231\bin;C:\Program Files\Java\jdk1.8.0_241\bin;C:\Program Files\heroku\bin;C:\Users\Dell\AppData\Local\Yarn\bin;C:\Users\Dell\AppData\Roaming\npm
USERNAME=Dell
OS=Windows_NT
PROCESSOR_IDENTIFIER=Intel64 Family 6 Model 78 Stepping 3, GenuineIntel



---------------  S Y S T E M  ---------------

OS: Windows 10.0 , 64 bit Build 17763 (10.0.17763.1158)

CPU:total 4 (initial active 4) (2 cores per cpu, 2 threads per core) family 6 model 78 stepping 3, cmov, cx8, fxsr, mmx, sse, sse2, sse3, ssse3, sse4.1, sse4.2, popcnt, avx, avx2, aes, clmul, erms, rtm, 3dnowpref, lzcnt, ht, tsc, tscinvbit, bmi1, bmi2, adx

Memory: 4k page, physical 12275124k(6250184k free), swap 14175668k(7425716k free)

vm_info: Java HotSpot(TM) 64-Bit Server VM (25.241-b07) for windows-amd64 JRE (1.8.0_241-b07), built on Dec 11 2019 10:21:40 by "rejava" with MS VC++ 10.0 (VS2010)

time: Wed Apr 22 23:35:00 2020
timezone: Pakistan Standard Time
elapsed time: 942 seconds (0d 0h 15m 42s)

