#
# A fatal error has been detected by the Java Runtime Environment:
#
#  EXCEPTION_ACCESS_VIOLATION (0xc0000005) at pc=0x0000000000000007, pid=1200, tid=0x0000000000000ef8
#
# JRE version: Java(TM) SE Runtime Environment (8.0_241-b07) (build 1.8.0_241-b07)
# Java VM: Java HotSpot(TM) 64-Bit Server VM (25.241-b07 mixed mode windows-amd64 compressed oops)
# Problematic frame:
# C  0x0000000000000007
#
# Failed to write core dump. Minidumps are not enabled by default on client versions of Windows
#
# If you would like to submit a bug report, please visit:
#   http://bugreport.java.com/bugreport/crash.jsp
#

---------------  T H R E A D  ---------------

Current thread (0x0000000013737800):  JavaThread "C2 CompilerThread0" daemon [_thread_in_native, id=3832, stack(0x0000000014d80000,0x0000000014e80000)]

siginfo: ExceptionCode=0xc0000005, ExceptionInformation=0x0000000000000008 0x0000000000000007

Registers:
RAX=0x0000000000000000, RBX=0x0000000015cd3728, RCX=0x000000000000000d, RDX=0x0000000017482d60
RSP=0x0000000014e7bf90, RBP=0x00000000136f6c20, RSI=0x0000000000000007, RDI=0x00000000163dad30
R8 =0x000000001ab2a7c0, R9 =0xfffffffffb1a8f01, R10=0x0000000014e7c270, R11=0x000000001ab29ff0
R12=0x000000001a5376d0, R13=0x0000000017dad050, R14=0x0000000017dacfc8, R15=0x0000000000000000
RIP=0x0000000000000007, EFLAGS=0x0000000000010206

Top of Stack: (sp=0x0000000014e7bf90)
0x0000000014e7bf90:   0000000015cd3728 00000000136f6c20
0x0000000014e7bfa0:   0000000000000007 00000000605bf836
0x0000000014e7bfb0:   0000000000000030 0000000000000009
0x0000000014e7bfc0:   000000001ca5b960 0000000000007878
0x0000000014e7bfd0:   0000000015cca920 0000000000000009
0x0000000014e7bfe0:   0000000016217ee8 0000000000000080
0x0000000014e7bff0:   0000000000000007 0000000000000000
0x0000000014e7c000:   00000000163dad30 000000006024dcfb
0x0000000014e7c010:   0000000000000000 0000000000000104
0x0000000014e7c020:   0000000014e7e620 0000000000000000
0x0000000014e7c030:   0000000014e7e620 000000001b899de0
0x0000000014e7c040:   00000000136f6c20 0000000014e7c0d8
0x0000000014e7c050:   0000000000000009 00000000605bfdda
0x0000000014e7c060:   0000000014e7c270 0000000014e7c1e0
0x0000000014e7c070:   0000000014e7c0a8 0000000000000009
0x0000000014e7c080:   00000000136f6c20 0000000019ad4940 

Instructions: (pc=0x0000000000000007)
0xffffffffffffffe7:   


Register to memory mapping:

RAX=0x0000000000000000 is an unknown value
RBX=0x0000000015cd3728 is an unknown value
RCX=0x000000000000000d is an unknown value
RDX=0x0000000017482d60 is an unknown value
RSP=0x0000000014e7bf90 is pointing into the stack for thread: 0x0000000013737800
RBP=0x00000000136f6c20 is an unknown value
RSI=0x0000000000000007 is an unknown value
RDI=0x00000000163dad30 is an unknown value
R8 =0x000000001ab2a7c0 is an unknown value
R9 =0xfffffffffb1a8f01 is an unknown value
R10=0x0000000014e7c270 is pointing into the stack for thread: 0x0000000013737800
R11=0x000000001ab29ff0 is an unknown value
R12=0x000000001a5376d0 is an unknown value
R13=0x0000000017dad050 is an unknown value
R14=0x0000000017dacfc8 is an unknown value
R15=0x0000000000000000 is an unknown value


Stack: [0x0000000014d80000,0x0000000014e80000],  sp=0x0000000014e7bf90,  free space=1007k
Native frames: (J=compiled Java code, j=interpreted, Vv=VM code, C=native code)
C  0x0000000000000007


Current CompileTask:
C2:  57766 9156   !   4       java.nio.file.FileTreeWalker::next (144 bytes)


---------------  P R O C E S S  ---------------

Java Threads: ( => current thread )
  0x000000001a0cf800 JavaThread "Cache worker for execution history cache (D:\ReactNative\uflix\android\.gradle\6.0.1\executionHistory)" [_thread_blocked, id=2472, stack(0x00000000217c0000,0x00000000218c0000)]
  0x000000001a0d0000 JavaThread "Execution worker for ':' Thread 3" [_thread_blocked, id=7432, stack(0x00000000216c0000,0x00000000217c0000)]
  0x000000001a0d5800 JavaThread "Execution worker for ':' Thread 2" [_thread_blocked, id=7820, stack(0x00000000215c0000,0x00000000216c0000)]
  0x000000001a0c8000 JavaThread "Execution worker for ':'" [_thread_in_Java, id=8488, stack(0x00000000214c0000,0x00000000215c0000)]
  0x000000001a0ce800 JavaThread "Cache worker for file content cache (D:\ReactNative\uflix\android\.gradle\6.0.1\fileContent)" [_thread_blocked, id=7740, stack(0x00000000211c0000,0x00000000212c0000)]
  0x000000001a0ce000 JavaThread "Cache worker for file content cache (C:\Users\Dell\.gradle\caches\6.0.1\fileContent)" [_thread_blocked, id=2456, stack(0x00000000210c0000,0x00000000211c0000)]
  0x000000001a0c7000 JavaThread "Memory manager" [_thread_blocked, id=8692, stack(0x0000000020bc0000,0x0000000020cc0000)]
  0x000000001a0cc800 JavaThread "Cache worker for Build Output Cleanup Cache (D:\ReactNative\uflix\android\.gradle\buildOutputCleanup)" [_thread_blocked, id=8988, stack(0x000000001f810000,0x000000001f910000)]
  0x000000001a0cb800 JavaThread "Build operations Thread 4" [_thread_blocked, id=3788, stack(0x000000001f110000,0x000000001f210000)]
  0x000000001a0ca000 JavaThread "Build operations Thread 3" [_thread_blocked, id=7824, stack(0x000000001f010000,0x000000001f110000)]
  0x000000001a0cb000 JavaThread "Build operations Thread 2" [_thread_blocked, id=1820, stack(0x000000001ef10000,0x000000001f010000)]
  0x000000001a0c9800 JavaThread "Build operations" [_thread_blocked, id=1844, stack(0x000000001ee10000,0x000000001ef10000)]
  0x000000001a0c8800 JavaThread "File lock release action executor" [_thread_blocked, id=1532, stack(0x000000001eb10000,0x000000001ec10000)]
  0x0000000015c54800 JavaThread "Cache worker for execution history cache (C:\Users\Dell\.gradle\caches\6.0.1\executionHistory)" [_thread_blocked, id=6712, stack(0x000000001d9c0000,0x000000001dac0000)]
  0x0000000015c59800 JavaThread "Cache worker for cache directory md-rule (C:\Users\Dell\.gradle\caches\6.0.1\md-rule)" [_thread_blocked, id=2224, stack(0x000000001d8c0000,0x000000001d9c0000)]
  0x0000000015c57800 JavaThread "Cache worker for cache directory md-supplier (C:\Users\Dell\.gradle\caches\6.0.1\md-supplier)" [_thread_blocked, id=7560, stack(0x000000001d7c0000,0x000000001d8c0000)]
  0x0000000015c53800 JavaThread "Cache worker for file hash cache (D:\ReactNative\uflix\android\.gradle\6.0.1\fileHashes)" [_thread_blocked, id=6868, stack(0x000000001ba00000,0x000000001bb00000)]
  0x0000000015c59000 JavaThread "Cache worker for journal cache (C:\Users\Dell\.gradle\caches\journal-1)" [_thread_blocked, id=5932, stack(0x00000000192a0000,0x00000000193a0000)]
  0x0000000015c5a800 JavaThread "File lock request listener" [_thread_in_native, id=7816, stack(0x00000000191a0000,0x00000000192a0000)]
  0x0000000015c56000 JavaThread "Cache worker for file hash cache (C:\Users\Dell\.gradle\caches\6.0.1\fileHashes)" [_thread_blocked, id=3524, stack(0x00000000190a0000,0x00000000191a0000)]
  0x0000000015b95000 JavaThread "Thread-9" [_thread_blocked, id=3188, stack(0x0000000018fa0000,0x00000000190a0000)]
  0x0000000015bac800 JavaThread "Stdin handler" [_thread_blocked, id=6740, stack(0x0000000018ea0000,0x0000000018fa0000)]
  0x0000000016785800 JavaThread "Asynchronous log dispatcher for DefaultDaemonConnection: socket connection from /127.0.0.1:49806 to /127.0.0.1:49807" [_thread_blocked, id=8060, stack(0x0000000018da0000,0x0000000018ea0000)]
  0x0000000016784800 JavaThread "Daemon worker" [_thread_blocked, id=2128, stack(0x0000000018aa0000,0x0000000018ba0000)]
  0x0000000016783800 JavaThread "Cancel handler" [_thread_blocked, id=8420, stack(0x00000000189a0000,0x0000000018aa0000)]
  0x0000000016782000 JavaThread "Handler for socket connection from /127.0.0.1:49806 to /127.0.0.1:49807" [_thread_in_native, id=4196, stack(0x00000000188a0000,0x00000000189a0000)]
  0x000000001677f800 JavaThread "Daemon" [_thread_blocked, id=8024, stack(0x00000000187a0000,0x00000000188a0000)]
  0x000000001718c800 JavaThread "Daemon periodic checks" [_thread_blocked, id=8120, stack(0x00000000186a0000,0x00000000187a0000)]
  0x0000000016274000 JavaThread "Incoming local TCP Connector on port 49806" [_thread_in_native, id=5480, stack(0x0000000018460000,0x0000000018560000)]
  0x00000000170bc000 JavaThread "Daemon health stats" [_thread_blocked, id=1284, stack(0x0000000017e20000,0x0000000017f20000)]
  0x0000000014f85800 JavaThread "Service Thread" daemon [_thread_blocked, id=7152, stack(0x0000000015480000,0x0000000015580000)]
  0x0000000014f83800 JavaThread "C1 CompilerThread2" daemon [_thread_in_vm, id=4572, stack(0x0000000015380000,0x0000000015480000)]
  0x000000001373c000 JavaThread "C2 CompilerThread1" daemon [_thread_in_native, id=7172, stack(0x0000000014e80000,0x0000000014f80000)]
=>0x0000000013737800 JavaThread "C2 CompilerThread0" daemon [_thread_in_native, id=3832, stack(0x0000000014d80000,0x0000000014e80000)]
  0x0000000013735800 JavaThread "Attach Listener" daemon [_thread_blocked, id=8144, stack(0x0000000014c80000,0x0000000014d80000)]
  0x000000000230e000 JavaThread "Signal Dispatcher" daemon [_thread_blocked, id=5440, stack(0x0000000014b80000,0x0000000014c80000)]
  0x0000000002305000 JavaThread "Finalizer" daemon [_thread_blocked, id=3860, stack(0x0000000014980000,0x0000000014a80000)]
  0x0000000002301800 JavaThread "Reference Handler" daemon [_thread_blocked, id=3564, stack(0x0000000014880000,0x0000000014980000)]
  0x000000000209e800 JavaThread "main" [_thread_blocked, id=2968, stack(0x0000000002110000,0x0000000002210000)]

Other Threads:
  0x00000000136f7800 VMThread [stack: 0x0000000014780000,0x0000000014880000] [id=368]
  0x0000000014f87000 WatcherThread [stack: 0x0000000015580000,0x0000000015680000] [id=4832]

VM state:not at safepoint (normal execution)

VM Mutex/Monitor currently owned by a thread:  ([mutex/lock_event])
[0x000000000209cfc0] CodeCache_lock - owner thread: 0x0000000014f83800
[0x0000000002210450] Compile_lock - owner thread: 0x0000000000000000

heap address: 0x00000000e0000000, size: 512 MB, Compressed Oops mode: 32-bit
Narrow klass base: 0x0000000000000000, Narrow klass shift: 3
Compressed class space size: 1073741824 Address: 0x0000000100000000

Heap:
 PSYoungGen      total 151040K, used 94366K [0x00000000f5580000, 0x0000000100000000, 0x0000000100000000)
  eden space 127488K, 55% used [0x00000000f5580000,0x00000000f9aab470,0x00000000fd200000)
  from space 23552K, 99% used [0x00000000fd200000,0x00000000fe8fc4d0,0x00000000fe900000)
  to   space 23552K, 0% used [0x00000000fe900000,0x00000000fe900000,0x0000000100000000)
 ParOldGen       total 240128K, used 45644K [0x00000000e0000000, 0x00000000eea80000, 0x00000000f5580000)
  object space 240128K, 19% used [0x00000000e0000000,0x00000000e2c93208,0x00000000eea80000)
 Metaspace       used 66254K, capacity 69506K, committed 69760K, reserved 1110016K
  class space    used 9255K, capacity 10006K, committed 10112K, reserved 1048576K

Card table byte_map: [0x00000000116d0000,0x00000000117e0000] byte_map_base: 0x0000000010fd0000

Marking Bits: (ParMarkBitMap*) 0x000000006098be30
 Begin Bits: [0x0000000011c90000, 0x0000000012490000)
 End Bits:   [0x0000000012490000, 0x0000000012c90000)

Polling page: 0x00000000001f0000

CodeCache: size=245760Kb used=26188Kb max_used=26309Kb free=219571Kb
 bounds [0x0000000002310000, 0x0000000003ce0000, 0x0000000011310000]
 total_blobs=9307 nmethods=8496 adapters=720
 compilation: enabled

Compilation events (10 events):
Event: 57.722 Thread 0x0000000014f83800 nmethod 9576 0x00000000037e5cd0 code [0x00000000037e5e20, 0x00000000037e5f70]
Event: 57.724 Thread 0x000000001373c000 9577       4       java.io.File::isInvalid (47 bytes)
Event: 57.728 Thread 0x0000000014f83800 9578       3       java.util.concurrent.atomic.AtomicReference::<init> (10 bytes)
Event: 57.728 Thread 0x0000000014f83800 nmethod 9578 0x0000000003ccb810 code [0x0000000003ccb960, 0x0000000003ccbb30]
Event: 57.728 Thread 0x000000001373c000 nmethod 9577 0x0000000003cce150 code [0x0000000003cce2a0, 0x0000000003cce438]
Event: 57.729 Thread 0x000000001373c000 9579   !   4       com.esotericsoftware.kryo.io.Output::flush (57 bytes)
Event: 57.730 Thread 0x000000001373c000 nmethod 9579 0x000000000388f6d0 code [0x000000000388f820, 0x000000000388f8f8]
Event: 57.737 Thread 0x0000000014f83800 9580       3       com.google.common.collect.RegularImmutableSortedSet::iterator (8 bytes)
Event: 57.737 Thread 0x0000000014f83800 nmethod 9580 0x0000000003cca290 code [0x0000000003cca400, 0x0000000003cca7c8]
Event: 57.739 Thread 0x000000001373c000 9581       4       com.google.common.base.Preconditions::checkNotNull (14 bytes)

GC Heap History (10 events):
Event: 47.561 GC heap before
{Heap before GC invocations=10 (full 2):
 PSYoungGen      total 108544K, used 106337K [0x00000000f5580000, 0x0000000100000000, 0x0000000100000000)
  eden space 94208K, 100% used [0x00000000f5580000,0x00000000fb180000,0x00000000fb180000)
  from space 14336K, 84% used [0x00000000fb180000,0x00000000fbd586e0,0x00000000fbf80000)
  to   space 14848K, 0% used [0x00000000ff180000,0x00000000ff180000,0x0000000100000000)
 ParOldGen       total 175104K, used 17841K [0x00000000e0000000, 0x00000000eab00000, 0x00000000f5580000)
  object space 175104K, 10% used [0x00000000e0000000,0x00000000e116c688,0x00000000eab00000)
 Metaspace       used 47783K, capacity 49306K, committed 49536K, reserved 1091584K
  class space    used 6605K, capacity 7024K, committed 7040K, reserved 1048576K
Event: 47.586 GC heap after
Heap after GC invocations=10 (full 2):
 PSYoungGen      total 155648K, used 14846K [0x00000000f5580000, 0x0000000100000000, 0x0000000100000000)
  eden space 140800K, 0% used [0x00000000f5580000,0x00000000f5580000,0x00000000fdf00000)
  from space 14848K, 99% used [0x00000000ff180000,0x00000000fffff910,0x0000000100000000)
  to   space 16896K, 0% used [0x00000000fdf00000,0x00000000fdf00000,0x00000000fef80000)
 ParOldGen       total 175104K, used 18935K [0x00000000e0000000, 0x00000000eab00000, 0x00000000f5580000)
  object space 175104K, 10% used [0x00000000e0000000,0x00000000e127de80,0x00000000eab00000)
 Metaspace       used 47783K, capacity 49306K, committed 49536K, reserved 1091584K
  class space    used 6605K, capacity 7024K, committed 7040K, reserved 1048576K
}
Event: 51.078 GC heap before
{Heap before GC invocations=11 (full 2):
 PSYoungGen      total 155648K, used 152173K [0x00000000f5580000, 0x0000000100000000, 0x0000000100000000)
  eden space 140800K, 97% used [0x00000000f5580000,0x00000000fdb9bd78,0x00000000fdf00000)
  from space 14848K, 99% used [0x00000000ff180000,0x00000000fffff910,0x0000000100000000)
  to   space 16896K, 0% used [0x00000000fdf00000,0x00000000fdf00000,0x00000000fef80000)
 ParOldGen       total 175104K, used 18935K [0x00000000e0000000, 0x00000000eab00000, 0x00000000f5580000)
  object space 175104K, 10% used [0x00000000e0000000,0x00000000e127de80,0x00000000eab00000)
 Metaspace       used 56787K, capacity 59088K, committed 59160K, reserved 1099776K
  class space    used 7926K, capacity 8534K, committed 8576K, reserved 1048576K
Event: 51.141 GC heap after
Heap after GC invocations=11 (full 2):
 PSYoungGen      total 157696K, used 16866K [0x00000000f5580000, 0x0000000100000000, 0x0000000100000000)
  eden space 140800K, 0% used [0x00000000f5580000,0x00000000f5580000,0x00000000fdf00000)
  from space 16896K, 99% used [0x00000000fdf00000,0x00000000fef78a78,0x00000000fef80000)
  to   space 16896K, 0% used [0x00000000fef80000,0x00000000fef80000,0x0000000100000000)
 ParOldGen       total 175104K, used 30568K [0x00000000e0000000, 0x00000000eab00000, 0x00000000f5580000)
  object space 175104K, 17% used [0x00000000e0000000,0x00000000e1dda3a8,0x00000000eab00000)
 Metaspace       used 56787K, capacity 59088K, committed 59160K, reserved 1099776K
  class space    used 7926K, capacity 8534K, committed 8576K, reserved 1048576K
}
Event: 51.141 GC heap before
{Heap before GC invocations=12 (full 3):
 PSYoungGen      total 157696K, used 16866K [0x00000000f5580000, 0x0000000100000000, 0x0000000100000000)
  eden space 140800K, 0% used [0x00000000f5580000,0x00000000f5580000,0x00000000fdf00000)
  from space 16896K, 99% used [0x00000000fdf00000,0x00000000fef78a78,0x00000000fef80000)
  to   space 16896K, 0% used [0x00000000fef80000,0x00000000fef80000,0x0000000100000000)
 ParOldGen       total 175104K, used 30568K [0x00000000e0000000, 0x00000000eab00000, 0x00000000f5580000)
  object space 175104K, 17% used [0x00000000e0000000,0x00000000e1dda3a8,0x00000000eab00000)
 Metaspace       used 56787K, capacity 59088K, committed 59160K, reserved 1099776K
  class space    used 7926K, capacity 8534K, committed 8576K, reserved 1048576K
Event: 51.521 GC heap after
Heap after GC invocations=12 (full 3):
 PSYoungGen      total 157696K, used 0K [0x00000000f5580000, 0x0000000100000000, 0x0000000100000000)
  eden space 140800K, 0% used [0x00000000f5580000,0x00000000f5580000,0x00000000fdf00000)
  from space 16896K, 0% used [0x00000000fdf00000,0x00000000fdf00000,0x00000000fef80000)
  to   space 16896K, 0% used [0x00000000fef80000,0x00000000fef80000,0x0000000100000000)
 ParOldGen       total 240128K, used 42781K [0x00000000e0000000, 0x00000000eea80000, 0x00000000f5580000)
  object space 240128K, 17% used [0x00000000e0000000,0x00000000e29c77f8,0x00000000eea80000)
 Metaspace       used 56784K, capacity 59076K, committed 59160K, reserved 1099776K
  class space    used 7925K, capacity 8532K, committed 8576K, reserved 1048576K
}
Event: 53.611 GC heap before
{Heap before GC invocations=13 (full 3):
 PSYoungGen      total 157696K, used 140800K [0x00000000f5580000, 0x0000000100000000, 0x0000000100000000)
  eden space 140800K, 100% used [0x00000000f5580000,0x00000000fdf00000,0x00000000fdf00000)
  from space 16896K, 0% used [0x00000000fdf00000,0x00000000fdf00000,0x00000000fef80000)
  to   space 16896K, 0% used [0x00000000fef80000,0x00000000fef80000,0x0000000100000000)
 ParOldGen       total 240128K, used 42781K [0x00000000e0000000, 0x00000000eea80000, 0x00000000f5580000)
  object space 240128K, 17% used [0x00000000e0000000,0x00000000e29c77f8,0x00000000eea80000)
 Metaspace       used 62474K, capacity 65158K, committed 65280K, reserved 1105920K
  class space    used 8770K, capacity 9410K, committed 9472K, reserved 1048576K
Event: 53.644 GC heap after
Heap after GC invocations=13 (full 3):
 PSYoungGen      total 144384K, used 14848K [0x00000000f5580000, 0x0000000100000000, 0x0000000100000000)
  eden space 127488K, 0% used [0x00000000f5580000,0x00000000f5580000,0x00000000fd200000)
  from space 16896K, 87% used [0x00000000fef80000,0x00000000ffe00038,0x0000000100000000)
  to   space 23552K, 0% used [0x00000000fd200000,0x00000000fd200000,0x00000000fe900000)
 ParOldGen       total 240128K, used 42781K [0x00000000e0000000, 0x00000000eea80000, 0x00000000f5580000)
  object space 240128K, 17% used [0x00000000e0000000,0x00000000e29c77f8,0x00000000eea80000)
 Metaspace       used 62474K, capacity 65158K, committed 65280K, reserved 1105920K
  class space    used 8770K, capacity 9410K, committed 9472K, reserved 1048576K
}
Event: 56.294 GC heap before
{Heap before GC invocations=14 (full 3):
 PSYoungGen      total 144384K, used 142336K [0x00000000f5580000, 0x0000000100000000, 0x0000000100000000)
  eden space 127488K, 100% used [0x00000000f5580000,0x00000000fd200000,0x00000000fd200000)
  from space 16896K, 87% used [0x00000000fef80000,0x00000000ffe00038,0x0000000100000000)
  to   space 23552K, 0% used [0x00000000fd200000,0x00000000fd200000,0x00000000fe900000)
 ParOldGen       total 240128K, used 42781K [0x00000000e0000000, 0x00000000eea80000, 0x00000000f5580000)
  object space 240128K, 17% used [0x00000000e0000000,0x00000000e29c77f8,0x00000000eea80000)
 Metaspace       used 65288K, capacity 68498K, committed 68608K, reserved 1107968K
  class space    used 9125K, capacity 9892K, committed 9984K, reserved 1048576K
Event: 56.343 GC heap after
Heap after GC invocations=14 (full 3):
 PSYoungGen      total 151040K, used 23537K [0x00000000f5580000, 0x0000000100000000, 0x0000000100000000)
  eden space 127488K, 0% used [0x00000000f5580000,0x00000000f5580000,0x00000000fd200000)
  from space 23552K, 99% used [0x00000000fd200000,0x00000000fe8fc4d0,0x00000000fe900000)
  to   space 23552K, 0% used [0x00000000fe900000,0x00000000fe900000,0x0000000100000000)
 ParOldGen       total 240128K, used 45644K [0x00000000e0000000, 0x00000000eea80000, 0x00000000f5580000)
  object space 240128K, 19% used [0x00000000e0000000,0x00000000e2c93208,0x00000000eea80000)
 Metaspace       used 65288K, capacity 68498K, committed 68608K, reserved 1107968K
  class space    used 9125K, capacity 9892K, committed 9984K, reserved 1048576K
}

Deoptimization events (10 events):
Event: 57.121 Thread 0x000000001a0d5800 Uncommon trap: reason=bimorphic action=maybe_recompile pc=0x00000000031e7148 method=com.google.common.collect.NaturalOrdering.compare(Ljava/lang/Comparable;Ljava/lang/Comparable;)I @ 12
Event: 57.121 Thread 0x000000001a0d5800 Uncommon trap: reason=bimorphic action=maybe_recompile pc=0x00000000031e7148 method=com.google.common.collect.NaturalOrdering.compare(Ljava/lang/Comparable;Ljava/lang/Comparable;)I @ 12
Event: 57.121 Thread 0x000000001a0d5800 Uncommon trap: reason=bimorphic action=maybe_recompile pc=0x00000000031e7148 method=com.google.common.collect.NaturalOrdering.compare(Ljava/lang/Comparable;Ljava/lang/Comparable;)I @ 12
Event: 57.121 Thread 0x000000001a0d5800 Uncommon trap: reason=bimorphic action=maybe_recompile pc=0x00000000031e7148 method=com.google.common.collect.NaturalOrdering.compare(Ljava/lang/Comparable;Ljava/lang/Comparable;)I @ 12
Event: 57.150 Thread 0x000000001a0cc800 Uncommon trap: reason=unstable_if action=reinterpret pc=0x0000000002bd7fc8 method=org.gradle.cache.internal.btree.BlockPointer.isNull()Z @ 6
Event: 57.554 Thread 0x000000001a0d5800 Uncommon trap: reason=unstable_if action=reinterpret pc=0x0000000003484b94 method=org.gradle.internal.time.MonotonicClock.advance(J)J @ 25
Event: 57.555 Thread 0x000000001a0c8000 Uncommon trap: reason=unstable_if action=reinterpret pc=0x0000000002953cf4 method=java.util.concurrent.ConcurrentLinkedQueue.offer(Ljava/lang/Object;)Z @ 72
Event: 57.563 Thread 0x0000000015c59000 Uncommon trap: reason=unstable_if action=reinterpret pc=0x00000000032c1138 method=java.math.BigInteger.makePositive([B)[I @ 33
Event: 57.714 Thread 0x000000001a0cb800 Uncommon trap: reason=null_check action=make_not_entrant pc=0x0000000003c45228 method=sun.nio.fs.NativeBuffers.getNativeBufferFromCache(I)Lsun/nio/fs/NativeBuffer; @ 6
Event: 57.714 Thread 0x000000001a0cb800 Uncommon trap: reason=null_check action=make_not_entrant pc=0x0000000002965798 method=sun.nio.fs.NativeBuffers.getNativeBufferFromCache(I)Lsun/nio/fs/NativeBuffer; @ 6

Classes redefined (0 events):
No events

Internal exceptions (10 events):
Event: 53.230 Thread 0x0000000016784800 Exception <a 'java/lang/ClassNotFoundException': build_6j39b6giget6ltio584uu7scl$_run_closure1Customizer> (0x00000000fc7bda78) thrown at [C:\ade\jenkins\workspace\8-2-build-windows-amd64-cygwin\jdk8u241\331\hotspot\src\share\vm\classfile\systemDictionary.
Event: 53.542 Thread 0x0000000016784800 Implicit null exception at 0x0000000002b04822 to 0x0000000002b04d61
Event: 53.568 Thread 0x0000000016784800 Implicit null exception at 0x0000000002556a16 to 0x0000000002556da9
Event: 56.547 Thread 0x000000001a0d5800 Exception <a 'java/lang/ClassNotFoundException': groovy/util/FileTreeBuilderBeanInfo> (0x00000000f5e52898) thrown at [C:\ade\jenkins\workspace\8-2-build-windows-amd64-cygwin\jdk8u241\331\hotspot\src\share\vm\classfile\systemDictionary.cpp, line 210]
Event: 56.548 Thread 0x000000001a0d5800 Exception <a 'java/lang/ClassNotFoundException': groovy/util/FileTreeBuilderCustomizer> (0x00000000f5e78e20) thrown at [C:\ade\jenkins\workspace\8-2-build-windows-amd64-cygwin\jdk8u241\331\hotspot\src\share\vm\classfile\systemDictionary.cpp, line 210]
Event: 56.553 Thread 0x000000001a0d5800 Exception <a 'java/lang/ClassNotFoundException': java/io/BufferedWriterBeanInfo> (0x00000000f5ec3d88) thrown at [C:\ade\jenkins\workspace\8-2-build-windows-amd64-cygwin\jdk8u241\331\hotspot\src\share\vm\classfile\systemDictionary.cpp, line 210]
Event: 56.553 Thread 0x000000001a0d5800 Exception <a 'java/lang/ClassNotFoundException': java/io/WriterBeanInfo> (0x00000000f5ec88b8) thrown at [C:\ade\jenkins\workspace\8-2-build-windows-amd64-cygwin\jdk8u241\331\hotspot\src\share\vm\classfile\systemDictionary.cpp, line 210]
Event: 56.554 Thread 0x000000001a0d5800 Exception <a 'java/lang/ClassNotFoundException': java/io/WriterCustomizer> (0x00000000f5ecd498) thrown at [C:\ade\jenkins\workspace\8-2-build-windows-amd64-cygwin\jdk8u241\331\hotspot\src\share\vm\classfile\systemDictionary.cpp, line 210]
Event: 56.554 Thread 0x000000001a0d5800 Exception <a 'java/lang/ClassNotFoundException': java/io/BufferedWriterCustomizer> (0x00000000f5ed9b88) thrown at [C:\ade\jenkins\workspace\8-2-build-windows-amd64-cygwin\jdk8u241\331\hotspot\src\share\vm\classfile\systemDictionary.cpp, line 210]
Event: 57.714 Thread 0x000000001a0cb800 Implicit null exception at 0x0000000002965349 to 0x0000000002965788

Events (10 events):
Event: 57.734 loading class com/google/common/base/Joiner done
Event: 57.734 loading class com/google/common/collect/Iterables$5
Event: 57.734 loading class com/google/common/collect/Iterables$5 done
Event: 57.735 loading class com/google/common/collect/Iterators$6
Event: 57.735 loading class com/google/common/collect/Iterators$6 done
Event: 57.736 loading class com/google/common/collect/TransformedIterator
Event: 57.736 loading class com/google/common/collect/TransformedIterator done
Event: 57.738 Thread 0x0000000014f83800 flushing nmethod 0x000000000245f150
Event: 57.738 Thread 0x0000000014f83800 flushing nmethod 0x0000000002480010
Event: 57.738 Thread 0x0000000014f83800 flushing nmethod 0x00000000024ccf90


Dynamic libraries:
0x00007ff775900000 - 0x00007ff775937000 	C:\Program Files\Java\jdk1.8.0_241\bin\java.exe
0x00007ffc1ace0000 - 0x00007ffc1aecd000 	C:\Windows\SYSTEM32\ntdll.dll
0x00007ffc194a0000 - 0x00007ffc19553000 	C:\Windows\System32\KERNEL32.DLL
0x00007ffc16ea0000 - 0x00007ffc17135000 	C:\Windows\System32\KERNELBASE.dll
0x00007ffc186b0000 - 0x00007ffc18753000 	C:\Windows\System32\ADVAPI32.dll
0x00007ffc1ab30000 - 0x00007ffc1abce000 	C:\Windows\System32\msvcrt.dll
0x00007ffc18940000 - 0x00007ffc189de000 	C:\Windows\System32\sechost.dll
0x00007ffc17f00000 - 0x00007ffc18022000 	C:\Windows\System32\RPCRT4.dll
0x00007ffc189e0000 - 0x00007ffc18b77000 	C:\Windows\System32\USER32.dll
0x00007ffc17260000 - 0x00007ffc17280000 	C:\Windows\System32\win32u.dll
0x00007ffc193b0000 - 0x00007ffc193d9000 	C:\Windows\System32\GDI32.dll
0x00007ffc17560000 - 0x00007ffc176f9000 	C:\Windows\System32\gdi32full.dll
0x00007ffc17160000 - 0x00007ffc17200000 	C:\Windows\System32\msvcp_win.dll
0x00007ffc16da0000 - 0x00007ffc16e9a000 	C:\Windows\System32\ucrtbase.dll
0x00007ffc079f0000 - 0x00007ffc07c69000 	C:\Windows\WinSxS\amd64_microsoft.windows.common-controls_6595b64144ccf1df_6.0.17763.1158_none_de722d88534a897f\COMCTL32.dll
0x00007ffc18fa0000 - 0x00007ffc192cc000 	C:\Windows\System32\combase.dll
0x00007ffc17700000 - 0x00007ffc1777e000 	C:\Windows\System32\bcryptPrimitives.dll
0x00007ffc18be0000 - 0x00007ffc18c0e000 	C:\Windows\System32\IMM32.DLL
0x0000000060a10000 - 0x0000000060ae2000 	C:\Program Files\Java\jdk1.8.0_241\jre\bin\msvcr100.dll
0x0000000060160000 - 0x0000000060a0c000 	C:\Program Files\Java\jdk1.8.0_241\jre\bin\server\jvm.dll
0x00007ffc18570000 - 0x00007ffc18578000 	C:\Windows\System32\PSAPI.DLL
0x00007ffc131c0000 - 0x00007ffc131c9000 	C:\Windows\SYSTEM32\WSOCK32.dll
0x00007ffc18f30000 - 0x00007ffc18f9d000 	C:\Windows\System32\WS2_32.dll
0x00007ffc136e0000 - 0x00007ffc13704000 	C:\Windows\SYSTEM32\WINMM.dll
0x00007ffc07d70000 - 0x00007ffc07d7a000 	C:\Windows\SYSTEM32\VERSION.dll
0x00007ffc136b0000 - 0x00007ffc136dd000 	C:\Windows\SYSTEM32\WINMMBASE.dll
0x00007ffc17280000 - 0x00007ffc172ca000 	C:\Windows\System32\cfgmgr32.dll
0x00007ffc10da0000 - 0x00007ffc10daf000 	C:\Program Files\Java\jdk1.8.0_241\jre\bin\verify.dll
0x00007ffbedec0000 - 0x00007ffbedee9000 	C:\Program Files\Java\jdk1.8.0_241\jre\bin\java.dll
0x00007ffbedea0000 - 0x00007ffbedeb6000 	C:\Program Files\Java\jdk1.8.0_241\jre\bin\zip.dll
0x00007ffc19560000 - 0x00007ffc1aa54000 	C:\Windows\System32\SHELL32.dll
0x00007ffc1aa60000 - 0x00007ffc1ab08000 	C:\Windows\System32\shcore.dll
0x00007ffc177b0000 - 0x00007ffc17efd000 	C:\Windows\System32\windows.storage.dll
0x00007ffc16cf0000 - 0x00007ffc16d14000 	C:\Windows\System32\profapi.dll
0x00007ffc16d40000 - 0x00007ffc16d9d000 	C:\Windows\System32\powrprof.dll
0x00007ffc193e0000 - 0x00007ffc19432000 	C:\Windows\System32\shlwapi.dll
0x00007ffc16d20000 - 0x00007ffc16d31000 	C:\Windows\System32\kernel.appcore.dll
0x00007ffc17140000 - 0x00007ffc17157000 	C:\Windows\System32\cryptsp.dll
0x00007ffbede80000 - 0x00007ffbede9a000 	C:\Program Files\Java\jdk1.8.0_241\jre\bin\net.dll
0x00007ffc164e0000 - 0x00007ffc16547000 	C:\Windows\system32\mswsock.dll
0x00007ffbede60000 - 0x00007ffbede72000 	C:\Program Files\Java\jdk1.8.0_241\jre\bin\nio.dll
0x00007ffbeda60000 - 0x00007ffbeda86000 	C:\Users\Dell\.gradle\native\30\windows-amd64\native-platform.dll
0x00007ffbfef90000 - 0x00007ffbfef9d000 	C:\Program Files\Java\jdk1.8.0_241\jre\bin\management.dll
0x00007ffc16060000 - 0x00007ffc16093000 	C:\Windows\system32\rsaenh.dll
0x00007ffc17780000 - 0x00007ffc177a6000 	C:\Windows\System32\bcrypt.dll
0x00007ffc16c00000 - 0x00007ffc16c28000 	C:\Windows\SYSTEM32\USERENV.dll
0x00007ffc166b0000 - 0x00007ffc166bc000 	C:\Windows\SYSTEM32\CRYPTBASE.dll
0x00007ffc16200000 - 0x00007ffc1623d000 	C:\Windows\SYSTEM32\IPHLPAPI.DLL
0x00007ffc18030000 - 0x00007ffc18038000 	C:\Windows\System32\NSI.dll
0x00007ffc0c030000 - 0x00007ffc0c046000 	C:\Windows\SYSTEM32\dhcpcsvc6.DLL
0x00007ffc0c250000 - 0x00007ffc0c26c000 	C:\Windows\SYSTEM32\dhcpcsvc.DLL
0x00007ffc16240000 - 0x00007ffc16307000 	C:\Windows\SYSTEM32\DNSAPI.dll
0x00007ffc04680000 - 0x00007ffc0486d000 	C:\Windows\SYSTEM32\dbghelp.dll

VM Arguments:
jvm_args: -XX:MaxMetaspaceSize=256m -XX:+HeapDumpOnOutOfMemoryError -Xms256m -Xmx512m -Dfile.encoding=windows-1252 -Duser.country=US -Duser.language=en -Duser.variant 
java_command: org.gradle.launcher.daemon.bootstrap.GradleDaemon 6.0.1
java_class_path (initial): C:\Users\Dell\.gradle\wrapper\dists\gradle-6.0.1-all\99d3u8wxs16ndehh90lbbir67\gradle-6.0.1\lib\gradle-launcher-6.0.1.jar
Launcher Type: SUN_STANDARD

Environment Variables:
JAVA_HOME=C:\Program Files\Java\jdk1.8.0_241
CLASSPATH=D:\ReactNative\uflix\android\\gradle\wrapper\gradle-wrapper.jar
PATH=D:\ReactNative\uflix\android\node_modules\.bin;D:\ReactNative\uflix\node_modules\.bin;D:\ReactNative\node_modules\.bin;D:\node_modules\.bin;C:\Program Files\nodejs;C:\Python27\;C:\Python27\Scripts;C:\Windows\system32;C:\Windows;C:\Windows\System32\Wbem;C:\Windows\System32\WindowsPowerShell\v1.0\;C:\Windows\System32\OpenSSH\;C:\ProgramData\chocolatey\bin;C:\Program Files\PuTTY\;C:\Program Files\Git\cmd;C:\Program Files (x86)\Yarn\bin\;C:\Program Files\nodejs\;C:\Ruby27-x64\bin;C:\Users\Dell\AppData\Local\Android\Sdk\platform-tools;C:\Program Files\MySQL\MySQL Shell 8.0\bin\;C:\Users\Dell\AppData\Local\Microsoft\WindowsApps;C:\Users\Dell\AppData\Local\Programs\Microsoft VS Code\bin;C:\Program Files\Java\jdk1.8.0_231\bin;C:\Program Files\Java\jdk1.8.0_241\bin;C:\Program Files\heroku\bin;C:\Users\Dell\AppData\Local\Yarn\bin;C:\Users\Dell\AppData\Roaming\npm
USERNAME=Dell
OS=Windows_NT
PROCESSOR_IDENTIFIER=Intel64 Family 6 Model 78 Stepping 3, GenuineIntel



---------------  S Y S T E M  ---------------

OS: Windows 10.0 , 64 bit Build 17763 (10.0.17763.1158)

CPU:total 4 (initial active 4) (2 cores per cpu, 2 threads per core) family 6 model 78 stepping 3, cmov, cx8, fxsr, mmx, sse, sse2, sse3, ssse3, sse4.1, sse4.2, popcnt, avx, avx2, aes, clmul, erms, rtm, 3dnowpref, lzcnt, ht, tsc, tscinvbit, bmi1, bmi2, adx

Memory: 4k page, physical 12275124k(7593452k free), swap 14175668k(8721516k free)

vm_info: Java HotSpot(TM) 64-Bit Server VM (25.241-b07) for windows-amd64 JRE (1.8.0_241-b07), built on Dec 11 2019 10:21:40 by "rejava" with MS VC++ 10.0 (VS2010)

time: Wed Apr 22 23:17:32 2020
timezone: Pakistan Standard Time
elapsed time: 57 seconds (0d 0h 0m 57s)

