#
# A fatal error has been detected by the Java Runtime Environment:
#
#  Internal Error (node.cpp:2145), pid=4036, tid=0x000000000000045c
#  Error: ShouldNotReachHere()
#
# JRE version: Java(TM) SE Runtime Environment (8.0_241-b07) (build 1.8.0_241-b07)
# Java VM: Java HotSpot(TM) 64-Bit Server VM (25.241-b07 mixed mode windows-amd64 compressed oops)
# Failed to write core dump. Minidumps are not enabled by default on client versions of Windows
#
# If you would like to submit a bug report, please visit:
#   http://bugreport.java.com/bugreport/crash.jsp
#

---------------  T H R E A D  ---------------

Current thread (0x0000000014232800):  JavaThread "C2 CompilerThread0" daemon [_thread_in_native, id=1116, stack(0x0000000015880000,0x0000000015980000)]

Stack: [0x0000000015880000,0x0000000015980000]
[error occurred during error reporting (printing stack bounds), id 0xc0000005]

Native frames: (J=compiled Java code, j=interpreted, Vv=VM code, C=native code)


Current CompileTask:
C2:  91096 23351       4       com.android.tools.r8.ir.regalloc.LinearScanRegisterAllocator::a (3743 bytes)


---------------  P R O C E S S  ---------------

Java Threads: ( => current thread )
  0x000000001d430800 JavaThread "WorkerExecutor Queue Thread 5" [_thread_blocked, id=6148, stack(0x0000000025a80000,0x0000000025b80000)]
  0x000000001d428000 JavaThread "stdout" [_thread_in_native, id=7140, stack(0x0000000025980000,0x0000000025a80000)]
  0x000000001d42c000 JavaThread "stderr" [_thread_in_native, id=11400, stack(0x0000000025880000,0x0000000025980000)]
  0x000000001d42c800 JavaThread "stdout" [_thread_in_native, id=5392, stack(0x0000000025780000,0x0000000025880000)]
  0x000000001d42a800 JavaThread "stderr" [_thread_in_native, id=1580, stack(0x0000000025680000,0x0000000025780000)]
  0x000000001d42e000 JavaThread "stdout" [_thread_in_native, id=9228, stack(0x0000000025580000,0x0000000025680000)]
  0x000000001d427800 JavaThread "stderr" [_thread_in_native, id=9340, stack(0x0000000025480000,0x0000000025580000)]
  0x000000001d42d800 JavaThread "stdout" [_thread_in_native, id=1120, stack(0x0000000025380000,0x0000000025480000)]
  0x000000001d429000 JavaThread "stderr" [_thread_in_native, id=1512, stack(0x0000000025280000,0x0000000025380000)]
  0x000000001d429800 JavaThread "pool-2-thread-1" [_thread_blocked, id=2176, stack(0x0000000025180000,0x0000000025280000)]
  0x0000000017de6800 JavaThread "Cache worker for Java compile cache (D:\ReactNative\uflix\android\.gradle\6.0.1\javaCompile)" [_thread_blocked, id=7196, stack(0x0000000024880000,0x0000000024980000)]
  0x00000000173af000 JavaThread "Cache worker for Java compile cache (C:\Users\Dell\.gradle\caches\6.0.1\javaCompile)" [_thread_blocked, id=4492, stack(0x00000000236c0000,0x00000000237c0000)]
  0x00000000173b5000 JavaThread "WorkerExecutor Queue Thread 4" [_thread_blocked, id=2920, stack(0x00000000235c0000,0x00000000236c0000)]
  0x00000000173b3800 JavaThread "WorkerExecutor Queue Thread 3" [_thread_blocked, id=2472, stack(0x00000000232c0000,0x00000000233c0000)]
  0x00000000173b0800 JavaThread "WorkerExecutor Queue" [_thread_blocked, id=9184, stack(0x00000000230c0000,0x00000000231c0000)]
  0x00000000173af800 JavaThread "Cache worker for execution history cache (D:\ReactNative\uflix\android\.gradle\6.0.1\executionHistory)" [_thread_blocked, id=11848, stack(0x0000000022dc0000,0x0000000022ec0000)]
  0x00000000173b1000 JavaThread "Execution worker for ':' Thread 3" [_thread_in_Java, id=11412, stack(0x00000000228c0000,0x00000000229c0000)]
  0x00000000173b4800 JavaThread "Execution worker for ':' Thread 2" [_thread_in_Java, id=9760, stack(0x00000000227c0000,0x00000000228c0000)]
  0x00000000173a7800 JavaThread "Execution worker for ':'" [_thread_in_vm, id=1428, stack(0x00000000226c0000,0x00000000227c0000)]
  0x00000000173a6800 JavaThread "Cache worker for file content cache (D:\ReactNative\uflix\android\.gradle\6.0.1\fileContent)" [_thread_blocked, id=10004, stack(0x0000000021ec0000,0x0000000021fc0000)]
  0x00000000173ab000 JavaThread "Cache worker for file content cache (C:\Users\Dell\.gradle\caches\6.0.1\fileContent)" [_thread_blocked, id=4020, stack(0x0000000021550000,0x0000000021650000)]
  0x00000000173ad800 JavaThread "Memory manager" [_thread_blocked, id=9232, stack(0x0000000021250000,0x0000000021350000)]
  0x00000000173a6000 JavaThread "Cache worker for Build Output Cleanup Cache (D:\ReactNative\uflix\android\.gradle\buildOutputCleanup)" [_thread_blocked, id=10336, stack(0x000000001fff0000,0x00000000200f0000)]
  0x00000000173a9800 JavaThread "Build operations Thread 4" [_thread_blocked, id=11360, stack(0x000000001faf0000,0x000000001fbf0000)]
  0x00000000173ac800 JavaThread "Build operations Thread 3" [_thread_blocked, id=5936, stack(0x000000001f9f0000,0x000000001faf0000)]
  0x00000000173ac000 JavaThread "Build operations Thread 2" [_thread_blocked, id=11168, stack(0x000000001f8f0000,0x000000001f9f0000)]
  0x00000000173a9000 JavaThread "Build operations" [_thread_blocked, id=284, stack(0x000000001e780000,0x000000001e880000)]
  0x0000000017dea000 JavaThread "Cache worker for execution history cache (C:\Users\Dell\.gradle\caches\6.0.1\executionHistory)" [_thread_blocked, id=8744, stack(0x000000001e480000,0x000000001e580000)]
  0x0000000017de4800 JavaThread "Cache worker for cache directory md-rule (C:\Users\Dell\.gradle\caches\6.0.1\md-rule)" [_thread_blocked, id=11652, stack(0x000000001e150000,0x000000001e250000)]
  0x0000000017de3800 JavaThread "Cache worker for cache directory md-supplier (C:\Users\Dell\.gradle\caches\6.0.1\md-supplier)" [_thread_blocked, id=4964, stack(0x000000001c700000,0x000000001c800000)]
  0x0000000017de6000 JavaThread "Cache worker for file hash cache (D:\ReactNative\uflix\android\.gradle\6.0.1\fileHashes)" [_thread_blocked, id=11576, stack(0x000000001c3e0000,0x000000001c4e0000)]
  0x0000000017dea800 JavaThread "Cache worker for journal cache (C:\Users\Dell\.gradle\caches\journal-1)" [_thread_blocked, id=4900, stack(0x0000000019da0000,0x0000000019ea0000)]
  0x0000000017de5000 JavaThread "File lock request listener" [_thread_in_native, id=10888, stack(0x0000000019ca0000,0x0000000019da0000)]
  0x0000000017de7800 JavaThread "Cache worker for file hash cache (C:\Users\Dell\.gradle\caches\6.0.1\fileHashes)" [_thread_blocked, id=11040, stack(0x0000000019ba0000,0x0000000019ca0000)]
  0x0000000017d08800 JavaThread "Thread-9" [_thread_blocked, id=4108, stack(0x0000000019aa0000,0x0000000019ba0000)]
  0x0000000017d03800 JavaThread "Stdin handler" [_thread_blocked, id=5988, stack(0x00000000199a0000,0x0000000019aa0000)]
  0x0000000017d02800 JavaThread "Asynchronous log dispatcher for DefaultDaemonConnection: socket connection from /127.0.0.1:57426 to /127.0.0.1:57427" [_thread_blocked, id=10132, stack(0x00000000198a0000,0x00000000199a0000)]
  0x0000000017cc2000 JavaThread "Daemon worker" [_thread_in_Java, id=10116, stack(0x00000000195a0000,0x00000000196a0000)]
  0x0000000017cc1800 JavaThread "Cancel handler" [_thread_blocked, id=11208, stack(0x00000000194a0000,0x00000000195a0000)]
  0x0000000017cb7000 JavaThread "Handler for socket connection from /127.0.0.1:57426 to /127.0.0.1:57427" [_thread_in_native, id=6480, stack(0x00000000193a0000,0x00000000194a0000)]
  0x0000000017cb4800 JavaThread "Daemon" [_thread_blocked, id=7696, stack(0x00000000192a0000,0x00000000193a0000)]
  0x0000000017c65800 JavaThread "Daemon periodic checks" [_thread_blocked, id=5244, stack(0x00000000191a0000,0x00000000192a0000)]
  0x0000000017c5b800 JavaThread "Incoming local TCP Connector on port 57426" [_thread_in_native, id=10312, stack(0x0000000018f60000,0x0000000019060000)]
  0x0000000017c1b000 JavaThread "Daemon health stats" [_thread_blocked, id=11772, stack(0x0000000018920000,0x0000000018a20000)]
  0x000000001427d800 JavaThread "Service Thread" daemon [_thread_blocked, id=11864, stack(0x0000000015f80000,0x0000000016080000)]
  0x0000000014246800 JavaThread "C1 CompilerThread2" daemon [_thread_blocked, id=5328, stack(0x0000000015a80000,0x0000000015b80000)]
  0x0000000014235000 JavaThread "C2 CompilerThread1" daemon [_thread_in_native, id=1328, stack(0x0000000015980000,0x0000000015a80000)]
=>0x0000000014232800 JavaThread "C2 CompilerThread0" daemon [_thread_in_native, id=1116, stack(0x0000000015880000,0x0000000015980000)]
  0x0000000014230800 JavaThread "Attach Listener" daemon [_thread_blocked, id=1244, stack(0x0000000015780000,0x0000000015880000)]
  0x000000001422d800 JavaThread "Signal Dispatcher" daemon [_thread_blocked, id=1888, stack(0x0000000015680000,0x0000000015780000)]
  0x0000000002dfe000 JavaThread "Finalizer" daemon [_thread_blocked, id=4552, stack(0x0000000015480000,0x0000000015580000)]
  0x000000001420a000 JavaThread "Reference Handler" daemon [_thread_blocked, id=6948, stack(0x0000000015380000,0x0000000015480000)]
  0x0000000002d04000 JavaThread "main" [_thread_blocked, id=10760, stack(0x0000000002c00000,0x0000000002d00000)]

Other Threads:
  0x00000000141e8000 VMThread [stack: 0x0000000015280000,0x0000000015380000] [id=10060]
  0x0000000015bf0800 WatcherThread [stack: 0x0000000016080000,0x0000000016180000] [id=9200]

VM state:not at safepoint (normal execution)

VM Mutex/Monitor currently owned by a thread: None

heap address: 0x00000000e0000000, size: 512 MB, Compressed Oops mode: 32-bit
Narrow klass base: 0x0000000000000000, Narrow klass shift: 3
Compressed class space size: 1073741824 Address: 0x0000000100000000

Heap:
 PSYoungGen      total 149504K, used 26157K [0x00000000f5580000, 0x00000000ffd00000, 0x0000000100000000)
  eden space 129024K, 18% used [0x00000000f5580000,0x00000000f6c53618,0x00000000fd380000)
  from space 20480K, 13% used [0x00000000fd380000,0x00000000fd638000,0x00000000fe780000)
  to   space 19456K, 0% used [0x00000000fea00000,0x00000000fea00000,0x00000000ffd00000)
 ParOldGen       total 349696K, used 212231K [0x00000000e0000000, 0x00000000f5580000, 0x00000000f5580000)
  object space 349696K, 60% used [0x00000000e0000000,0x00000000ecf41e88,0x00000000f5580000)
 Metaspace       used 97918K, capacity 102624K, committed 102912K, reserved 1138688K
  class space    used 12759K, capacity 13773K, committed 13824K, reserved 1048576K

Card table byte_map: [0x00000000121c0000,0x00000000122d0000] byte_map_base: 0x0000000011ac0000

Marking Bits: (ParMarkBitMap*) 0x0000000059f7be30
 Begin Bits: [0x0000000012780000, 0x0000000012f80000)
 End Bits:   [0x0000000012f80000, 0x0000000013780000)

Polling page: 0x0000000000e60000

CodeCache: size=245760Kb used=68486Kb max_used=68792Kb free=177273Kb
 bounds [0x0000000002e00000, 0x0000000007240000, 0x0000000011e00000]
 total_blobs=19649 nmethods=18731 adapters=827
 compilation: enabled

Compilation events (10 events):
Event: 90.760 Thread 0x0000000014246800 23392       2       java.util.HashMap$TreeNode::treeify (221 bytes)
Event: 90.761 Thread 0x0000000014246800 nmethod 23392 0x0000000003182750 code [0x0000000003182900, 0x0000000003182e68]
Event: 90.796 Thread 0x0000000014232800 nmethod 23211% 0x0000000007225590 code [0x00000000072260a0, 0x000000000722f8c8]
Event: 90.797 Thread 0x0000000014232800 23147       4       com.android.tools.r8.ir.conversion.N::d (289 bytes)
Event: 90.971 Thread 0x0000000014232800 nmethod 23147 0x0000000006259810 code [0x0000000006259b00, 0x000000000625c050]
Event: 90.972 Thread 0x0000000014232800 23351       4       com.android.tools.r8.ir.regalloc.LinearScanRegisterAllocator::a (3743 bytes)
Event: 90.992 Thread 0x0000000014246800 23397 %     3       com.android.tools.r8.ir.regalloc.LinearScanRegisterAllocator::g @ 11 (67 bytes)
Event: 90.993 Thread 0x0000000014246800 nmethod 23397% 0x0000000005b77890 code [0x0000000005b77b40, 0x0000000005b78d88]
Event: 91.076 Thread 0x0000000014246800 23398       3       com.android.tools.r8.ir.regalloc.LinearScanRegisterAllocator::g (67 bytes)
Event: 91.078 Thread 0x0000000014246800 nmethod 23398 0x000000000689e890 code [0x000000000689eb40, 0x000000000689fcd8]

GC Heap History (10 events):
Event: 87.827 GC heap before
{Heap before GC invocations=69 (full 4):
 PSYoungGen      total 143872K, used 120991K [0x00000000f5580000, 0x00000000ffb00000, 0x0000000100000000)
  eden space 117248K, 100% used [0x00000000f5580000,0x00000000fc800000,0x00000000fc800000)
  from space 26624K, 14% used [0x00000000fe100000,0x00000000fe4a7fd0,0x00000000ffb00000)
  to   space 25600K, 0% used [0x00000000fc800000,0x00000000fc800000,0x00000000fe100000)
 ParOldGen       total 349696K, used 198788K [0x00000000e0000000, 0x00000000f5580000, 0x00000000f5580000)
  object space 349696K, 56% used [0x00000000e0000000,0x00000000ec2213a8,0x00000000f5580000)
 Metaspace       used 97796K, capacity 102508K, committed 102656K, reserved 1138688K
  class space    used 12736K, capacity 13737K, committed 13824K, reserved 1048576K
Event: 87.858 GC heap after
Heap after GC invocations=69 (full 4):
 PSYoungGen      total 142848K, used 1808K [0x00000000f5580000, 0x00000000ffd00000, 0x0000000100000000)
  eden space 117248K, 0% used [0x00000000f5580000,0x00000000f5580000,0x00000000fc800000)
  from space 25600K, 7% used [0x00000000fc800000,0x00000000fc9c4010,0x00000000fe100000)
  to   space 24576K, 0% used [0x00000000fe500000,0x00000000fe500000,0x00000000ffd00000)
 ParOldGen       total 349696K, used 201585K [0x00000000e0000000, 0x00000000f5580000, 0x00000000f5580000)
  object space 349696K, 57% used [0x00000000e0000000,0x00000000ec4dc4a8,0x00000000f5580000)
 Metaspace       used 97796K, capacity 102508K, committed 102656K, reserved 1138688K
  class space    used 12736K, capacity 13737K, committed 13824K, reserved 1048576K
}
Event: 88.569 GC heap before
{Heap before GC invocations=70 (full 4):
 PSYoungGen      total 142848K, used 119056K [0x00000000f5580000, 0x00000000ffd00000, 0x0000000100000000)
  eden space 117248K, 100% used [0x00000000f5580000,0x00000000fc800000,0x00000000fc800000)
  from space 25600K, 7% used [0x00000000fc800000,0x00000000fc9c4010,0x00000000fe100000)
  to   space 24576K, 0% used [0x00000000fe500000,0x00000000fe500000,0x00000000ffd00000)
 ParOldGen       total 349696K, used 201585K [0x00000000e0000000, 0x00000000f5580000, 0x00000000f5580000)
  object space 349696K, 57% used [0x00000000e0000000,0x00000000ec4dc4a8,0x00000000f5580000)
 Metaspace       used 97803K, capacity 102520K, committed 102656K, reserved 1138688K
  class space    used 12737K, capacity 13739K, committed 13824K, reserved 1048576K
Event: 88.584 GC heap after
Heap after GC invocations=70 (full 4):
 PSYoungGen      total 147456K, used 3985K [0x00000000f5580000, 0x00000000ffc00000, 0x0000000100000000)
  eden space 123904K, 0% used [0x00000000f5580000,0x00000000f5580000,0x00000000fce80000)
  from space 23552K, 16% used [0x00000000fe500000,0x00000000fe8e4708,0x00000000ffc00000)
  to   space 23040K, 0% used [0x00000000fce80000,0x00000000fce80000,0x00000000fe500000)
 ParOldGen       total 349696K, used 203270K [0x00000000e0000000, 0x00000000f5580000, 0x00000000f5580000)
  object space 349696K, 58% used [0x00000000e0000000,0x00000000ec681bf8,0x00000000f5580000)
 Metaspace       used 97803K, capacity 102520K, committed 102656K, reserved 1138688K
  class space    used 12737K, capacity 13739K, committed 13824K, reserved 1048576K
}
Event: 89.597 GC heap before
{Heap before GC invocations=71 (full 4):
 PSYoungGen      total 147456K, used 127889K [0x00000000f5580000, 0x00000000ffc00000, 0x0000000100000000)
  eden space 123904K, 100% used [0x00000000f5580000,0x00000000fce80000,0x00000000fce80000)
  from space 23552K, 16% used [0x00000000fe500000,0x00000000fe8e4708,0x00000000ffc00000)
  to   space 23040K, 0% used [0x00000000fce80000,0x00000000fce80000,0x00000000fe500000)
 ParOldGen       total 349696K, used 203270K [0x00000000e0000000, 0x00000000f5580000, 0x00000000f5580000)
  object space 349696K, 58% used [0x00000000e0000000,0x00000000ec681bf8,0x00000000f5580000)
 Metaspace       used 97811K, capacity 102520K, committed 102656K, reserved 1138688K
  class space    used 12737K, capacity 13739K, committed 13824K, reserved 1048576K
Event: 89.624 GC heap after
Heap after GC invocations=71 (full 4):
 PSYoungGen      total 146944K, used 2944K [0x00000000f5580000, 0x00000000ffc80000, 0x0000000100000000)
  eden space 123904K, 0% used [0x00000000f5580000,0x00000000f5580000,0x00000000fce80000)
  from space 23040K, 12% used [0x00000000fce80000,0x00000000fd160020,0x00000000fe500000)
  to   space 21504K, 0% used [0x00000000fe780000,0x00000000fe780000,0x00000000ffc80000)
 ParOldGen       total 349696K, used 206400K [0x00000000e0000000, 0x00000000f5580000, 0x00000000f5580000)
  object space 349696K, 59% used [0x00000000e0000000,0x00000000ec9903c0,0x00000000f5580000)
 Metaspace       used 97811K, capacity 102520K, committed 102656K, reserved 1138688K
  class space    used 12737K, capacity 13739K, committed 13824K, reserved 1048576K
}
Event: 90.422 GC heap before
{Heap before GC invocations=72 (full 4):
 PSYoungGen      total 146944K, used 126848K [0x00000000f5580000, 0x00000000ffc80000, 0x0000000100000000)
  eden space 123904K, 100% used [0x00000000f5580000,0x00000000fce80000,0x00000000fce80000)
  from space 23040K, 12% used [0x00000000fce80000,0x00000000fd160020,0x00000000fe500000)
  to   space 21504K, 0% used [0x00000000fe780000,0x00000000fe780000,0x00000000ffc80000)
 ParOldGen       total 349696K, used 206400K [0x00000000e0000000, 0x00000000f5580000, 0x00000000f5580000)
  object space 349696K, 59% used [0x00000000e0000000,0x00000000ec9903c0,0x00000000f5580000)
 Metaspace       used 97915K, capacity 102622K, committed 102912K, reserved 1138688K
  class space    used 12758K, capacity 13772K, committed 13824K, reserved 1048576K
Event: 90.451 GC heap after
Heap after GC invocations=72 (full 4):
 PSYoungGen      total 150528K, used 3484K [0x00000000f5580000, 0x00000000ffc80000, 0x0000000100000000)
  eden space 129024K, 0% used [0x00000000f5580000,0x00000000f5580000,0x00000000fd380000)
  from space 21504K, 16% used [0x00000000fe780000,0x00000000feae7038,0x00000000ffc80000)
  to   space 20480K, 0% used [0x00000000fd380000,0x00000000fd380000,0x00000000fe780000)
 ParOldGen       total 349696K, used 209119K [0x00000000e0000000, 0x00000000f5580000, 0x00000000f5580000)
  object space 349696K, 59% used [0x00000000e0000000,0x00000000ecc37fa8,0x00000000f5580000)
 Metaspace       used 97915K, capacity 102622K, committed 102912K, reserved 1138688K
  class space    used 12758K, capacity 13772K, committed 13824K, reserved 1048576K
}
Event: 91.024 GC heap before
{Heap before GC invocations=73 (full 4):
 PSYoungGen      total 150528K, used 132508K [0x00000000f5580000, 0x00000000ffc80000, 0x0000000100000000)
  eden space 129024K, 100% used [0x00000000f5580000,0x00000000fd380000,0x00000000fd380000)
  from space 21504K, 16% used [0x00000000fe780000,0x00000000feae7038,0x00000000ffc80000)
  to   space 20480K, 0% used [0x00000000fd380000,0x00000000fd380000,0x00000000fe780000)
 ParOldGen       total 349696K, used 209119K [0x00000000e0000000, 0x00000000f5580000, 0x00000000f5580000)
  object space 349696K, 59% used [0x00000000e0000000,0x00000000ecc37fa8,0x00000000f5580000)
 Metaspace       used 97917K, capacity 102622K, committed 102912K, reserved 1138688K
  class space    used 12758K, capacity 13772K, committed 13824K, reserved 1048576K
Event: 91.041 GC heap after
Heap after GC invocations=73 (full 4):
 PSYoungGen      total 149504K, used 2784K [0x00000000f5580000, 0x00000000ffd00000, 0x0000000100000000)
  eden space 129024K, 0% used [0x00000000f5580000,0x00000000f5580000,0x00000000fd380000)
  from space 20480K, 13% used [0x00000000fd380000,0x00000000fd638000,0x00000000fe780000)
  to   space 19456K, 0% used [0x00000000fea00000,0x00000000fea00000,0x00000000ffd00000)
 ParOldGen       total 349696K, used 212231K [0x00000000e0000000, 0x00000000f5580000, 0x00000000f5580000)
  object space 349696K, 60% used [0x00000000e0000000,0x00000000ecf41e88,0x00000000f5580000)
 Metaspace       used 97917K, capacity 102622K, committed 102912K, reserved 1138688K
  class space    used 12758K, capacity 13772K, committed 13824K, reserved 1048576K
}

Deoptimization events (10 events):
Event: 80.961 Thread 0x00000000173b1000 Uncommon trap: reason=class_check action=maybe_recompile pc=0x000000000512a938 method=com.android.tools.r8.ir.analysis.g.e.b(Lcom/android/tools/r8/ir/code/Instruction;)V @ 139
Event: 82.409 Thread 0x0000000017cc2000 Uncommon trap: reason=unstable_if action=reinterpret pc=0x0000000006fbc604 method=com.android.tools.r8.ir.optimize.CodeRewriter.e(Lcom/android/tools/r8/ir/code/Instruction;)Z @ 27
Event: 82.479 Thread 0x00000000173a7800 Uncommon trap: reason=unstable_if action=reinterpret pc=0x0000000006a65b8c method=com.android.tools.r8.ir.conversion.V.a(Lcom/android/tools/r8/t/a/a/B;Lcom/android/tools/r8/t/a/a/B;)Z @ 211
Event: 82.479 Thread 0x00000000173a7800 Uncommon trap: reason=unstable_if action=reinterpret pc=0x0000000006f8347c method=com.android.tools.r8.ir.conversion.N.b(Lcom/android/tools/r8/ir/conversion/IRBuilder;)V @ 2282
Event: 83.226 Thread 0x00000000173b1000 Uncommon trap: reason=unstable_if action=reinterpret pc=0x0000000006fb73c8 method=com.android.tools.r8.t.a.a.f.<init>([BIZ)V @ 354
Event: 84.046 Thread 0x00000000173a7800 Uncommon trap: reason=unstable_if action=reinterpret pc=0x000000000708c088 method=com.android.tools.r8.ir.code.Value.a(Lcom/android/tools/r8/graph/AppView;Lcom/android/tools/r8/ir/code/IRCode;Ljava/util/function/Predicate;Ljava/util/Set;)Z @ 144
Event: 84.153 Thread 0x00000000173b4800 Uncommon trap: reason=unstable_if action=reinterpret pc=0x0000000005ebb3b0 method=java.util.concurrent.ConcurrentHashMap.computeIfAbsent(Ljava/lang/Object;Ljava/util/function/Function;)Ljava/lang/Object; @ 281
Event: 84.411 Thread 0x00000000173b1000 Uncommon trap: reason=unstable_if action=reinterpret pc=0x000000000719c49c method=com.android.tools.r8.graph.DexDebugEventBuilder.a(IILcom/android/tools/r8/ir/code/Instruction;)V @ 862
Event: 88.612 Thread 0x00000000173a7800 Uncommon trap: reason=unstable_if action=reinterpret pc=0x000000000703db04 method=com.android.tools.r8.ir.regalloc.LiveIntervals.getSplitCovering(I)Lcom/android/tools/r8/ir/regalloc/LiveIntervals; @ 132
Event: 90.412 Thread 0x00000000173b1000 Uncommon trap: reason=unstable_if action=reinterpret pc=0x0000000005fd7ee4 method=com.google.common.base.Objects.equal(Ljava/lang/Object;Ljava/lang/Object;)Z @ 6

Classes redefined (0 events):
No events

Internal exceptions (10 events):
Event: 77.670 Thread 0x00000000173a7800 Exception <a 'sun/nio/fs/WindowsException'> (0x00000000f5e7f368) thrown at [C:\ade\jenkins\workspace\8-2-build-windows-amd64-cygwin\jdk8u241\331\hotspot\src\share\vm\prims\jni.cpp, line 710]
Event: 81.903 Thread 0x0000000017cc2000 Exception <a 'sun/nio/fs/WindowsException'> (0x00000000f982ce10) thrown at [C:\ade\jenkins\workspace\8-2-build-windows-amd64-cygwin\jdk8u241\331\hotspot\src\share\vm\prims\jni.cpp, line 710]
Event: 82.138 Thread 0x0000000017cc2000 Exception <a 'sun/nio/fs/WindowsException'> (0x00000000f7750e68) thrown at [C:\ade\jenkins\workspace\8-2-build-windows-amd64-cygwin\jdk8u241\331\hotspot\src\share\vm\prims\jni.cpp, line 710]
Event: 83.665 Thread 0x0000000017cc2000 Exception <a 'sun/nio/fs/WindowsException'> (0x00000000f97c6cf0) thrown at [C:\ade\jenkins\workspace\8-2-build-windows-amd64-cygwin\jdk8u241\331\hotspot\src\share\vm\prims\jni.cpp, line 710]
Event: 83.847 Thread 0x0000000017cc2000 Exception <a 'sun/nio/fs/WindowsException'> (0x00000000f6280430) thrown at [C:\ade\jenkins\workspace\8-2-build-windows-amd64-cygwin\jdk8u241\331\hotspot\src\share\vm\prims\jni.cpp, line 710]
Event: 84.724 Thread 0x0000000017cc2000 Exception <a 'sun/nio/fs/WindowsException'> (0x00000000fa3237c8) thrown at [C:\ade\jenkins\workspace\8-2-build-windows-amd64-cygwin\jdk8u241\331\hotspot\src\share\vm\prims\jni.cpp, line 710]
Event: 84.856 Thread 0x0000000017cc2000 Exception <a 'sun/nio/fs/WindowsException'> (0x00000000f69ee280) thrown at [C:\ade\jenkins\workspace\8-2-build-windows-amd64-cygwin\jdk8u241\331\hotspot\src\share\vm\prims\jni.cpp, line 710]
Event: 86.057 Thread 0x0000000017cc2000 Exception <a 'sun/nio/fs/WindowsException'> (0x00000000f76eb998) thrown at [C:\ade\jenkins\workspace\8-2-build-windows-amd64-cygwin\jdk8u241\331\hotspot\src\share\vm\prims\jni.cpp, line 710]
Event: 86.179 Thread 0x0000000017cc2000 Exception <a 'sun/nio/fs/WindowsException'> (0x00000000fa23f320) thrown at [C:\ade\jenkins\workspace\8-2-build-windows-amd64-cygwin\jdk8u241\331\hotspot\src\share\vm\prims\jni.cpp, line 710]
Event: 90.412 Thread 0x00000000173b1000 Implicit null exception at 0x0000000005fd77e5 to 0x0000000005fd7ed1

Events (10 events):
Event: 91.047 Thread 0x00000000173a7800 DEOPT PACKING pc=0x0000000003399b22 sp=0x00000000227b9c50
Event: 91.047 Thread 0x00000000173a7800 DEOPT UNPACKING pc=0x0000000002e47890 sp=0x00000000227b9a28 mode 0
Event: 91.056 Thread 0x00000000173b1000 DEOPT PACKING pc=0x0000000006c6787b sp=0x00000000229ba430
Event: 91.056 Thread 0x00000000173b1000 DEOPT UNPACKING pc=0x0000000002e47890 sp=0x00000000229ba2f0 mode 0
Event: 91.059 Thread 0x00000000173b1000 DEOPT PACKING pc=0x000000000670698a sp=0x00000000229ba280
Event: 91.059 Thread 0x00000000173b1000 DEOPT UNPACKING pc=0x0000000002e47890 sp=0x00000000229ba2e8 mode 0
Event: 91.061 Thread 0x0000000017cc2000 DEOPT PACKING pc=0x0000000006173570 sp=0x0000000019697c00
Event: 91.061 Thread 0x0000000017cc2000 DEOPT UNPACKING pc=0x0000000002e47890 sp=0x0000000019697ab0 mode 0
Event: 91.078 Thread 0x00000000173b4800 DEOPT PACKING pc=0x0000000003ad81fc sp=0x00000000228b94f0
Event: 91.078 Thread 0x00000000173b4800 DEOPT UNPACKING pc=0x0000000002e47890 sp=0x00000000228b92a8 mode 0


Dynamic libraries:
0x00007ff647160000 - 0x00007ff647197000 	C:\Program Files\Java\jdk1.8.0_241\bin\java.exe
0x00007fff654d0000 - 0x00007fff656bd000 	C:\Windows\SYSTEM32\ntdll.dll
0x00007fff630a0000 - 0x00007fff63153000 	C:\Windows\System32\KERNEL32.DLL
0x00007fff62340000 - 0x00007fff625d5000 	C:\Windows\System32\KERNELBASE.dll
0x00007fff63790000 - 0x00007fff63833000 	C:\Windows\System32\ADVAPI32.dll
0x00007fff64fb0000 - 0x00007fff6504e000 	C:\Windows\System32\msvcrt.dll
0x00007fff65060000 - 0x00007fff650fe000 	C:\Windows\System32\sechost.dll
0x00007fff635f0000 - 0x00007fff63712000 	C:\Windows\System32\RPCRT4.dll
0x00007fff62990000 - 0x00007fff62b27000 	C:\Windows\System32\USER32.dll
0x00007fff61ef0000 - 0x00007fff61f10000 	C:\Windows\System32\win32u.dll
0x00007fff64f20000 - 0x00007fff64f49000 	C:\Windows\System32\GDI32.dll
0x00007fff61f10000 - 0x00007fff620a9000 	C:\Windows\System32\gdi32full.dll
0x00007fff62650000 - 0x00007fff626f0000 	C:\Windows\System32\msvcp_win.dll
0x00007fff620b0000 - 0x00007fff621aa000 	C:\Windows\System32\ucrtbase.dll
0x00007fff521b0000 - 0x00007fff52429000 	C:\Windows\WinSxS\amd64_microsoft.windows.common-controls_6595b64144ccf1df_6.0.17763.1158_none_de722d88534a897f\COMCTL32.dll
0x00007fff632c0000 - 0x00007fff635ec000 	C:\Windows\System32\combase.dll
0x00007fff621b0000 - 0x00007fff6222e000 	C:\Windows\System32\bcryptPrimitives.dll
0x00007fff62bd0000 - 0x00007fff62bfe000 	C:\Windows\System32\IMM32.DLL
0x000000005a000000 - 0x000000005a0d2000 	C:\Program Files\Java\jdk1.8.0_241\jre\bin\msvcr100.dll
0x0000000059750000 - 0x0000000059ffc000 	C:\Program Files\Java\jdk1.8.0_241\jre\bin\server\jvm.dll
0x00007fff62c00000 - 0x00007fff62c08000 	C:\Windows\System32\PSAPI.DLL
0x00007fff4c510000 - 0x00007fff4c519000 	C:\Windows\SYSTEM32\WSOCK32.dll
0x00007fff5ded0000 - 0x00007fff5def4000 	C:\Windows\SYSTEM32\WINMM.dll
0x00007fff63720000 - 0x00007fff6378d000 	C:\Windows\System32\WS2_32.dll
0x00007fff52490000 - 0x00007fff5249a000 	C:\Windows\SYSTEM32\VERSION.dll
0x00007fff5dea0000 - 0x00007fff5decd000 	C:\Windows\SYSTEM32\WINMMBASE.dll
0x00007fff62600000 - 0x00007fff6264a000 	C:\Windows\System32\cfgmgr32.dll
0x00007fff4a7c0000 - 0x00007fff4a7cf000 	C:\Program Files\Java\jdk1.8.0_241\jre\bin\verify.dll
0x00007fff3b790000 - 0x00007fff3b7b9000 	C:\Program Files\Java\jdk1.8.0_241\jre\bin\java.dll
0x00007fff38680000 - 0x00007fff38696000 	C:\Program Files\Java\jdk1.8.0_241\jre\bin\zip.dll
0x00007fff63970000 - 0x00007fff64e64000 	C:\Windows\System32\SHELL32.dll
0x00007fff628e0000 - 0x00007fff62988000 	C:\Windows\System32\shcore.dll
0x00007fff61590000 - 0x00007fff61cdd000 	C:\Windows\System32\windows.storage.dll
0x00007fff61540000 - 0x00007fff61564000 	C:\Windows\System32\profapi.dll
0x00007fff614e0000 - 0x00007fff6153d000 	C:\Windows\System32\powrprof.dll
0x00007fff62880000 - 0x00007fff628d2000 	C:\Windows\System32\shlwapi.dll
0x00007fff614c0000 - 0x00007fff614d1000 	C:\Windows\System32\kernel.appcore.dll
0x00007fff625e0000 - 0x00007fff625f7000 	C:\Windows\System32\cryptsp.dll
0x00007fff38090000 - 0x00007fff380aa000 	C:\Program Files\Java\jdk1.8.0_241\jre\bin\net.dll
0x00007fff60cd0000 - 0x00007fff60d37000 	C:\Windows\system32\mswsock.dll
0x00007fff36ba0000 - 0x00007fff36bb2000 	C:\Program Files\Java\jdk1.8.0_241\jre\bin\nio.dll
0x00007fff36080000 - 0x00007fff360a6000 	C:\Users\Dell\.gradle\native\30\windows-amd64\native-platform.dll
0x00007fff458c0000 - 0x00007fff458cd000 	C:\Program Files\Java\jdk1.8.0_241\jre\bin\management.dll
0x00007fff60850000 - 0x00007fff60883000 	C:\Windows\system32\rsaenh.dll
0x00007fff61ec0000 - 0x00007fff61ee6000 	C:\Windows\System32\bcrypt.dll
0x00007fff613c0000 - 0x00007fff613e8000 	C:\Windows\SYSTEM32\USERENV.dll
0x00007fff60ea0000 - 0x00007fff60eac000 	C:\Windows\SYSTEM32\CRYPTBASE.dll
0x00007fff609f0000 - 0x00007fff60a2d000 	C:\Windows\SYSTEM32\IPHLPAPI.DLL
0x00007fff65050000 - 0x00007fff65058000 	C:\Windows\System32\NSI.dll
0x00007fff56b70000 - 0x00007fff56b86000 	C:\Windows\SYSTEM32\dhcpcsvc6.DLL
0x00007fff56c80000 - 0x00007fff56c9c000 	C:\Windows\SYSTEM32\dhcpcsvc.DLL
0x00007fff60a30000 - 0x00007fff60af7000 	C:\Windows\SYSTEM32\DNSAPI.dll
0x00007fff33920000 - 0x00007fff33944000 	C:\Program Files\Java\jdk1.8.0_241\jre\bin\sunec.dll
0x00007fff55740000 - 0x00007fff5574a000 	C:\Windows\System32\rasadhlp.dll
0x00007fff55e00000 - 0x00007fff55e79000 	C:\Windows\System32\fwpuclnt.dll
0x00007fff45610000 - 0x00007fff4561b000 	C:\Program Files\Java\jdk1.8.0_241\jre\bin\sunmscapi.dll
0x00007fff61ce0000 - 0x00007fff61ebc000 	C:\Windows\System32\CRYPT32.dll
0x00007fff61570000 - 0x00007fff61582000 	C:\Windows\System32\MSASN1.dll

VM Arguments:
jvm_args: -XX:MaxMetaspaceSize=256m -XX:+HeapDumpOnOutOfMemoryError -Xms256m -Xmx512m -Dfile.encoding=windows-1252 -Duser.country=US -Duser.language=en -Duser.variant 
java_command: org.gradle.launcher.daemon.bootstrap.GradleDaemon 6.0.1
java_class_path (initial): C:\Users\Dell\.gradle\wrapper\dists\gradle-6.0.1-all\99d3u8wxs16ndehh90lbbir67\gradle-6.0.1\lib\gradle-launcher-6.0.1.jar
Launcher Type: SUN_STANDARD

Environment Variables:
JAVA_HOME=C:\Program Files\Java\jdk1.8.0_241
CLASSPATH=D:\ReactNative\uflix\android\\gradle\wrapper\gradle-wrapper.jar
PATH=D:\ReactNative\uflix\android\node_modules\.bin;D:\ReactNative\uflix\node_modules\.bin;D:\ReactNative\node_modules\.bin;D:\node_modules\.bin;C:\Program Files\nodejs;C:\Program Files\nodejs\node_modules\npm\node_modules\npm-lifecycle\node-gyp-bin;D:\ReactNative\uflix\node_modules\.bin;C:\Python27\;C:\Python27\Scripts;C:\Windows\system32;C:\Windows;C:\Windows\System32\Wbem;C:\Windows\System32\WindowsPowerShell\v1.0\;C:\Windows\System32\OpenSSH\;C:\ProgramData\chocolatey\bin;C:\Program Files\PuTTY\;C:\Program Files\Git\cmd;C:\Program Files (x86)\Yarn\bin\;C:\Program Files\nodejs\;C:\Ruby27-x64\bin;C:\Users\Dell\AppData\Local\Android\Sdk\platform-tools;C:\Program Files\MySQL\MySQL Shell 8.0\bin\;C:\Users\Dell\AppData\Local\Microsoft\WindowsApps;C:\Users\Dell\AppData\Local\Programs\Microsoft VS Code\bin;C:\Program Files\Java\jdk1.8.0_231\bin;C:\Program Files\Java\jdk1.8.0_241\bin;C:\Program Files\heroku\bin;C:\Users\Dell\AppData\Local\Yarn\bin;C:\Users\Dell\AppData\Roaming\npm
USERNAME=Dell
OS=Windows_NT
PROCESSOR_IDENTIFIER=Intel64 Family 6 Model 78 Stepping 3, GenuineIntel



---------------  S Y S T E M  ---------------

OS: Windows 10.0 , 64 bit Build 17763 (10.0.17763.1158)

CPU:total 4 (initial active 4) (2 cores per cpu, 2 threads per core) family 6 model 78 stepping 3, cmov, cx8, fxsr, mmx, sse, sse2, sse3, ssse3, sse4.1, sse4.2, popcnt, avx, avx2, aes, clmul, erms, rtm, 3dnowpref, lzcnt, ht, tsc, tscinvbit, bmi1, bmi2, adx

Memory: 4k page, physical 12275124k(2984136k free), swap 14175668k(3267380k free)

vm_info: Java HotSpot(TM) 64-Bit Server VM (25.241-b07) for windows-amd64 JRE (1.8.0_241-b07), built on Dec 11 2019 10:21:40 by "rejava" with MS VC++ 10.0 (VS2010)

time: Mon Apr 20 05:50:05 2020
timezone: Pakistan Standard Time
elapsed time: 91 seconds (0d 0h 1m 31s)

